\BOOKMARK [1][-]{section.1}{\376\377\0001\000.\000\040\137\025\212\000\377\032\142\021\116\354\116\072\116\300\116\110\211\201\133\146\116\140\145\271\135\356\122\006\147\220\377\037}{}% 1
\BOOKMARK [1][-]{section.2}{\376\377\0002\000.\000\040\000\247\0008\000.\0001\000\040\123\125\126\340\133\120\145\271\135\356\122\006\147\220\000\040\000\050\000O\000n\000e\000-\000W\000a\000y\000\040\000A\000N\000O\000V\000A\000\051}{}% 2
\BOOKMARK [2][-]{subsection.2.1}{\376\377\0002\000.\0001\000.\000\040\0008\000.\0001\000.\0001\000\040\150\070\137\303\225\356\230\230\116\016\121\163\225\056\171\072\117\213}{section.2}% 3
\BOOKMARK [2][-]{subsection.2.2}{\376\377\0002\000.\0002\000.\000\040\0008\000.\0001\000.\0002\000\040\123\125\126\340\133\120\145\271\135\356\122\006\147\220\166\204\176\337\213\241\152\041\127\213}{section.2}% 4
\BOOKMARK [2][-]{subsection.2.3}{\376\377\0002\000.\0003\000.\000\040\0008\000.\0001\000.\0003\000\040\140\035\140\363\150\070\137\303\377\032\136\163\145\271\124\214\122\006\211\343\000\040\000\050\000S\000u\000m\000\040\000o\000f\000\040\000S\000q\000u\000a\000r\000e\000s\000\040\000D\000e\000c\000o\000m\000p\000o\000s\000i\000t\000i\000o\000n\000\051}{section.2}% 5
\BOOKMARK [2][-]{subsection.2.4}{\376\377\0002\000.\0004\000.\000\040\145\271\135\356\122\006\147\220\210\150\116\016\000F\150\300\232\214}{section.2}% 6
\BOOKMARK [1][-]{section.3}{\376\377\0003\000.\000\040\213\241\173\227\133\236\215\365\377\032\236\041\231\162\145\231\150\110\117\213\121\150\155\101\172\013\122\006\147\220}{}% 7
\BOOKMARK [2][-]{subsection.3.1}{\376\377\0003\000.\0001\000.\000\040\145\160\143\156\126\336\230\176\116\016\230\204\131\004\164\006}{section.3}% 8
\BOOKMARK [2][-]{subsection.3.2}{\376\377\0003\000.\0002\000.\000\040\173\054\116\000\153\145\377\032\213\241\173\227\127\372\147\054\176\337\213\241\221\317}{section.3}% 9
\BOOKMARK [2][-]{subsection.3.3}{\376\377\0003\000.\0003\000.\000\040\173\054\116\214\153\145\377\032\213\241\173\227\136\163\145\271\124\214\000\040\000\050\000S\000S\000\051}{section.3}% 10
\BOOKMARK [2][-]{subsection.3.4}{\376\377\0003\000.\0004\000.\000\040\173\054\116\011\153\145\377\032\147\204\136\372\145\271\135\356\122\006\147\220\210\150\136\166\217\333\210\114\000F\150\300\232\214}{section.3}% 11
\BOOKMARK [2][-]{subsection.3.5}{\376\377\0003\000.\0005\000.\000\040\173\054\126\333\153\145\377\032\176\337\213\241\121\263\173\126\116\016\176\323\213\272}{section.3}% 12
\BOOKMARK [2][-]{subsection.3.6}{\376\377\0003\000.\0006\000.\000\040\122\006\147\220\124\016\166\204\140\035\200\003}{section.3}% 13
\BOOKMARK [1][-]{section.4}{\376\377\0004\000.\000\040\000\247\0008\000.\0002\000\040\131\032\221\315\153\324\217\203\000\040\000\050\000M\000u\000l\000t\000i\000p\000l\000e\000\040\000C\000o\000m\000p\000a\000r\000i\000s\000o\000n\000s\000\051}{}% 14
\BOOKMARK [2][-]{subsection.4.1}{\376\377\0004\000.\0001\000.\000\040\137\025\212\000\377\032\000F\150\300\232\214\116\113\124\016\377\014\142\021\116\354\213\345\120\132\116\300\116\110\377\037}{section.4}% 15
\BOOKMARK [2][-]{subsection.4.2}{\376\377\0004\000.\0002\000.\000\040\123\125\133\371\127\107\120\074\135\356\166\204\177\156\117\341\123\072\225\364}{section.4}% 16
\BOOKMARK [2][-]{subsection.4.3}{\376\377\0004\000.\0003\000.\000\040\000T\000u\000k\000e\000y\000'\000s\000\040\000H\000S\000D\000\040\000\050\000H\000o\000n\000e\000s\000t\000l\000y\000\040\000S\000i\000g\000n\000i\000f\000i\000c\000a\000n\000t\000\040\000D\000i\000f\000f\000e\000r\000e\000n\000c\000e\000\051\000\040\145\271\154\325}{section.4}% 17
\BOOKMARK [2][-]{subsection.4.4}{\376\377\0004\000.\0004\000.\000\040\000S\000c\000h\000e\000f\000f\000\351\000\040\154\325\000\040\000\050\000S\000\040\154\325\000\051}{section.4}% 18
\BOOKMARK [1][-]{section.5}{\376\377\0005\000.\000\040\000\247\0008\000.\0003\000\040\145\271\135\356\237\120\140\047\150\300\232\214\000\040\000\050\000T\000e\000s\000t\000\040\000f\000o\000r\000\040\000H\000o\000m\000o\000g\000e\000n\000e\000i\000t\000y\000\040\000o\000f\000\040\000V\000a\000r\000i\000a\000n\000c\000e\000s\000\051}{}% 19
\BOOKMARK [2][-]{subsection.5.1}{\376\377\0005\000.\0001\000.\000\040\126\336\230\176\377\032\116\072\116\300\116\110\211\201\120\132\217\331\116\052\150\300\232\214\377\037}{section.5}% 20
\BOOKMARK [2][-]{subsection.5.2}{\376\377\0005\000.\0002\000.\000\040\000B\000a\000r\000t\000l\000e\000t\000t\000\040\150\300\232\214}{section.5}% 21
\BOOKMARK [2][-]{subsection.5.3}{\376\377\0005\000.\0003\000.\000\040\000H\000a\000r\000t\000l\000e\000y\150\300\232\214\377\010\147\000\131\047\145\271\135\356\153\324\150\300\232\214\377\011}{section.5}% 22
\BOOKMARK [2][-]{subsection.5.4}{\376\377\0005\000.\0004\000.\000\040\145\271\135\356\116\015\237\120\145\366\166\204\131\004\164\006\145\271\154\325}{section.5}% 23
\BOOKMARK [1][-]{section.6}{\376\377\0006\000.\000\040\000\247\0008\000.\0004\000\040\116\000\121\103\176\277\140\047\126\336\137\122\122\006\147\220\000\040\000\050\000S\000i\000m\000p\000l\000e\000\040\000L\000i\000n\000e\000a\000r\000\040\000R\000e\000g\000r\000e\000s\000s\000i\000o\000n\000\051}{}% 24
\BOOKMARK [2][-]{subsection.6.1}{\376\377\0006\000.\0001\000.\000\040\137\025\212\000\377\032\116\316\000"\135\356\137\002\000"\122\060\000"\121\163\174\373\000"}{section.6}% 25
\BOOKMARK [2][-]{subsection.6.2}{\376\377\0006\000.\0002\000.\000\040\116\000\121\103\176\277\140\047\126\336\137\122\152\041\127\213}{section.6}% 26
\BOOKMARK [2][-]{subsection.6.3}{\376\377\0006\000.\0003\000.\000\040\126\336\137\122\145\271\172\013\166\204\146\076\204\127\140\047\150\300\232\214}{section.6}% 27
\BOOKMARK [2][-]{subsection.6.4}{\376\377\0006\000.\0004\000.\000\040\117\060\213\241\116\016\230\204\155\113}{section.6}% 28
\BOOKMARK [1][-]{section.7}{\376\377\0007\000.\000\040\000\247\0008\000.\0005\000\040\116\000\121\103\227\136\176\277\140\047\126\336\137\122\122\006\147\220}{}% 29
\BOOKMARK [2][-]{subsection.7.1}{\376\377\0007\000.\0001\000.\000\040\137\123\121\163\174\373\116\015\146\057\116\000\147\141\166\364\176\277\145\366}{section.7}% 30
\BOOKMARK [2][-]{subsection.7.2}{\376\377\0007\000.\0002\000.\000\040\227\136\176\277\140\047\126\336\137\122\166\204\145\160\133\146\152\041\127\213}{section.7}% 31
\BOOKMARK [2][-]{subsection.7.3}{\376\377\0007\000.\0003\000.\000\040\150\070\137\303\173\126\165\145\377\032\000"\143\260\137\057\000"\123\026\000"\166\364\000"}{section.7}% 32
\BOOKMARK [1][-]{section.8}{\376\377\0008\000.\000\040\147\054\172\340\140\073\176\323\116\016\167\345\213\306\177\121\176\334}{}% 33
\BOOKMARK [2][-]{subsection.8.1}{\376\377\0008\000.\0001\000.\000\040\121\163\225\056\121\154\137\017\154\107\140\073}{section.8}% 34
\BOOKMARK [1][-]{appendix.A}{\376\377\226\104\137\125\000\040\000A\000.\000\040\123\314\126\340\133\120\145\271\135\356\122\006\147\220\000\040\000\050\000T\000w\000o\000-\000W\000a\000y\000\040\000A\000N\000O\000V\000A\000\051}{}% 35
\BOOKMARK [2][-]{subsection.A.1}{\376\377\000A\000.\0001\000.\000\040\137\025\212\000}{appendix.A}% 36
\BOOKMARK [2][-]{table.10}{\376\377\000A\000.\0002\000.\000\040\123\314\126\340\133\120\145\271\135\356\122\006\147\220\152\041\127\213}{appendix.A}% 37
\BOOKMARK [2][-]{subsection.A.3}{\376\377\000A\000.\0003\000.\000\040\136\163\145\271\124\214\122\006\211\343}{appendix.A}% 38
\BOOKMARK [2][-]{subsection.A.4}{\376\377\000A\000.\0004\000.\000\040\150\300\232\214\166\204\147\204\136\372}{appendix.A}% 39
\BOOKMARK [2][-]{subsection.A.5}{\376\377\000A\000.\0005\000.\000\040\116\244\116\222\117\134\165\050\166\204\164\006\211\343}{appendix.A}% 40
\BOOKMARK [2][-]{subsection.A.6}{\376\377\000A\000.\0006\000.\000\040\150\110\117\213\122\006\147\220\377\032\121\234\117\134\162\151\116\247\221\317\170\024\172\166}{appendix.A}% 41
\BOOKMARK [2][-]{subsection.A.7}{\376\377\000A\000.\0007\000.\000\040\145\340\221\315\131\015\140\305\121\265}{appendix.A}% 42
\BOOKMARK [2][-]{subsection.A.8}{\376\377\000A\000.\0008\000.\000\040\176\323\213\355}{appendix.A}% 43
