This is XeTeX, Version 3.141592653-2.6-0.999997 (MiKTeX 25.3) (preloaded format=xelatex 2025.3.26)  12 JUN 2025 18:33
entering extended mode
 \write18 enabled.
 file:line:error style messages enabled.
 %&-line parsing enabled.
**./study_guide_ch8.tex
(study_guide_ch8.tex
LaTeX2e <2024-11-01> patch level 2
L3 programming layer <2025-01-18>
(E:\Miktex\tex/latex/amscls\amsart.cls
Document Class: amsart 2020/05/29 v2.20.6
\linespacing=\dimen141
\normalparindent=\dimen142
\normaltopskip=\skip49
(E:\Miktex\tex/latex/amsmath\amsmath.sty
Package: amsmath 2024/11/05 v2.17t AMS math features
\@mathmargin=\skip50

For additional information on amsmath, use the `?' option.
(E:\Miktex\tex/latex/amsmath\amstext.sty
Package: amstext 2021/08/26 v2.01 AMS text

(E:\Miktex\tex/latex/amsmath\amsgen.sty
File: amsgen.sty 1999/11/30 v2.0 generic functions
\@emptytoks=\toks17
\ex@=\dimen143
))
(E:\Miktex\tex/latex/amsmath\amsbsy.sty
Package: amsbsy 1999/11/29 v1.2d Bold Symbols
\pmbraise@=\dimen144
)
(E:\Miktex\tex/latex/amsmath\amsopn.sty
Package: amsopn 2022/04/08 v2.04 operator names
)
\inf@bad=\count192
LaTeX Info: Redefining \frac on input line 233.
\uproot@=\count193
\leftroot@=\count194
LaTeX Info: Redefining \overline on input line 398.
LaTeX Info: Redefining \colon on input line 409.
\classnum@=\count195
\DOTSCASE@=\count196
LaTeX Info: Redefining \ldots on input line 495.
LaTeX Info: Redefining \dots on input line 498.
LaTeX Info: Redefining \cdots on input line 619.
\Mathstrutbox@=\box52
\strutbox@=\box53
LaTeX Info: Redefining \big on input line 721.
LaTeX Info: Redefining \Big on input line 722.
LaTeX Info: Redefining \bigg on input line 723.
LaTeX Info: Redefining \Bigg on input line 724.
\big@size=\dimen145
LaTeX Font Info:    Redeclaring font encoding OML on input line 742.
LaTeX Font Info:    Redeclaring font encoding OMS on input line 743.
\macc@depth=\count197
LaTeX Info: Redefining \bmod on input line 904.
LaTeX Info: Redefining \pmod on input line 909.
LaTeX Info: Redefining \smash on input line 939.
LaTeX Info: Redefining \relbar on input line 969.
LaTeX Info: Redefining \Relbar on input line 970.
\c@MaxMatrixCols=\count198
\dotsspace@=\muskip17
\c@parentequation=\count199
\dspbrk@lvl=\count266
\tag@help=\toks18
\row@=\count267
\column@=\count268
\maxfields@=\count269
\andhelp@=\toks19
\eqnshift@=\dimen146
\alignsep@=\dimen147
\tagshift@=\dimen148
\tagwidth@=\dimen149
\totwidth@=\dimen150
\lineht@=\dimen151
\@envbody=\toks20
\multlinegap=\skip51
\multlinetaggap=\skip52
\mathdisplay@stack=\toks21
LaTeX Info: Redefining \[ on input line 2953.
LaTeX Info: Redefining \] on input line 2954.
)
LaTeX Font Info:    Trying to load font information for U+msa on input line 397
.
 (E:\Miktex\tex/latex/amsfonts\umsa.fd
File: umsa.fd 2013/01/14 v3.01 AMS symbols A
) (E:\Miktex\tex/latex/amsfonts\amsfonts.sty
Package: amsfonts 2013/01/14 v3.01 Basic AMSFonts support
\symAMSa=\mathgroup4
\symAMSb=\mathgroup5
LaTeX Font Info:    Redeclaring math symbol \hbar on input line 98.
LaTeX Font Info:    Overwriting math alphabet `\mathfrak' in version `bold'
(Font)                  U/euf/m/n --> U/euf/b/n on input line 106.
)
\copyins=\insert252
\abstractbox=\box54
\listisep=\skip53
\c@part=\count270
\c@section=\count271
\c@subsection=\count272
\c@subsubsection=\count273
\c@paragraph=\count274
\c@subparagraph=\count275
\c@figure=\count276
\c@table=\count277
\abovecaptionskip=\skip54
\belowcaptionskip=\skip55
\captionindent=\dimen152
\thm@style=\toks22
\thm@bodyfont=\toks23
\thm@headfont=\toks24
\thm@notefont=\toks25
\thm@headpunct=\toks26
\thm@preskip=\skip56
\thm@postskip=\skip57
\thm@headsep=\skip58
\dth@everypar=\toks27
)
(E:\Miktex\tex/latex/ctex\ctex.sty (E:\Miktex\tex/latex/l3kernel\expl3.sty
Package: expl3 2025-01-18 L3 programming layer (loader) 

(E:\Miktex\tex/latex/l3backend\l3backend-xetex.def
File: l3backend-xetex.def 2024-05-08 L3 backend support: XeTeX
\g__graphics_track_int=\count278
\l__pdf_internal_box=\box55
\g__pdf_backend_annotation_int=\count279
\g__pdf_backend_link_int=\count280
))
Package: ctex 2022/07/14 v2.5.10 Chinese adapter in LaTeX (CTEX)

(E:\Miktex\tex/latex/ctex\ctexhook.sty
Package: ctexhook 2022/07/14 v2.5.10 Document and package hooks (CTEX)
) (E:\Miktex\tex/latex/ctex\ctexpatch.sty
Package: ctexpatch 2022/07/14 v2.5.10 Patching commands (CTEX)
) (E:\Miktex\tex/latex/base\fix-cm.sty
Package: fix-cm 2020/11/24 v1.1t fixes to LaTeX
 (E:\Miktex\tex/latex/base\ts1enc.def
File: ts1enc.def 2001/06/05 v3.0e (jk/car/fm) Standard LaTeX file
LaTeX Font Info:    Redeclaring font encoding TS1 on input line 47.
))
\l__ctex_tmp_int=\count281
\l__ctex_tmp_box=\box56
\l__ctex_tmp_dim=\dimen153
\g__ctex_section_depth_int=\count282
\g__ctex_font_size_int=\count283

(E:\Miktex\tex/latex/ctex/config\ctexopts.cfg
File: ctexopts.cfg 2022/07/14 v2.5.10 Option configuration file (CTEX)
)
(E:\Miktex\tex/latex/ctex/engine\ctex-engine-xetex.def
File: ctex-engine-xetex.def 2022/07/14 v2.5.10 XeLaTeX adapter (CTEX)

(E:\Miktex\tex/xelatex/xecjk\xeCJK.sty
Package: xeCJK 2022/08/05 v3.9.1 Typesetting CJK scripts with XeLaTeX

(E:\Miktex\tex/latex/l3packages/xtemplate\xtemplate.sty
Package: xtemplate 2024-08-16 L3 Experimental prototype document functions
)
\l__xeCJK_tmp_int=\count284
\l__xeCJK_tmp_box=\box57
\l__xeCJK_tmp_dim=\dimen154
\l__xeCJK_tmp_skip=\skip59
\g__xeCJK_space_factor_int=\count285
\l__xeCJK_begin_int=\count286
\l__xeCJK_end_int=\count287
\c__xeCJK_CJK_class_int=\XeTeXcharclass1
\c__xeCJK_FullLeft_class_int=\XeTeXcharclass2
\c__xeCJK_FullRight_class_int=\XeTeXcharclass3
\c__xeCJK_HalfLeft_class_int=\XeTeXcharclass4
\c__xeCJK_HalfRight_class_int=\XeTeXcharclass5
\c__xeCJK_NormalSpace_class_int=\XeTeXcharclass6
\c__xeCJK_CM_class_int=\XeTeXcharclass7
\c__xeCJK_HangulJamo_class_int=\XeTeXcharclass8
\l__xeCJK_last_skip=\skip60
\c__xeCJK_none_node=\count288
\g__xeCJK_node_int=\count289
\c__xeCJK_CJK_node_dim=\dimen155
\c__xeCJK_CJK-space_node_dim=\dimen156
\c__xeCJK_default_node_dim=\dimen157
\c__xeCJK_CJK-widow_node_dim=\dimen158
\c__xeCJK_normalspace_node_dim=\dimen159
\c__xeCJK_default-space_node_skip=\skip61
\l__xeCJK_ccglue_skip=\skip62
\l__xeCJK_ecglue_skip=\skip63
\l__xeCJK_punct_kern_skip=\skip64
\l__xeCJK_indent_box=\box58
\l__xeCJK_last_penalty_int=\count290
\l__xeCJK_last_bound_dim=\dimen160
\l__xeCJK_last_kern_dim=\dimen161
\l__xeCJK_widow_penalty_int=\count291

LaTeX template Info: Declaring template type 'xeCJK/punctuation' taking 0
(template)           argument(s) on line 2396.

\l__xeCJK_fixed_punct_width_dim=\dimen162
\l__xeCJK_mixed_punct_width_dim=\dimen163
\l__xeCJK_middle_punct_width_dim=\dimen164
\l__xeCJK_fixed_margin_width_dim=\dimen165
\l__xeCJK_mixed_margin_width_dim=\dimen166
\l__xeCJK_middle_margin_width_dim=\dimen167
\l__xeCJK_bound_punct_width_dim=\dimen168
\l__xeCJK_bound_margin_width_dim=\dimen169
\l__xeCJK_margin_minimum_dim=\dimen170
\l__xeCJK_kerning_total_width_dim=\dimen171
\l__xeCJK_same_align_margin_dim=\dimen172
\l__xeCJK_different_align_margin_dim=\dimen173
\l__xeCJK_kerning_margin_width_dim=\dimen174
\l__xeCJK_kerning_margin_minimum_dim=\dimen175
\l__xeCJK_bound_dim=\dimen176
\l__xeCJK_reverse_bound_dim=\dimen177
\l__xeCJK_margin_dim=\dimen178
\l__xeCJK_minimum_bound_dim=\dimen179
\l__xeCJK_kerning_margin_dim=\dimen180
\g__xeCJK_family_int=\count292
\l__xeCJK_fam_int=\count293
\g__xeCJK_fam_allocation_int=\count294
\l__xeCJK_verb_case_int=\count295
\l__xeCJK_verb_exspace_skip=\skip65

(E:\Miktex\tex/latex/fontspec\fontspec.sty
(E:\Miktex\tex/latex/l3packages/xparse\xparse.sty
Package: xparse 2024-08-16 L3 Experimental document command parser
)
Package: fontspec 2024/05/11 v2.9e Font selection for XeLaTeX and LuaLaTeX

(E:\Miktex\tex/latex/fontspec\fontspec-xetex.sty
Package: fontspec-xetex 2024/05/11 v2.9e Font selection for XeLaTeX and LuaLaTe
X
\l__fontspec_script_int=\count296
\l__fontspec_language_int=\count297
\l__fontspec_strnum_int=\count298
\l__fontspec_tmp_int=\count299
\l__fontspec_tmpa_int=\count300
\l__fontspec_tmpb_int=\count301
\l__fontspec_tmpc_int=\count302
\l__fontspec_em_int=\count303
\l__fontspec_emdef_int=\count304
\l__fontspec_strong_int=\count305
\l__fontspec_strongdef_int=\count306
\l__fontspec_tmpa_dim=\dimen181
\l__fontspec_tmpb_dim=\dimen182
\l__fontspec_tmpc_dim=\dimen183

(E:\Miktex\tex/latex/base\fontenc.sty
Package: fontenc 2021/04/29 v2.0v Standard LaTeX package
)
(E:\Miktex\tex/latex/fontspec\fontspec.cfg)))
(E:\Miktex\tex/xelatex/xecjk\xeCJK.cfg
File: xeCJK.cfg 2022/08/05 v3.9.1 Configuration file for xeCJK package
))
\ccwd=\dimen184
\l__ctex_ccglue_skip=\skip66
)
\l__ctex_ziju_dim=\dimen185

(E:\Miktex\tex/latex/zhnumber\zhnumber.sty
Package: zhnumber 2022/07/14 v3.0 Typesetting numbers with Chinese glyphs
\l__zhnum_scale_int=\count307
\l__zhnum_tmp_int=\count308

(E:\Miktex\tex/latex/zhnumber\zhnumber-utf8.cfg
File: zhnumber-utf8.cfg 2022/07/14 v3.0 Chinese numerals with UTF8 encoding
))
(E:\Miktex\tex/latex/ctex/scheme\ctex-scheme-chinese.def
File: ctex-scheme-chinese.def 2022/07/14 v2.5.10 Chinese scheme for generic (CT
EX)

(E:\Miktex\tex/latex/ctex/config\ctex-name-utf8.cfg
File: ctex-name-utf8.cfg 2022/07/14 v2.5.10 Caption with encoding UTF-8 (CTEX)
))
(E:\Miktex\tex/latex/ctex/fontset\ctex-fontset-windows.def
File: ctex-fontset-windows.def 2022/07/14 v2.5.10 Windows fonts definition (CTE
X)

Package fontspec Info: 
(fontspec)             Could not resolve font "KaiTi/B" (it probably doesn't
(fontspec)             exist).


Package fontspec Info: 
(fontspec)             Could not resolve font "SimHei/I" (it probably doesn't
(fontspec)             exist).


Package fontspec Info: 
(fontspec)             Could not resolve font "SimSun/BI" (it probably doesn't
(fontspec)             exist).


Package fontspec Info: 
(fontspec)             Font family 'SimSun(0)' created for font 'SimSun' with
(fontspec)             options
(fontspec)             [Script={CJK},BoldFont={SimHei},ItalicFont={KaiTi}].
(fontspec)              
(fontspec)              This font family consists of the following NFSS
(fontspec)             series/shapes:
(fontspec)              
(fontspec)             - 'normal' (m/n) with NFSS spec.:
(fontspec)             <->"SimSun/OT:script=hani;language=dflt;"
(fontspec)             - 'bold' (b/n) with NFSS spec.:
(fontspec)             <->"SimHei/OT:script=hani;language=dflt;"
(fontspec)             - 'italic' (m/it) with NFSS spec.:
(fontspec)             <->"KaiTi/OT:script=hani;language=dflt;"

))
(E:\Miktex\tex/latex/ctex/config\ctex.cfg
File: ctex.cfg 2022/07/14 v2.5.10 Configuration file (CTEX)
)
(E:\Miktex\tex/latex/amsfonts\amssymb.sty
Package: amssymb 2013/01/14 v3.01 AMS font symbols
)
(E:\Miktex\tex/latex/graphics\graphicx.sty
Package: graphicx 2021/09/16 v1.2d Enhanced LaTeX Graphics (DPC,SPQR)

(E:\Miktex\tex/latex/graphics\keyval.sty
Package: keyval 2022/05/29 v1.15 key=value parser (DPC)
\KV@toks@=\toks28
)
(E:\Miktex\tex/latex/graphics\graphics.sty
Package: graphics 2024/08/06 v1.4g Standard LaTeX Graphics (DPC,SPQR)

(E:\Miktex\tex/latex/graphics\trig.sty
Package: trig 2023/12/02 v1.11 sin cos tan (DPC)
)
(E:\Miktex\tex/latex/graphics-cfg\graphics.cfg
File: graphics.cfg 2016/06/04 v1.11 sample graphics configuration
)
Package graphics Info: Driver file: xetex.def on input line 106.

(E:\Miktex\tex/latex/graphics-def\xetex.def
File: xetex.def 2022/09/22 v5.0n Graphics/color driver for xetex
))
\Gin@req@height=\dimen186
\Gin@req@width=\dimen187
)
(E:\Miktex\tex/latex/geometry\geometry.sty
Package: geometry 2020/01/02 v5.9 Page Geometry

(E:\Miktex\tex/generic/iftex\ifvtex.sty
Package: ifvtex 2019/10/25 v1.7 ifvtex legacy package. Use iftex instead.
 (E:\Miktex\tex/generic/iftex\iftex.sty
Package: iftex 2024/12/12 v1.0g TeX engine tests
))
\Gm@cnth=\count309
\Gm@cntv=\count310
\c@Gm@tempcnt=\count311
\Gm@bindingoffset=\dimen188
\Gm@wd@mp=\dimen189
\Gm@odd@mp=\dimen190
\Gm@even@mp=\dimen191
\Gm@layoutwidth=\dimen192
\Gm@layoutheight=\dimen193
\Gm@layouthoffset=\dimen194
\Gm@layoutvoffset=\dimen195
\Gm@dimlist=\toks29
 (E:\Miktex\tex/latex/geometry\geometry.cfg))
(E:\Miktex\tex/latex/booktabs\booktabs.sty
Package: booktabs 2020/01/12 v1.61803398 Publication quality tables
\heavyrulewidth=\dimen196
\lightrulewidth=\dimen197
\cmidrulewidth=\dimen198
\belowrulesep=\dimen199
\belowbottomsep=\dimen256
\aboverulesep=\dimen257
\abovetopsep=\dimen258
\cmidrulesep=\dimen259
\cmidrulekern=\dimen260
\defaultaddspace=\dimen261
\@cmidla=\count312
\@cmidlb=\count313
\@aboverulesep=\dimen262
\@belowrulesep=\dimen263
\@thisruleclass=\count314
\@lastruleclass=\count315
\@thisrulewidth=\dimen264
)
(E:\Miktex\tex/latex/hyperref\hyperref.sty
Package: hyperref 2024-11-05 v7.01l Hypertext links for LaTeX

(E:\Miktex\tex/latex/kvsetkeys\kvsetkeys.sty
Package: kvsetkeys 2022-10-05 v1.19 Key value parser (HO)
)
(E:\Miktex\tex/generic/kvdefinekeys\kvdefinekeys.sty
Package: kvdefinekeys 2019-12-19 v1.6 Define keys (HO)
)
(E:\Miktex\tex/generic/pdfescape\pdfescape.sty
Package: pdfescape 2019/12/09 v1.15 Implements pdfTeX's escape features (HO)

(E:\Miktex\tex/generic/ltxcmds\ltxcmds.sty
Package: ltxcmds 2023-12-04 v1.26 LaTeX kernel commands for general use (HO)
)
(E:\Miktex\tex/generic/pdftexcmds\pdftexcmds.sty
Package: pdftexcmds 2020-06-27 v0.33 Utility functions of pdfTeX for LuaTeX (HO
)

(E:\Miktex\tex/generic/infwarerr\infwarerr.sty
Package: infwarerr 2019/12/03 v1.5 Providing info/warning/error messages (HO)
)
Package pdftexcmds Info: \pdf@primitive is available.
Package pdftexcmds Info: \pdf@ifprimitive is available.
Package pdftexcmds Info: \pdfdraftmode not found.
))
(E:\Miktex\tex/latex/hycolor\hycolor.sty
Package: hycolor 2020-01-27 v1.10 Color options for hyperref/bookmark (HO)
)
(E:\Miktex\tex/latex/hyperref\nameref.sty
Package: nameref 2023-11-26 v2.56 Cross-referencing by name of section

(E:\Miktex\tex/latex/refcount\refcount.sty
Package: refcount 2019/12/15 v3.6 Data extraction from label references (HO)
)
(E:\Miktex\tex/generic/gettitlestring\gettitlestring.sty
Package: gettitlestring 2019/12/15 v1.6 Cleanup title references (HO)

(E:\Miktex\tex/latex/kvoptions\kvoptions.sty
Package: kvoptions 2022-06-15 v3.15 Key value format for package options (HO)
))
\c@section@level=\count316
)
(E:\Miktex\tex/latex/etoolbox\etoolbox.sty
Package: etoolbox 2025/02/11 v2.5l e-TeX tools for LaTeX (JAW)
\etb@tempcnta=\count317
)
(E:\Miktex\tex/generic/stringenc\stringenc.sty
Package: stringenc 2019/11/29 v1.12 Convert strings between diff. encodings (HO
)
)
\@linkdim=\dimen265
\Hy@linkcounter=\count318
\Hy@pagecounter=\count319

(E:\Miktex\tex/latex/hyperref\pd1enc.def
File: pd1enc.def 2024-11-05 v7.01l Hyperref: PDFDocEncoding definition (HO)
)
(E:\Miktex\tex/generic/intcalc\intcalc.sty
Package: intcalc 2019/12/15 v1.3 Expandable calculations with integers (HO)
)
\Hy@SavedSpaceFactor=\count320

(E:\Miktex\tex/latex/hyperref\puenc.def
File: puenc.def 2024-11-05 v7.01l Hyperref: PDF Unicode definition (HO)
)
Package hyperref Info: Option `unicode' set `true' on input line 4040.
Package hyperref Info: Hyper figures OFF on input line 4157.
Package hyperref Info: Link nesting OFF on input line 4162.
Package hyperref Info: Hyper index ON on input line 4165.
Package hyperref Info: Plain pages OFF on input line 4172.
Package hyperref Info: Backreferencing OFF on input line 4177.
Package hyperref Info: Implicit mode ON; LaTeX internals redefined.
Package hyperref Info: Bookmarks ON on input line 4424.
\c@Hy@tempcnt=\count321
 (E:\Miktex\tex/latex/url\url.sty
\Urlmuskip=\muskip18
Package: url 2013/09/16  ver 3.4  Verb mode for urls, etc.
)
LaTeX Info: Redefining \url on input line 4763.
\XeTeXLinkMargin=\dimen266

(E:\Miktex\tex/generic/bitset\bitset.sty
Package: bitset 2019/12/09 v1.3 Handle bit-vector datatype (HO)

(E:\Miktex\tex/generic/bigintcalc\bigintcalc.sty
Package: bigintcalc 2019/12/15 v1.5 Expandable calculations on big integers (HO
)
))
\Fld@menulength=\count322
\Field@Width=\dimen267
\Fld@charsize=\dimen268
Package hyperref Info: Hyper figures OFF on input line 6042.
Package hyperref Info: Link nesting OFF on input line 6047.
Package hyperref Info: Hyper index ON on input line 6050.
Package hyperref Info: backreferencing OFF on input line 6057.
Package hyperref Info: Link coloring OFF on input line 6062.
Package hyperref Info: Link coloring with OCG OFF on input line 6067.
Package hyperref Info: PDF/A mode OFF on input line 6072.

(E:\Miktex\tex/latex/base\atbegshi-ltx.sty
Package: atbegshi-ltx 2021/01/10 v1.0c Emulation of the original atbegshi
package with kernel methods
)
\Hy@abspage=\count323
\c@Item=\count324
\c@Hfootnote=\count325
)
Package hyperref Info: Driver (autodetected): hxetex.

(E:\Miktex\tex/latex/hyperref\hxetex.def
File: hxetex.def 2024-11-05 v7.01l Hyperref driver for XeTeX
\pdfm@box=\box59
\c@Hy@AnnotLevel=\count326
\HyField@AnnotCount=\count327
\Fld@listcount=\count328
\c@bookmark@seq@number=\count329

(E:\Miktex\tex/latex/rerunfilecheck\rerunfilecheck.sty
Package: rerunfilecheck 2022-07-10 v1.10 Rerun checks for auxiliary files (HO)

(E:\Miktex\tex/latex/base\atveryend-ltx.sty
Package: atveryend-ltx 2020/08/19 v1.0a Emulation of the original atveryend pac
kage
with kernel methods
)
(E:\Miktex\tex/generic/uniquecounter\uniquecounter.sty
Package: uniquecounter 2019/12/15 v1.4 Provide unlimited unique counter (HO)
)
Package uniquecounter Info: New unique counter `rerunfilecheck' on input line 2
85.
)
\Hy@SectionHShift=\skip67
)
(E:\Miktex\tex/latex/pgf/frontendlayer\tikz.sty
(E:\Miktex\tex/latex/pgf/basiclayer\pgf.sty
(E:\Miktex\tex/latex/pgf/utilities\pgfrcs.sty
(E:\Miktex\tex/generic/pgf/utilities\pgfutil-common.tex
\pgfutil@everybye=\toks30
\pgfutil@tempdima=\dimen269
\pgfutil@tempdimb=\dimen270
)
(E:\Miktex\tex/generic/pgf/utilities\pgfutil-latex.def
\pgfutil@abb=\box60
)
(E:\Miktex\tex/generic/pgf/utilities\pgfrcs.code.tex
(E:\Miktex\tex/generic/pgf\pgf.revision.tex)
Package: pgfrcs 2023-01-15 v3.1.10 (3.1.10)
))
Package: pgf 2023-01-15 v3.1.10 (3.1.10)

(E:\Miktex\tex/latex/pgf/basiclayer\pgfcore.sty
(E:\Miktex\tex/latex/pgf/systemlayer\pgfsys.sty
(E:\Miktex\tex/generic/pgf/systemlayer\pgfsys.code.tex
Package: pgfsys 2023-01-15 v3.1.10 (3.1.10)

(E:\Miktex\tex/generic/pgf/utilities\pgfkeys.code.tex
\pgfkeys@pathtoks=\toks31
\pgfkeys@temptoks=\toks32

(E:\Miktex\tex/generic/pgf/utilities\pgfkeyslibraryfiltered.code.tex
\pgfkeys@tmptoks=\toks33
))
\pgf@x=\dimen271
\pgf@y=\dimen272
\pgf@xa=\dimen273
\pgf@ya=\dimen274
\pgf@xb=\dimen275
\pgf@yb=\dimen276
\pgf@xc=\dimen277
\pgf@yc=\dimen278
\pgf@xd=\dimen279
\pgf@yd=\dimen280
\w@pgf@writea=\write3
\r@pgf@reada=\read2
\c@pgf@counta=\count330
\c@pgf@countb=\count331
\c@pgf@countc=\count332
\c@pgf@countd=\count333
\t@pgf@toka=\toks34
\t@pgf@tokb=\toks35
\t@pgf@tokc=\toks36
\pgf@sys@id@count=\count334

(E:\Miktex\tex/generic/pgf/systemlayer\pgf.cfg
File: pgf.cfg 2023-01-15 v3.1.10 (3.1.10)
)
Driver file for pgf: pgfsys-xetex.def

(E:\Miktex\tex/generic/pgf/systemlayer\pgfsys-xetex.def
File: pgfsys-xetex.def 2023-01-15 v3.1.10 (3.1.10)

(E:\Miktex\tex/generic/pgf/systemlayer\pgfsys-dvipdfmx.def
File: pgfsys-dvipdfmx.def 2023-01-15 v3.1.10 (3.1.10)

(E:\Miktex\tex/generic/pgf/systemlayer\pgfsys-common-pdf.def
File: pgfsys-common-pdf.def 2023-01-15 v3.1.10 (3.1.10)
)
\pgfsys@objnum=\count335
)))
(E:\Miktex\tex/generic/pgf/systemlayer\pgfsyssoftpath.code.tex
File: pgfsyssoftpath.code.tex 2023-01-15 v3.1.10 (3.1.10)
\pgfsyssoftpath@smallbuffer@items=\count336
\pgfsyssoftpath@bigbuffer@items=\count337
)
(E:\Miktex\tex/generic/pgf/systemlayer\pgfsysprotocol.code.tex
File: pgfsysprotocol.code.tex 2023-01-15 v3.1.10 (3.1.10)
))
(E:\Miktex\tex/latex/xcolor\xcolor.sty
Package: xcolor 2024/09/29 v3.02 LaTeX color extensions (UK)

(E:\Miktex\tex/latex/graphics-cfg\color.cfg
File: color.cfg 2016/01/02 v1.6 sample color configuration
)
Package xcolor Info: Driver file: xetex.def on input line 274.

(E:\Miktex\tex/latex/graphics\mathcolor.ltx)
Package xcolor Info: Model `cmy' substituted by `cmy0' on input line 1349.
Package xcolor Info: Model `RGB' extended on input line 1365.
Package xcolor Info: Model `HTML' substituted by `rgb' on input line 1367.
Package xcolor Info: Model `Hsb' substituted by `hsb' on input line 1368.
Package xcolor Info: Model `tHsb' substituted by `hsb' on input line 1369.
Package xcolor Info: Model `HSB' substituted by `hsb' on input line 1370.
Package xcolor Info: Model `Gray' substituted by `gray' on input line 1371.
Package xcolor Info: Model `wave' substituted by `hsb' on input line 1372.
)
(E:\Miktex\tex/generic/pgf/basiclayer\pgfcore.code.tex
Package: pgfcore 2023-01-15 v3.1.10 (3.1.10)

(E:\Miktex\tex/generic/pgf/math\pgfmath.code.tex
(E:\Miktex\tex/generic/pgf/math\pgfmathutil.code.tex)
(E:\Miktex\tex/generic/pgf/math\pgfmathparser.code.tex
\pgfmath@dimen=\dimen281
\pgfmath@count=\count338
\pgfmath@box=\box61
\pgfmath@toks=\toks37
\pgfmath@stack@operand=\toks38
\pgfmath@stack@operation=\toks39
)
(E:\Miktex\tex/generic/pgf/math\pgfmathfunctions.code.tex)
(E:\Miktex\tex/generic/pgf/math\pgfmathfunctions.basic.code.tex)
(E:\Miktex\tex/generic/pgf/math\pgfmathfunctions.trigonometric.code.tex)
(E:\Miktex\tex/generic/pgf/math\pgfmathfunctions.random.code.tex)
(E:\Miktex\tex/generic/pgf/math\pgfmathfunctions.comparison.code.tex)
(E:\Miktex\tex/generic/pgf/math\pgfmathfunctions.base.code.tex)
(E:\Miktex\tex/generic/pgf/math\pgfmathfunctions.round.code.tex)
(E:\Miktex\tex/generic/pgf/math\pgfmathfunctions.misc.code.tex)
(E:\Miktex\tex/generic/pgf/math\pgfmathfunctions.integerarithmetics.code.tex)
(E:\Miktex\tex/generic/pgf/math\pgfmathcalc.code.tex)
(E:\Miktex\tex/generic/pgf/math\pgfmathfloat.code.tex
\c@pgfmathroundto@lastzeros=\count339
))
(E:\Miktex\tex/generic/pgf/math\pgfint.code.tex)
(E:\Miktex\tex/generic/pgf/basiclayer\pgfcorepoints.code.tex
File: pgfcorepoints.code.tex 2023-01-15 v3.1.10 (3.1.10)
\pgf@picminx=\dimen282
\pgf@picmaxx=\dimen283
\pgf@picminy=\dimen284
\pgf@picmaxy=\dimen285
\pgf@pathminx=\dimen286
\pgf@pathmaxx=\dimen287
\pgf@pathminy=\dimen288
\pgf@pathmaxy=\dimen289
\pgf@xx=\dimen290
\pgf@xy=\dimen291
\pgf@yx=\dimen292
\pgf@yy=\dimen293
\pgf@zx=\dimen294
\pgf@zy=\dimen295
)
(E:\Miktex\tex/generic/pgf/basiclayer\pgfcorepathconstruct.code.tex
File: pgfcorepathconstruct.code.tex 2023-01-15 v3.1.10 (3.1.10)
\pgf@path@lastx=\dimen296
\pgf@path@lasty=\dimen297
)
(E:\Miktex\tex/generic/pgf/basiclayer\pgfcorepathusage.code.tex
File: pgfcorepathusage.code.tex 2023-01-15 v3.1.10 (3.1.10)
\pgf@shorten@end@additional=\dimen298
\pgf@shorten@start@additional=\dimen299
)
(E:\Miktex\tex/generic/pgf/basiclayer\pgfcorescopes.code.tex
File: pgfcorescopes.code.tex 2023-01-15 v3.1.10 (3.1.10)
\pgfpic=\box62
\pgf@hbox=\box63
\pgf@layerbox@main=\box64
\pgf@picture@serial@count=\count340
)
(E:\Miktex\tex/generic/pgf/basiclayer\pgfcoregraphicstate.code.tex
File: pgfcoregraphicstate.code.tex 2023-01-15 v3.1.10 (3.1.10)
\pgflinewidth=\dimen300
)
(E:\Miktex\tex/generic/pgf/basiclayer\pgfcoretransformations.code.tex
File: pgfcoretransformations.code.tex 2023-01-15 v3.1.10 (3.1.10)
\pgf@pt@x=\dimen301
\pgf@pt@y=\dimen302
\pgf@pt@temp=\dimen303
)
(E:\Miktex\tex/generic/pgf/basiclayer\pgfcorequick.code.tex
File: pgfcorequick.code.tex 2023-01-15 v3.1.10 (3.1.10)
)
(E:\Miktex\tex/generic/pgf/basiclayer\pgfcoreobjects.code.tex
File: pgfcoreobjects.code.tex 2023-01-15 v3.1.10 (3.1.10)
)
(E:\Miktex\tex/generic/pgf/basiclayer\pgfcorepathprocessing.code.tex
File: pgfcorepathprocessing.code.tex 2023-01-15 v3.1.10 (3.1.10)
)
(E:\Miktex\tex/generic/pgf/basiclayer\pgfcorearrows.code.tex
File: pgfcorearrows.code.tex 2023-01-15 v3.1.10 (3.1.10)
\pgfarrowsep=\dimen304
)
(E:\Miktex\tex/generic/pgf/basiclayer\pgfcoreshade.code.tex
File: pgfcoreshade.code.tex 2023-01-15 v3.1.10 (3.1.10)
\pgf@max=\dimen305
\pgf@sys@shading@range@num=\count341
\pgf@shadingcount=\count342
)
(E:\Miktex\tex/generic/pgf/basiclayer\pgfcoreimage.code.tex
File: pgfcoreimage.code.tex 2023-01-15 v3.1.10 (3.1.10)
)
(E:\Miktex\tex/generic/pgf/basiclayer\pgfcoreexternal.code.tex
File: pgfcoreexternal.code.tex 2023-01-15 v3.1.10 (3.1.10)
\pgfexternal@startupbox=\box65
)
(E:\Miktex\tex/generic/pgf/basiclayer\pgfcorelayers.code.tex
File: pgfcorelayers.code.tex 2023-01-15 v3.1.10 (3.1.10)
)
(E:\Miktex\tex/generic/pgf/basiclayer\pgfcoretransparency.code.tex
File: pgfcoretransparency.code.tex 2023-01-15 v3.1.10 (3.1.10)
)
(E:\Miktex\tex/generic/pgf/basiclayer\pgfcorepatterns.code.tex
File: pgfcorepatterns.code.tex 2023-01-15 v3.1.10 (3.1.10)
)
(E:\Miktex\tex/generic/pgf/basiclayer\pgfcorerdf.code.tex
File: pgfcorerdf.code.tex 2023-01-15 v3.1.10 (3.1.10)
)))
(E:\Miktex\tex/generic/pgf/modules\pgfmoduleshapes.code.tex
File: pgfmoduleshapes.code.tex 2023-01-15 v3.1.10 (3.1.10)
\pgfnodeparttextbox=\box66
)
(E:\Miktex\tex/generic/pgf/modules\pgfmoduleplot.code.tex
File: pgfmoduleplot.code.tex 2023-01-15 v3.1.10 (3.1.10)
)
(E:\Miktex\tex/latex/pgf/compatibility\pgfcomp-version-0-65.sty
Package: pgfcomp-version-0-65 2023-01-15 v3.1.10 (3.1.10)
\pgf@nodesepstart=\dimen306
\pgf@nodesepend=\dimen307
)
(E:\Miktex\tex/latex/pgf/compatibility\pgfcomp-version-1-18.sty
Package: pgfcomp-version-1-18 2023-01-15 v3.1.10 (3.1.10)
))
(E:\Miktex\tex/latex/pgf/utilities\pgffor.sty
(E:\Miktex\tex/latex/pgf/utilities\pgfkeys.sty
(E:\Miktex\tex/generic/pgf/utilities\pgfkeys.code.tex))
(E:\Miktex\tex/latex/pgf/math\pgfmath.sty
(E:\Miktex\tex/generic/pgf/math\pgfmath.code.tex))
(E:\Miktex\tex/generic/pgf/utilities\pgffor.code.tex
Package: pgffor 2023-01-15 v3.1.10 (3.1.10)
\pgffor@iter=\dimen308
\pgffor@skip=\dimen309
\pgffor@stack=\toks40
\pgffor@toks=\toks41
))
(E:\Miktex\tex/generic/pgf/frontendlayer/tikz\tikz.code.tex
Package: tikz 2023-01-15 v3.1.10 (3.1.10)

(E:\Miktex\tex/generic/pgf/libraries\pgflibraryplothandlers.code.tex
File: pgflibraryplothandlers.code.tex 2023-01-15 v3.1.10 (3.1.10)
\pgf@plot@mark@count=\count343
\pgfplotmarksize=\dimen310
)
\tikz@lastx=\dimen311
\tikz@lasty=\dimen312
\tikz@lastxsaved=\dimen313
\tikz@lastysaved=\dimen314
\tikz@lastmovetox=\dimen315
\tikz@lastmovetoy=\dimen316
\tikzleveldistance=\dimen317
\tikzsiblingdistance=\dimen318
\tikz@figbox=\box67
\tikz@figbox@bg=\box68
\tikz@tempbox=\box69
\tikz@tempbox@bg=\box70
\tikztreelevel=\count344
\tikznumberofchildren=\count345
\tikznumberofcurrentchild=\count346
\tikz@fig@count=\count347

(E:\Miktex\tex/generic/pgf/modules\pgfmodulematrix.code.tex
File: pgfmodulematrix.code.tex 2023-01-15 v3.1.10 (3.1.10)
\pgfmatrixcurrentrow=\count348
\pgfmatrixcurrentcolumn=\count349
\pgf@matrix@numberofcolumns=\count350
)
\tikz@expandcount=\count351

(E:\Miktex\tex/generic/pgf/frontendlayer/tikz/libraries\tikzlibrarytopaths.code
.tex
File: tikzlibrarytopaths.code.tex 2023-01-15 v3.1.10 (3.1.10)
))) (E:\Miktex\tex/latex/pgfplots\pgfplots.sty
(E:\Miktex\tex/generic/pgfplots\pgfplots.revision.tex)
Package: pgfplots 2021/05/15 v1.18.1 Data Visualization (1.18.1)

(E:\Miktex\tex/generic/pgfplots\pgfplots.code.tex
(E:\Miktex\tex/generic/pgfplots\pgfplotscore.code.tex
\t@pgfplots@toka=\toks42
\t@pgfplots@tokb=\toks43
\t@pgfplots@tokc=\toks44
\pgfplots@tmpa=\dimen319
\c@pgfplots@coordindex=\count352
\c@pgfplots@scanlineindex=\count353

(E:\Miktex\tex/generic/pgfplots/sys\pgfplotssysgeneric.code.tex))
(E:\Miktex\tex/generic/pgfplots/libs\pgfplotslibrary.code.tex)
(E:\Miktex\tex/generic/pgfplots/oldpgfcompatib\pgfplotsoldpgfsupp_loader.code.t
ex (E:\Miktex\tex/generic/pgf/libraries\pgflibraryfpu.code.tex)
Package pgfplots: loading complementary utilities for your pgf version...
\t@pgf@toka=\toks45
\t@pgf@tokb=\toks46
\t@pgf@tokc=\toks47

(E:\Miktex\tex/generic/pgfplots/oldpgfcompatib\pgfplotsoldpgfsupp_pgfutil-commo
n-lists.tex)) (E:\Miktex\tex/generic/pgfplots/util\pgfplotsutil.code.tex
(E:\Miktex\tex/generic/pgfplots/liststructure\pgfplotsliststructure.code.tex)
(E:\Miktex\tex/generic/pgfplots/liststructure\pgfplotsliststructureext.code.tex
) (E:\Miktex\tex/generic/pgfplots/liststructure\pgfplotsarray.code.tex
\c@pgfplotsarray@tmp=\count354
)
(E:\Miktex\tex/generic/pgfplots/liststructure\pgfplotsmatrix.code.tex)
(E:\Miktex\tex/generic/pgfplots/numtable\pgfplotstableshared.code.tex
\c@pgfplotstable@counta=\count355
\t@pgfplotstable@a=\toks48
)
(E:\Miktex\tex/generic/pgfplots/liststructure\pgfplotsdeque.code.tex)
(E:\Miktex\tex/generic/pgfplots/util\pgfplotsbinary.code.tex
(E:\Miktex\tex/generic/pgfplots/util\pgfplotsbinary.data.code.tex))
(E:\Miktex\tex/generic/pgfplots/util\pgfplotsutil.verb.code.tex)
(E:\Miktex\tex/generic/pgfplots/libs\pgflibrarypgfplots.surfshading.code.tex
\c@pgfplotslibrarysurf@no=\count356

(E:\Miktex\tex/generic/pgfplots/sys\pgflibrarypgfplots.surfshading.pgfsys-xetex
.def
(E:\Miktex\tex/generic/pgfplots/sys\pgflibrarypgfplots.surfshading.pgfsys-dvipd
fmx.def
\c@pgfplotslibrarysurf@streamlen=\count357
)))) (E:\Miktex\tex/generic/pgfplots/util\pgfplotscolormap.code.tex
(E:\Miktex\tex/generic/pgfplots/util\pgfplotscolor.code.tex))
(E:\Miktex\tex/generic/pgfplots\pgfplotsstackedplots.code.tex)
(E:\Miktex\tex/generic/pgfplots\pgfplotsplothandlers.code.tex
(E:\Miktex\tex/generic/pgfplots\pgfplotsmeshplothandler.code.tex
(E:\Miktex\tex/generic/pgfplots\pgfplotsmeshplotimage.code.tex)))
(E:\Miktex\tex/generic/pgfplots\pgfplots.scaling.code.tex)
(E:\Miktex\tex/generic/pgfplots\pgfplotscoordprocessing.code.tex)
(E:\Miktex\tex/generic/pgfplots\pgfplots.errorbars.code.tex)
(E:\Miktex\tex/generic/pgfplots\pgfplots.markers.code.tex)
(E:\Miktex\tex/generic/pgfplots\pgfplotsticks.code.tex)
(E:\Miktex\tex/generic/pgfplots\pgfplots.paths.code.tex)
(E:\Miktex\tex/generic/pgf/frontendlayer/tikz/libraries\tikzlibrarydecorations.
code.tex (E:\Miktex\tex/generic/pgf/modules\pgfmoduledecorations.code.tex
\pgfdecoratedcompleteddistance=\dimen320
\pgfdecoratedremainingdistance=\dimen321
\pgfdecoratedinputsegmentcompleteddistance=\dimen322
\pgfdecoratedinputsegmentremainingdistance=\dimen323
\pgf@decorate@distancetomove=\dimen324
\pgf@decorate@repeatstate=\count358
\pgfdecorationsegmentamplitude=\dimen325
\pgfdecorationsegmentlength=\dimen326
)
\tikz@lib@dec@box=\box71
)
(E:\Miktex\tex/generic/pgf/frontendlayer/tikz/libraries\tikzlibrarydecorations.
pathmorphing.code.tex
(E:\Miktex\tex/generic/pgf/libraries/decorations\pgflibrarydecorations.pathmorp
hing.code.tex))
(E:\Miktex\tex/generic/pgf/frontendlayer/tikz/libraries\tikzlibrarydecorations.
pathreplacing.code.tex
(E:\Miktex\tex/generic/pgf/libraries/decorations\pgflibrarydecorations.pathrepl
acing.code.tex))
(E:\Miktex\tex/generic/pgfplots/libs\tikzlibrarypgfplots.contourlua.code.tex)
\pgfplots@numplots=\count359
\pgfplots@xmin@reg=\dimen327
\pgfplots@xmax@reg=\dimen328
\pgfplots@ymin@reg=\dimen329
\pgfplots@ymax@reg=\dimen330
\pgfplots@zmin@reg=\dimen331
\pgfplots@zmax@reg=\dimen332
)
(E:\Miktex\tex/generic/pgf/frontendlayer/tikz/libraries\tikzlibraryplotmarks.co
de.tex
File: tikzlibraryplotmarks.code.tex 2023-01-15 v3.1.10 (3.1.10)
 (E:\Miktex\tex/generic/pgf/libraries\pgflibraryplotmarks.code.tex
File: pgflibraryplotmarks.code.tex 2023-01-15 v3.1.10 (3.1.10)
)))
(E:\Miktex\tex/generic/pgfplots/libs\tikzlibrarypgfplots.statistics.code.tex)
(E:\Miktex\tex/generic/pgf/frontendlayer/tikz/libraries\tikzlibraryshapes.code.
tex
File: tikzlibraryshapes.code.tex 2023-01-15 v3.1.10 (3.1.10)

(E:\Miktex\tex/generic/pgf/frontendlayer/tikz/libraries\tikzlibraryshapes.geome
tric.code.tex
File: tikzlibraryshapes.geometric.code.tex 2023-01-15 v3.1.10 (3.1.10)

(E:\Miktex\tex/generic/pgf/libraries/shapes\pgflibraryshapes.geometric.code.tex
File: pgflibraryshapes.geometric.code.tex 2023-01-15 v3.1.10 (3.1.10)
))
(E:\Miktex\tex/generic/pgf/frontendlayer/tikz/libraries\tikzlibraryshapes.misc.
code.tex
File: tikzlibraryshapes.misc.code.tex 2023-01-15 v3.1.10 (3.1.10)

(E:\Miktex\tex/generic/pgf/libraries/shapes\pgflibraryshapes.misc.code.tex
File: pgflibraryshapes.misc.code.tex 2023-01-15 v3.1.10 (3.1.10)
))
(E:\Miktex\tex/generic/pgf/frontendlayer/tikz/libraries\tikzlibraryshapes.symbo
ls.code.tex
File: tikzlibraryshapes.symbols.code.tex 2023-01-15 v3.1.10 (3.1.10)

(E:\Miktex\tex/generic/pgf/libraries/shapes\pgflibraryshapes.symbols.code.tex
File: pgflibraryshapes.symbols.code.tex 2023-01-15 v3.1.10 (3.1.10)
))
(E:\Miktex\tex/generic/pgf/frontendlayer/tikz/libraries\tikzlibraryshapes.arrow
s.code.tex
File: tikzlibraryshapes.arrows.code.tex 2023-01-15 v3.1.10 (3.1.10)

(E:\Miktex\tex/generic/pgf/libraries/shapes\pgflibraryshapes.arrows.code.tex
File: pgflibraryshapes.arrows.code.tex 2023-01-15 v3.1.10 (3.1.10)
))
(E:\Miktex\tex/generic/pgf/frontendlayer/tikz/libraries\tikzlibraryshapes.callo
uts.code.tex
(E:\Miktex\tex/generic/pgf/libraries/shapes\pgflibraryshapes.callouts.code.tex)
)
(E:\Miktex\tex/generic/pgf/frontendlayer/tikz/libraries\tikzlibraryshapes.multi
part.code.tex
File: tikzlibraryshapes.multipart.code.tex 2023-01-15 v3.1.10 (3.1.10)

(E:\Miktex\tex/generic/pgf/libraries/shapes\pgflibraryshapes.multipart.code.tex
File: pgflibraryshapes.multipart.code.tex 2023-01-15 v3.1.10 (3.1.10)
\pgfnodepartlowerbox=\box72
\pgfnodeparttwobox=\box73
\pgfnodepartthreebox=\box74
\pgfnodepartfourbox=\box75
\pgfnodeparttwentybox=\box76
\pgfnodepartnineteenbox=\box77
\pgfnodeparteighteenbox=\box78
\pgfnodepartseventeenbox=\box79
\pgfnodepartsixteenbox=\box80
\pgfnodepartfifteenbox=\box81
\pgfnodepartfourteenbox=\box82
\pgfnodepartthirteenbox=\box83
\pgfnodeparttwelvebox=\box84
\pgfnodepartelevenbox=\box85
\pgfnodeparttenbox=\box86
\pgfnodepartninebox=\box87
\pgfnodeparteightbox=\box88
\pgfnodepartsevenbox=\box89
\pgfnodepartsixbox=\box90
\pgfnodepartfivebox=\box91
)))
(E:\Miktex\tex/generic/pgf/frontendlayer/tikz/libraries\tikzlibraryarrows.code.
tex
File: tikzlibraryarrows.code.tex 2023-01-15 v3.1.10 (3.1.10)
 (E:\Miktex\tex/generic/pgf/libraries\pgflibraryarrows.code.tex
File: pgflibraryarrows.code.tex 2023-01-15 v3.1.10 (3.1.10)
\arrowsize=\dimen333
))
(E:\Miktex\tex/generic/pgf/frontendlayer/tikz/libraries\tikzlibrarypositioning.
code.tex
File: tikzlibrarypositioning.code.tex 2023-01-15 v3.1.10 (3.1.10)
)
(E:\Miktex\tex/generic/pgf/frontendlayer/tikz/libraries\tikzlibraryfit.code.tex
File: tikzlibraryfit.code.tex 2023-01-15 v3.1.10 (3.1.10)
)
(E:\Miktex\tex/generic/pgf/frontendlayer/tikz/libraries\tikzlibrarycalc.code.te
x
File: tikzlibrarycalc.code.tex 2023-01-15 v3.1.10 (3.1.10)
) (E:\Miktex\tex/latex/multirow\multirow.sty
Package: multirow 2024/11/12 v2.9 Span multiple rows of a table
\multirow@colwidth=\skip68
\multirow@cntb=\count360
\multirow@dima=\skip69
\bigstrutjot=\dimen334
)
(E:\Miktex\tex/latex/colortbl\colortbl.sty
Package: colortbl 2024/07/06 v1.0i Color table columns (DPC)
 (E:\Miktex\tex/latex/tools\array.sty
Package: array 2024/10/17 v2.6g Tabular extension package (FMi)
\col@sep=\dimen335
\ar@mcellbox=\box92
\extrarowheight=\dimen336
\NC@list=\toks49
\extratabsurround=\skip70
\backup@length=\skip71
\ar@cellbox=\box93
)
\everycr=\toks50
\minrowclearance=\skip72
\rownum=\count361
)

Package xeCJK Warning: Redefining CJKfamily `\CJKrmdefault' (SimSun(0)).


Package fontspec Info: 
(fontspec)             Could not resolve font "LXGW WenKai/BI" (it probably
(fontspec)             doesn't exist).


Package fontspec Info: 
(fontspec)             Could not resolve font "LXGW WenKai/B" (it probably
(fontspec)             doesn't exist).


Package fontspec Info: 
(fontspec)             Could not resolve font "LXGW WenKai/I" (it probably
(fontspec)             doesn't exist).


Package fontspec Info: 
(fontspec)             Font family 'LXGWWenKai(0)' created for font 'LXGW
(fontspec)             WenKai' with options [Script={CJK}].
(fontspec)              
(fontspec)              This font family consists of the following NFSS
(fontspec)             series/shapes:
(fontspec)              
(fontspec)             - 'normal' (m/n) with NFSS spec.: <->"LXGW
(fontspec)             WenKai/OT:script=hani;language=dflt;"

(study_guide_ch8.aux)
\openout1 = `study_guide_ch8.aux'.

LaTeX Font Info:    Checking defaults for OML/cmm/m/it on input line 24.
LaTeX Font Info:    ... okay on input line 24.
LaTeX Font Info:    Checking defaults for OMS/cmsy/m/n on input line 24.
LaTeX Font Info:    ... okay on input line 24.
LaTeX Font Info:    Checking defaults for OT1/cmr/m/n on input line 24.
LaTeX Font Info:    ... okay on input line 24.
LaTeX Font Info:    Checking defaults for T1/cmr/m/n on input line 24.
LaTeX Font Info:    ... okay on input line 24.
LaTeX Font Info:    Checking defaults for TS1/cmr/m/n on input line 24.
LaTeX Font Info:    ... okay on input line 24.
LaTeX Font Info:    Checking defaults for TU/lmr/m/n on input line 24.
LaTeX Font Info:    ... okay on input line 24.
LaTeX Font Info:    Checking defaults for OMX/cmex/m/n on input line 24.
LaTeX Font Info:    ... okay on input line 24.
LaTeX Font Info:    Checking defaults for U/cmr/m/n on input line 24.
LaTeX Font Info:    ... okay on input line 24.
LaTeX Font Info:    Checking defaults for PD1/pdf/m/n on input line 24.
LaTeX Font Info:    ... okay on input line 24.
LaTeX Font Info:    Checking defaults for PU/pdf/m/n on input line 24.
LaTeX Font Info:    ... okay on input line 24.
LaTeX Font Info:    Trying to load font information for U+msa on input line 24.

 (E:\Miktex\tex/latex/amsfonts\umsa.fd
File: umsa.fd 2013/01/14 v3.01 AMS symbols A
)
LaTeX Font Info:    Trying to load font information for U+msb on input line 24.


(E:\Miktex\tex/latex/amsfonts\umsb.fd
File: umsb.fd 2013/01/14 v3.01 AMS symbols B
)

Package fontspec Info: 
(fontspec)             Adjusting the maths setup (use [no-math] to avoid
(fontspec)             this).

\symlegacymaths=\mathgroup6
LaTeX Font Info:    Overwriting symbol font `legacymaths' in version `bold'
(Font)                  OT1/cmr/m/n --> OT1/cmr/bx/n on input line 24.
LaTeX Font Info:    Redeclaring math accent \acute on input line 24.
LaTeX Font Info:    Redeclaring math accent \grave on input line 24.
LaTeX Font Info:    Redeclaring math accent \ddot on input line 24.
LaTeX Font Info:    Redeclaring math accent \tilde on input line 24.
LaTeX Font Info:    Redeclaring math accent \bar on input line 24.
LaTeX Font Info:    Redeclaring math accent \breve on input line 24.
LaTeX Font Info:    Redeclaring math accent \check on input line 24.
LaTeX Font Info:    Redeclaring math accent \hat on input line 24.
LaTeX Font Info:    Redeclaring math accent \dot on input line 24.
LaTeX Font Info:    Redeclaring math accent \mathring on input line 24.
LaTeX Font Info:    Redeclaring math symbol \Gamma on input line 24.
LaTeX Font Info:    Redeclaring math symbol \Delta on input line 24.
LaTeX Font Info:    Redeclaring math symbol \Theta on input line 24.
LaTeX Font Info:    Redeclaring math symbol \Lambda on input line 24.
LaTeX Font Info:    Redeclaring math symbol \Xi on input line 24.
LaTeX Font Info:    Redeclaring math symbol \Pi on input line 24.
LaTeX Font Info:    Redeclaring math symbol \Sigma on input line 24.
LaTeX Font Info:    Redeclaring math symbol \Upsilon on input line 24.
LaTeX Font Info:    Redeclaring math symbol \Phi on input line 24.
LaTeX Font Info:    Redeclaring math symbol \Psi on input line 24.
LaTeX Font Info:    Redeclaring math symbol \Omega on input line 24.
LaTeX Font Info:    Redeclaring math symbol \mathdollar on input line 24.
LaTeX Font Info:    Redeclaring symbol font `operators' on input line 24.
LaTeX Font Info:    Encoding `OT1' has changed to `TU' for symbol font
(Font)              `operators' in the math version `normal' on input line 24.
LaTeX Font Info:    Overwriting symbol font `operators' in version `normal'
(Font)                  OT1/cmr/m/n --> TU/lmr/m/n on input line 24.
LaTeX Font Info:    Encoding `OT1' has changed to `TU' for symbol font
(Font)              `operators' in the math version `bold' on input line 24.
LaTeX Font Info:    Overwriting symbol font `operators' in version `bold'
(Font)                  OT1/cmr/bx/n --> TU/lmr/m/n on input line 24.
LaTeX Font Info:    Overwriting symbol font `operators' in version `normal'
(Font)                  TU/lmr/m/n --> TU/lmr/m/n on input line 24.
LaTeX Font Info:    Overwriting math alphabet `\mathit' in version `normal'
(Font)                  OT1/cmr/m/it --> TU/lmr/m/it on input line 24.
LaTeX Font Info:    Overwriting math alphabet `\mathbf' in version `normal'
(Font)                  OT1/cmr/bx/n --> TU/lmr/b/n on input line 24.
LaTeX Font Info:    Overwriting math alphabet `\mathsf' in version `normal'
(Font)                  OT1/cmss/m/n --> TU/lmss/m/n on input line 24.
LaTeX Font Info:    Overwriting math alphabet `\mathtt' in version `normal'
(Font)                  OT1/cmtt/m/n --> TU/lmtt/m/n on input line 24.
LaTeX Font Info:    Overwriting symbol font `operators' in version `bold'
(Font)                  TU/lmr/m/n --> TU/lmr/b/n on input line 24.
LaTeX Font Info:    Overwriting math alphabet `\mathit' in version `bold'
(Font)                  OT1/cmr/bx/it --> TU/lmr/b/it on input line 24.
LaTeX Font Info:    Overwriting math alphabet `\mathsf' in version `bold'
(Font)                  OT1/cmss/bx/n --> TU/lmss/b/n on input line 24.
LaTeX Font Info:    Overwriting math alphabet `\mathtt' in version `bold'
(Font)                  OT1/cmtt/m/n --> TU/lmtt/b/n on input line 24.

*geometry* driver: auto-detecting
*geometry* detected driver: xetex
*geometry* verbose mode - [ preamble ] result:
* driver: xetex
* paper: a4paper
* layout: <same size as paper>
* layoutoffset:(h,v)=(0.0pt,0.0pt)
* modes: twoside 
* h-part:(L,W,R)=(71.13188pt, 455.24411pt, 71.13188pt)
* v-part:(T,H,B)=(85.35826pt, 674.33032pt, 85.35826pt)
* \paperwidth=597.50787pt
* \paperheight=845.04684pt
* \textwidth=455.24411pt
* \textheight=674.33032pt
* \oddsidemargin=-1.1381pt
* \evensidemargin=-1.1381pt
* \topmargin=-8.91173pt
* \headheight=8.0pt
* \headsep=14.0pt
* \topskip=10.0pt
* \footskip=12.0pt
* \marginparwidth=90.0pt
* \marginparsep=11.0pt
* \columnsep=10.0pt
* \skip\footins=7.0pt plus 11.0pt
* \hoffset=0.0pt
* \voffset=0.0pt
* \mag=1000
* \@twocolumnfalse
* \@twosidetrue
* \@mparswitchtrue
* \@reversemarginfalse
* (1in=72.27pt=25.4mm, 1cm=28.453pt)

Package hyperref Info: Link coloring OFF on input line 24.
(study_guide_ch8.out) (study_guide_ch8.out)
\@outlinefile=\write4
\openout4 = `study_guide_ch8.out'.


Package pgfplots notification 'compat/show suggested version=true': document ha
s been generated with the most recent feature set (\pgfplotsset{compat=1.18}).


LaTeX Font Warning: Font shape `TU/LXGWWenKai(0)/m/sc' undefined
(Font)              using `TU/LXGWWenKai(0)/m/n' instead on input line 30.


LaTeX Font Warning: Font shape `TU/LXGWWenKai(0)/b/n' undefined
(Font)              using `TU/LXGWWenKai(0)/m/n' instead on input line 34.


LaTeX Font Warning: Font shape `TU/LXGWWenKai(0)/m/it' undefined
(Font)              using `TU/LXGWWenKai(0)/m/n' instead on input line 49.


LaTeX Warning: `!h' float specifier changed to `!ht'.



[1]

[2]

[3]

LaTeX Warning: `!h' float specifier changed to `!ht'.



[4]
Package pgfplots info on input line 321: boxplot: got lower quartile=1.0072499e
3
Package pgfplots info on input line 321: boxplot: got median=1.0104999e3
Package pgfplots info on input line 321: boxplot: got upper quartile=1.0359999e
3
Package pgfplots info on input line 321: boxplot: got sample size=8.0e0
Package pgfplots info on input line 321: boxplot: got lower whisker=1.001e3
Package pgfplots info on input line 321: boxplot: got upper whisker=1.073e3
Package pgfplots info on input line 332: boxplot: got lower quartile=1.05575e3
Package pgfplots info on input line 332: boxplot: got median=1.0909999e3
Package pgfplots info on input line 332: boxplot: got upper quartile=1.1074998e
3
Package pgfplots info on input line 332: boxplot: got sample size=8.0e0
Package pgfplots info on input line 332: boxplot: got lower whisker=9.9e2
Package pgfplots info on input line 332: boxplot: got upper whisker=1.122e3
Package pgfplots info on input line 343: boxplot: got lower quartile=1.0272499e
3
Package pgfplots info on input line 343: boxplot: got median=1.0304999e3
Package pgfplots info on input line 343: boxplot: got upper quartile=1.0559999e
3
Package pgfplots info on input line 343: boxplot: got sample size=8.0e0
Package pgfplots info on input line 343: boxplot: got lower whisker=1.021e3
Package pgfplots info on input line 343: boxplot: got upper whisker=1.093e3

Underfull \vbox (badness 4120) has occurred while \output is active []



[5]

[6]

[7]

[8]
\c@theorem=\count362

Missing character: There is no ; in font nullfont!


[9]

[10]

[11]

[12]
Package pgfplots info on input line 726: boxplot: got lower quartile=7.75e0
Package pgfplots info on input line 726: boxplot: got median=8.75e0
Package pgfplots info on input line 726: boxplot: got upper quartile=9.625e0
Package pgfplots info on input line 726: boxplot: got sample size=8.0e0
Package pgfplots info on input line 726: boxplot: got lower whisker=6.0e0
Package pgfplots info on input line 726: boxplot: got upper whisker=1.1e1
Package pgfplots info on input line 737: boxplot: got lower quartile=1.175e1
Package pgfplots info on input line 737: boxplot: got median=1.275e1
Package pgfplots info on input line 737: boxplot: got upper quartile=1.3625e1
Package pgfplots info on input line 737: boxplot: got sample size=8.0e0
Package pgfplots info on input line 737: boxplot: got lower whisker=1.0e1
Package pgfplots info on input line 737: boxplot: got upper whisker=1.5e1
Package pgfplots info on input line 748: boxplot: got lower quartile=4.75e0
Package pgfplots info on input line 748: boxplot: got median=5.75e0
Package pgfplots info on input line 748: boxplot: got upper quartile=6.625e0
Package pgfplots info on input line 748: boxplot: got sample size=8.0e0
Package pgfplots info on input line 748: boxplot: got lower whisker=3.0e0
Package pgfplots info on input line 748: boxplot: got upper whisker=8.0e0
Package pgfplots info on input line 761: boxplot: got lower quartile=7.875e0
Package pgfplots info on input line 761: boxplot: got median=8.35e0
Package pgfplots info on input line 761: boxplot: got upper quartile=8.85e0
Package pgfplots info on input line 761: boxplot: got sample size=8.0e0
Package pgfplots info on input line 761: boxplot: got lower whisker=7.0e0
Package pgfplots info on input line 761: boxplot: got upper whisker=9.5e0
Package pgfplots info on input line 772: boxplot: got lower quartile=4.5e0
Package pgfplots info on input line 772: boxplot: got median=1.05e1
Package pgfplots info on input line 772: boxplot: got upper quartile=1.575e1
Package pgfplots info on input line 772: boxplot: got sample size=8.0e0
Package pgfplots info on input line 772: boxplot: got lower whisker=2.0e0
Package pgfplots info on input line 772: boxplot: got upper whisker=2.0e1
Package pgfplots info on input line 783: boxplot: got lower quartile=5.975e0
Package pgfplots info on input line 783: boxplot: got median=6.075e0
Package pgfplots info on input line 783: boxplot: got upper quartile=6.1625e0
Package pgfplots info on input line 783: boxplot: got sample size=8.0e0
Package pgfplots info on input line 783: boxplot: got lower whisker=5.8e0
Package pgfplots info on input line 783: boxplot: got upper whisker=6.3e0

Missing character: There is no ; in font nullfont!
Missing character: There is no ; in font nullfont!
Missing character: There is no ; in font nullfont!
Missing character: There is no ; in font nullfont!
Missing character: There is no ; in font nullfont!
Missing character: There is no ; in font nullfont!


[13]

LaTeX Warning: `!h' float specifier changed to `!ht'.



[14]
Underfull \vbox (badness 2393) has occurred while \output is active []



[15]
Package pgfplots info on input line 976: boxplot: got lower quartile=5.23e0
Package pgfplots info on input line 976: boxplot: got median=5.27e0
Package pgfplots info on input line 976: boxplot: got upper quartile=5.45e0
Package pgfplots info on input line 976: boxplot: got sample size=5.0e0
Package pgfplots info on input line 976: boxplot: got lower whisker=5.08e0
Package pgfplots info on input line 976: boxplot: got upper whisker=5.65e0
Package pgfplots info on input line 984: boxplot: got lower quartile=5.35e0
Package pgfplots info on input line 984: boxplot: got median=5.42e0
Package pgfplots info on input line 984: boxplot: got upper quartile=5.51e0
Package pgfplots info on input line 984: boxplot: got sample size=5.0e0
Package pgfplots info on input line 984: boxplot: got lower whisker=5.29e0
Package pgfplots info on input line 984: boxplot: got upper whisker=5.68e0
Package pgfplots info on input line 992: boxplot: got lower quartile=5.54e0
Package pgfplots info on input line 992: boxplot: got median=5.78e0
Package pgfplots info on input line 992: boxplot: got upper quartile=5.87e0
Package pgfplots info on input line 992: boxplot: got sample size=5.0e0
Package pgfplots info on input line 992: boxplot: got lower whisker=5.32e0
Package pgfplots info on input line 992: boxplot: got upper whisker=5.92e0
Package pgfplots info on input line 1000: boxplot: got lower quartile=5.45e0
Package pgfplots info on input line 1000: boxplot: got median=5.85e0
Package pgfplots info on input line 1000: boxplot: got upper quartile=5.95e0
Package pgfplots info on input line 1000: boxplot: got sample size=5.0e0
Package pgfplots info on input line 1000: boxplot: got lower whisker=5.31e0
Package pgfplots info on input line 1000: boxplot: got upper whisker=6.12e0


[16]

[17]

[18]
Missing character: There is no ; in font nullfont!
Missing character: There is no ; in font nullfont!


[19]
Overfull \hbox (86.99629pt too wide) in paragraph at lines 1121--1123
 \TU/lmr/m/n/12 6.2.2.\TU/LXGWWenKai(0)/m/n/12 参 数 估 计：|  最 小 二 乘 法 \TU/lmr/m/i
t/12 (Least Squares Method).[] \TU/LXGWWenKai(0)/m/n/12 我 们 如 何 根 据 样 本 数 据 $\O
T1/cmr/m/n/12 (\OML/cmm/m/it/12 x[]; y[]\OT1/cmr/m/n/12 )\OML/cmm/m/it/12 ; \OT
1/cmr/m/n/12 (\OML/cmm/m/it/12 x[]; y[]\OT1/cmr/m/n/12 )\OML/cmm/m/it/12 ; [] ;
 \OT1/cmr/m/n/12 (\OML/cmm/m/it/12 x[]; y[]\OT1/cmr/m/n/12 )$
 []



[20]
Missing character: There is no ; in font nullfont!
Missing character: There is no ; in font nullfont!


[21]
Missing character: There is no ; in font nullfont!
Missing character: There is no ; in font nullfont!
NOTE: coordinate (0Y0.0e0],3Y0.0e0]) has been dropped because it is unbounded (
in y). (see also unbounded coords=jump). 
Missing character: There is no ; in font nullfont!


[22]
Missing character: There is no ; in font nullfont!
Missing character: There is no ; in font nullfont!
Missing character: There is no ; in font nullfont!
Missing character: There is no ; in font nullfont!


[23]
Missing character: There is no ; in font nullfont!
Missing character: There is no ; in font nullfont!
Missing character: There is no ; in font nullfont!
Missing character: There is no ; in font nullfont!
Missing character: There is no ; in font nullfont!
Missing character: There is no ; in font nullfont!

Overfull \hbox (15.95839pt too wide) in paragraph at lines 1457--1470
 [][] 
 []


LaTeX Warning: `!h' float specifier changed to `!ht'.



[24]
Underfull \vbox (badness 6236) has occurred while \output is active []



[25]

LaTeX Warning: `!h' float specifier changed to `!ht'.


LaTeX Warning: `!h' float specifier changed to `!ht'.



[26]

[27]

LaTeX Warning: `!h' float specifier changed to `!ht'.



[28]
Package pgfplots info on input line 1653: Using 'lua backend=false' for axis: x
 coord trafo unsupported.

Missing character: There is no ; in font nullfont!
Missing character: There is no ; in font nullfont!
Missing character: There is no ; in font nullfont!
Missing character: There is no ; in font nullfont!

LaTeX Warning: `!h' float specifier changed to `!ht'.


LaTeX Warning: `!h' float specifier changed to `!ht'.


Underfull \vbox (badness 1132) has occurred while \output is active []



[29]

[30] (study_guide_ch8.aux)
 ***********
LaTeX2e <2024-11-01> patch level 2
L3 programming layer <2022/07/14>
 ***********


LaTeX Font Warning: Some font shapes were not available, defaults substituted.

Package rerunfilecheck Info: File `study_guide_ch8.out' has not changed.
(rerunfilecheck)             Checksum: 06DAC926AB31418EB72A5231446A6B14;7975.
 ) 
Here is how much of TeX's memory you used:
 40114 strings out of 408640
 997173 string characters out of 5752043
 1632059 words of memory out of 5000000
 62424 multiletter control sequences out of 15000+600000
 567391 words of font info for 91 fonts, out of 8000000 for 9000
 1509 hyphenation exceptions out of 8191
 93i,16n,111p,738b,2517s stack positions out of 10000i,1000n,20000p,200000b,200000s

Output written on study_guide_ch8.pdf (30 pages).
