\BOOKMARK [0][]{part.1}{\376\377\000I\000\040\000P\000r\000o\000b\000a\000b\000i\000l\000i\000t\000y\000\040\000T\000h\000e\000o\000r\000y}{}% 1
\BOOKMARK [1][]{section.1}{\376\377\0001\000\040\000P\000r\000o\000b\000a\000b\000i\000l\000i\000t\000y\000\040\000T\000h\000e\000o\000r\000y\000\040\000F\000o\000u\000n\000d\000a\000t\000i\000o\000n\000s}{part.1}% 2
\BOOKMARK [2][]{subsection.1.1}{\376\377\0001\000.\0001\000\040\000P\000r\000o\000b\000a\000b\000i\000l\000i\000t\000y\000\040\000S\000p\000a\000c\000e\000\040\000a\000n\000d\000\040\000R\000a\000n\000d\000o\000m\000\040\000V\000a\000r\000i\000a\000b\000l\000e\000s}{section.1}% 3
\BOOKMARK [2][]{subsection.1.2}{\376\377\0001\000.\0002\000\040\000E\000x\000p\000e\000c\000t\000a\000t\000i\000o\000n\000\040\000a\000n\000d\000\040\000M\000o\000m\000e\000n\000t\000s}{section.1}% 4
\BOOKMARK [2][]{subsection.1.3}{\376\377\0001\000.\0003\000\040\000I\000n\000d\000e\000p\000e\000n\000d\000e\000n\000c\000e\000\040\000a\000n\000d\000\040\000C\000o\000n\000d\000i\000t\000i\000o\000n\000a\000l\000\040\000P\000r\000o\000b\000a\000b\000i\000l\000i\000t\000y}{section.1}% 5
\BOOKMARK [2][]{subsection.1.4}{\376\377\0001\000.\0004\000\040\000V\000a\000r\000i\000a\000n\000c\000e\000,\000\040\000C\000o\000v\000a\000r\000i\000a\000n\000c\000e\000,\000\040\000a\000n\000d\000\040\000C\000o\000r\000r\000e\000l\000a\000t\000i\000o\000n}{section.1}% 6
\BOOKMARK [2][]{subsection.1.5}{\376\377\0001\000.\0005\000\040\000M\000u\000l\000t\000i\000v\000a\000r\000i\000a\000t\000e\000\040\000D\000i\000s\000t\000r\000i\000b\000u\000t\000i\000o\000n\000s}{section.1}% 7
\BOOKMARK [2][]{subsection.1.6}{\376\377\0001\000.\0006\000\040\000C\000h\000a\000r\000a\000c\000t\000e\000r\000i\000s\000t\000i\000c\000\040\000F\000u\000n\000c\000t\000i\000o\000n\000s\000\040\000a\000n\000d\000\040\000M\000o\000m\000e\000n\000t\000\040\000G\000e\000n\000e\000r\000a\000t\000i\000n\000g\000\040\000F\000u\000n\000c\000t\000i\000o\000n\000s}{section.1}% 8
\BOOKMARK [2][]{subsection.1.7}{\376\377\0001\000.\0007\000\040\000M\000o\000d\000e\000s\000\040\000o\000f\000\040\000C\000o\000n\000v\000e\000r\000g\000e\000n\000c\000e}{section.1}% 9
\BOOKMARK [2][]{subsection.1.8}{\376\377\0001\000.\0008\000\040\000B\000a\000y\000e\000s\000'\000\040\000F\000o\000r\000m\000u\000l\000a\000\040\000a\000n\000d\000\040\000C\000o\000n\000d\000i\000t\000i\000o\000n\000a\000l\000\040\000P\000r\000o\000b\000a\000b\000i\000l\000i\000t\000y}{section.1}% 10
\BOOKMARK [2][]{subsection.1.9}{\376\377\0001\000.\0009\000\040\000L\000a\000w\000s\000\040\000o\000f\000\040\000L\000a\000r\000g\000e\000\040\000N\000u\000m\000b\000e\000r\000s}{section.1}% 11
\BOOKMARK [2][]{subsection.1.10}{\376\377\0001\000.\0001\0000\000\040\000C\000e\000n\000t\000r\000a\000l\000\040\000L\000i\000m\000i\000t\000\040\000T\000h\000e\000o\000r\000e\000m\000s}{section.1}% 12
\BOOKMARK [2][]{subsection.1.11}{\376\377\0001\000.\0001\0001\000\040\000M\000a\000r\000t\000i\000n\000g\000a\000l\000e\000s}{section.1}% 13
\BOOKMARK [2][]{subsection.1.12}{\376\377\0001\000.\0001\0002\000\040\000M\000a\000r\000k\000o\000v\000\040\000C\000h\000a\000i\000n\000s}{section.1}% 14
\BOOKMARK [2][]{subsection.1.13}{\376\377\0001\000.\0001\0003\000\040\000C\000o\000n\000t\000i\000n\000u\000o\000u\000s\000-\000T\000i\000m\000e\000\040\000S\000t\000o\000c\000h\000a\000s\000t\000i\000c\000\040\000P\000r\000o\000c\000e\000s\000s\000e\000s}{section.1}% 15
\BOOKMARK [2][]{subsection.1.14}{\376\377\0001\000.\0001\0004\000\040\000P\000o\000i\000s\000s\000o\000n\000\040\000P\000r\000o\000c\000e\000s\000s\000e\000s}{section.1}% 16
\BOOKMARK [2][]{subsection.1.15}{\376\377\0001\000.\0001\0005\000\040\000B\000r\000o\000w\000n\000i\000a\000n\000\040\000M\000o\000t\000i\000o\000n}{section.1}% 17
\BOOKMARK [2][]{subsection.1.16}{\376\377\0001\000.\0001\0006\000\040\000E\000x\000a\000m\000p\000l\000e\000\040\000P\000r\000o\000b\000l\000e\000m\000s\000\040\000a\000n\000d\000\040\000S\000o\000l\000u\000t\000i\000o\000n\000s}{section.1}% 18
\BOOKMARK [2][]{subsection.1.17}{\376\377\0001\000.\0001\0007\000\040\000A\000d\000v\000a\000n\000c\000e\000d\000\040\000P\000r\000o\000b\000a\000b\000i\000l\000i\000t\000y\000\040\000I\000n\000e\000q\000u\000a\000l\000i\000t\000i\000e\000s}{section.1}% 19
\BOOKMARK [2][]{subsection.1.18}{\376\377\0001\000.\0001\0008\000\040\000A\000d\000v\000a\000n\000c\000e\000d\000\040\000P\000r\000o\000b\000l\000e\000m\000\040\000S\000e\000t}{section.1}% 20
\BOOKMARK [2][]{subsection.1.19}{\376\377\0001\000.\0001\0009\000\040\000M\000e\000a\000s\000u\000r\000e\000-\000T\000h\000e\000o\000r\000e\000t\000i\000c\000\040\000F\000o\000u\000n\000d\000a\000t\000i\000o\000n\000s}{section.1}% 21
\BOOKMARK [2][]{subsection.1.20}{\376\377\0001\000.\0002\0000\000\040\000A\000d\000v\000a\000n\000c\000e\000d\000\040\000C\000o\000n\000v\000e\000r\000g\000e\000n\000c\000e\000\040\000T\000h\000e\000o\000r\000e\000m\000s}{section.1}% 22
\BOOKMARK [2][]{subsection.1.21}{\376\377\0001\000.\0002\0001\000\040\000C\000o\000n\000d\000i\000t\000i\000o\000n\000a\000l\000\040\000E\000x\000p\000e\000c\000t\000a\000t\000i\000o\000n\000\040\000-\000\040\000A\000d\000v\000a\000n\000c\000e\000d\000\040\000T\000h\000e\000o\000r\000y}{section.1}% 23
\BOOKMARK [2][]{subsection.1.22}{\376\377\0001\000.\0002\0002\000\040\000M\000a\000r\000t\000i\000n\000g\000a\000l\000e\000\040\000T\000h\000e\000o\000r\000y\000\040\000-\000\040\000A\000d\000v\000a\000n\000c\000e\000d\000\040\000R\000e\000s\000u\000l\000t\000s}{section.1}% 24
\BOOKMARK [2][]{subsection.1.23}{\376\377\0001\000.\0002\0003\000\040\000S\000t\000o\000c\000h\000a\000s\000t\000i\000c\000\040\000P\000r\000o\000c\000e\000s\000s\000e\000s\000\040\000-\000\040\000D\000e\000t\000a\000i\000l\000e\000d\000\040\000T\000h\000e\000o\000r\000y}{section.1}% 25
\BOOKMARK [2][]{subsection.1.24}{\376\377\0001\000.\0002\0004\000\040\000A\000d\000v\000a\000n\000c\000e\000d\000\040\000D\000i\000s\000t\000r\000i\000b\000u\000t\000i\000o\000n\000\040\000T\000h\000e\000o\000r\000y}{section.1}% 26
\BOOKMARK [2][]{subsection.1.25}{\376\377\0001\000.\0002\0005\000\040\000E\000x\000t\000r\000e\000m\000e\000\040\000V\000a\000l\000u\000e\000\040\000T\000h\000e\000o\000r\000y}{section.1}% 27
\BOOKMARK [2][]{subsection.1.26}{\376\377\0001\000.\0002\0006\000\040\000L\000a\000r\000g\000e\000\040\000D\000e\000v\000i\000a\000t\000i\000o\000n\000s\000\040\000T\000h\000e\000o\000r\000y}{section.1}% 28
\BOOKMARK [2][]{subsection.1.27}{\376\377\0001\000.\0002\0007\000\040\000E\000m\000p\000i\000r\000i\000c\000a\000l\000\040\000P\000r\000o\000c\000e\000s\000s\000e\000s}{section.1}% 29
\BOOKMARK [2][]{subsection.1.28}{\376\377\0001\000.\0002\0008\000\040\000F\000u\000n\000c\000t\000i\000o\000n\000a\000l\000\040\000C\000e\000n\000t\000r\000a\000l\000\040\000L\000i\000m\000i\000t\000\040\000T\000h\000e\000o\000r\000e\000m}{section.1}% 30
\BOOKMARK [2][]{subsection.1.29}{\376\377\0001\000.\0002\0009\000\040\000D\000e\000t\000a\000i\000l\000e\000d\000\040\000E\000x\000a\000m\000p\000l\000e\000s\000\040\000a\000n\000d\000\040\000A\000p\000p\000l\000i\000c\000a\000t\000i\000o\000n\000s}{section.1}% 31
\BOOKMARK [2][]{subsection.1.30}{\376\377\0001\000.\0003\0000\000\040\000A\000d\000d\000i\000t\000i\000o\000n\000a\000l\000\040\000A\000d\000v\000a\000n\000c\000e\000d\000\040\000P\000r\000o\000b\000a\000b\000i\000l\000i\000t\000y\000\040\000T\000o\000p\000i\000c\000s}{section.1}% 32
\BOOKMARK [0][]{part.2}{\376\377\000I\000I\000\040\000S\000t\000a\000t\000i\000s\000t\000i\000c\000a\000l\000\040\000T\000h\000e\000o\000r\000y}{}% 33
\BOOKMARK [1][]{section.2}{\376\377\0002\000\040\000D\000i\000s\000t\000r\000i\000b\000u\000t\000i\000o\000n\000\040\000T\000h\000e\000o\000r\000y\000\040\000a\000n\000d\000\040\000F\000u\000n\000d\000a\000m\000e\000n\000t\000a\000l\000\040\000S\000t\000a\000t\000i\000s\000t\000i\000c\000s}{part.2}% 34
\BOOKMARK [2][]{subsection.2.1}{\376\377\0002\000.\0001\000\040\000C\000o\000n\000t\000i\000n\000u\000o\000u\000s\000\040\000D\000i\000s\000t\000r\000i\000b\000u\000t\000i\000o\000n\000\040\000F\000a\000m\000i\000l\000i\000e\000s}{section.2}% 35
\BOOKMARK [3][]{subsubsection.2.1.1}{\376\377\0002\000.\0001\000.\0001\000\040\000N\000o\000r\000m\000a\000l\000\040\000D\000i\000s\000t\000r\000i\000b\000u\000t\000i\000o\000n\000\040\000F\000a\000m\000i\000l\000y}{subsection.2.1}% 36
\BOOKMARK [3][]{subsubsection.2.1.2}{\376\377\0002\000.\0001\000.\0002\000\040\000C\000h\000i\000-\000S\000q\000u\000a\000r\000e\000\040\000D\000i\000s\000t\000r\000i\000b\000u\000t\000i\000o\000n}{subsection.2.1}% 37
\BOOKMARK [3][]{subsubsection.2.1.3}{\376\377\0002\000.\0001\000.\0003\000\040\000S\000t\000u\000d\000e\000n\000t\000'\000s\000\040\000t\000-\000D\000i\000s\000t\000r\000i\000b\000u\000t\000i\000o\000n}{subsection.2.1}% 38
\BOOKMARK [3][]{subsubsection.2.1.4}{\376\377\0002\000.\0001\000.\0004\000\040\000F\000-\000D\000i\000s\000t\000r\000i\000b\000u\000t\000i\000o\000n}{subsection.2.1}% 39
\BOOKMARK [3][]{subsubsection.2.1.5}{\376\377\0002\000.\0001\000.\0005\000\040\000G\000a\000m\000m\000a\000\040\000D\000i\000s\000t\000r\000i\000b\000u\000t\000i\000o\000n\000\040\000F\000a\000m\000i\000l\000y}{subsection.2.1}% 40
\BOOKMARK [3][]{subsubsection.2.1.6}{\376\377\0002\000.\0001\000.\0006\000\040\000B\000e\000t\000a\000\040\000D\000i\000s\000t\000r\000i\000b\000u\000t\000i\000o\000n}{subsection.2.1}% 41
\BOOKMARK [2][]{subsection.2.2}{\376\377\0002\000.\0002\000\040\000D\000i\000s\000c\000r\000e\000t\000e\000\040\000D\000i\000s\000t\000r\000i\000b\000u\000t\000i\000o\000n\000\040\000F\000a\000m\000i\000l\000i\000e\000s}{section.2}% 42
\BOOKMARK [3][]{subsubsection.2.2.1}{\376\377\0002\000.\0002\000.\0001\000\040\000M\000u\000l\000t\000i\000n\000o\000m\000i\000a\000l\000\040\000D\000i\000s\000t\000r\000i\000b\000u\000t\000i\000o\000n}{subsection.2.2}% 43
\BOOKMARK [3][]{subsubsection.2.2.2}{\376\377\0002\000.\0002\000.\0002\000\040\000P\000o\000i\000s\000s\000o\000n\000\040\000D\000i\000s\000t\000r\000i\000b\000u\000t\000i\000o\000n}{subsection.2.2}% 44
\BOOKMARK [3][]{subsubsection.2.2.3}{\376\377\0002\000.\0002\000.\0003\000\040\000N\000e\000g\000a\000t\000i\000v\000e\000\040\000B\000i\000n\000o\000m\000i\000a\000l\000\040\000D\000i\000s\000t\000r\000i\000b\000u\000t\000i\000o\000n}{subsection.2.2}% 45
\BOOKMARK [2][]{subsection.2.3}{\376\377\0002\000.\0003\000\040\000F\000u\000n\000d\000a\000m\000e\000n\000t\000a\000l\000\040\000S\000t\000a\000t\000i\000s\000t\000i\000c\000s\000\040\000a\000n\000d\000\040\000S\000a\000m\000p\000l\000e\000\040\000P\000r\000o\000p\000e\000r\000t\000i\000e\000s}{section.2}% 46
\BOOKMARK [1][]{section.3}{\376\377\0003\000\040\000T\000e\000s\000t\000i\000n\000g\000\040\000T\000h\000e\000o\000r\000y}{part.2}% 47
\BOOKMARK [2][]{subsection.3.1}{\376\377\0003\000.\0001\000\040\000N\000e\000y\000m\000a\000n\000-\000P\000e\000a\000r\000s\000o\000n\000\040\000P\000a\000r\000a\000d\000i\000g\000m}{section.3}% 48
\BOOKMARK [2][]{subsection.3.2}{\376\377\0003\000.\0002\000\040\000L\000i\000k\000e\000l\000i\000h\000o\000o\000d\000\040\000R\000a\000t\000i\000o\000\040\000T\000e\000s\000t\000s}{section.3}% 49
\BOOKMARK [2][]{subsection.3.3}{\376\377\0003\000.\0003\000\040\000C\000o\000m\000m\000o\000n\000\040\000S\000t\000a\000t\000i\000s\000t\000i\000c\000a\000l\000\040\000T\000e\000s\000t\000s}{section.3}% 50
\BOOKMARK [3][]{subsubsection.3.3.1}{\376\377\0003\000.\0003\000.\0001\000\040\000T\000e\000s\000t\000s\000\040\000f\000o\000r\000\040\000N\000o\000r\000m\000a\000l\000\040\000P\000o\000p\000u\000l\000a\000t\000i\000o\000n\000s}{subsection.3.3}% 51
\BOOKMARK [3][]{subsubsection.3.3.2}{\376\377\0003\000.\0003\000.\0002\000\040\000C\000h\000i\000-\000S\000q\000u\000a\000r\000e\000\040\000T\000e\000s\000t\000s}{subsection.3.3}% 52
\BOOKMARK [1][]{section.4}{\376\377\0004\000\040\000P\000a\000r\000a\000m\000e\000t\000e\000r\000\040\000E\000s\000t\000i\000m\000a\000t\000i\000o\000n\000\040\000T\000h\000e\000o\000r\000y}{part.2}% 53
\BOOKMARK [2][]{subsection.4.1}{\376\377\0004\000.\0001\000\040\000M\000a\000x\000i\000m\000u\000m\000\040\000L\000i\000k\000e\000l\000i\000h\000o\000o\000d\000\040\000E\000s\000t\000i\000m\000a\000t\000i\000o\000n}{section.4}% 54
\BOOKMARK [2][]{subsection.4.2}{\376\377\0004\000.\0002\000\040\000M\000e\000t\000h\000o\000d\000\040\000o\000f\000\040\000M\000o\000m\000e\000n\000t\000s}{section.4}% 55
\BOOKMARK [2][]{subsection.4.3}{\376\377\0004\000.\0003\000\040\000S\000u\000f\000f\000i\000c\000i\000e\000n\000t\000\040\000S\000t\000a\000t\000i\000s\000t\000i\000c\000s}{section.4}% 56
\BOOKMARK [2][]{subsection.4.4}{\376\377\0004\000.\0004\000\040\000C\000o\000n\000f\000i\000d\000e\000n\000c\000e\000\040\000I\000n\000t\000e\000r\000v\000a\000l\000s}{section.4}% 57
\BOOKMARK [1][]{section.5}{\376\377\0005\000\040\000B\000a\000y\000e\000s\000i\000a\000n\000\040\000S\000t\000a\000t\000i\000s\000t\000i\000c\000s}{part.2}% 58
\BOOKMARK [2][]{subsection.5.1}{\376\377\0005\000.\0001\000\040\000F\000u\000n\000d\000a\000m\000e\000n\000t\000a\000l\000\040\000C\000o\000n\000c\000e\000p\000t\000s}{section.5}% 59
\BOOKMARK [2][]{subsection.5.2}{\376\377\0005\000.\0002\000\040\000C\000o\000n\000j\000u\000g\000a\000t\000e\000\040\000P\000r\000i\000o\000r\000s}{section.5}% 60
\BOOKMARK [2][]{subsection.5.3}{\376\377\0005\000.\0003\000\040\000B\000a\000y\000e\000s\000i\000a\000n\000\040\000I\000n\000f\000e\000r\000e\000n\000c\000e}{section.5}% 61
\BOOKMARK [1][]{section.6}{\376\377\0006\000\040\000L\000a\000r\000g\000e\000\040\000S\000a\000m\000p\000l\000e\000\040\000T\000h\000e\000o\000r\000y}{part.2}% 62
\BOOKMARK [2][]{subsection.6.1}{\376\377\0006\000.\0001\000\040\000M\000o\000d\000e\000s\000\040\000o\000f\000\040\000C\000o\000n\000v\000e\000r\000g\000e\000n\000c\000e}{section.6}% 63
\BOOKMARK [2][]{subsection.6.2}{\376\377\0006\000.\0002\000\040\000L\000a\000w\000\040\000o\000f\000\040\000L\000a\000r\000g\000e\000\040\000N\000u\000m\000b\000e\000r\000s}{section.6}% 64
\BOOKMARK [2][]{subsection.6.3}{\376\377\0006\000.\0003\000\040\000C\000e\000n\000t\000r\000a\000l\000\040\000L\000i\000m\000i\000t\000\040\000T\000h\000e\000o\000r\000e\000m}{section.6}% 65
\BOOKMARK [2][]{subsection.6.4}{\376\377\0006\000.\0004\000\040\000D\000e\000l\000t\000a\000\040\000M\000e\000t\000h\000o\000d}{section.6}% 66
\BOOKMARK [2][]{subsection.6.5}{\376\377\0006\000.\0005\000\040\000A\000s\000y\000m\000p\000t\000o\000t\000i\000c\000\040\000P\000r\000o\000p\000e\000r\000t\000i\000e\000s\000\040\000o\000f\000\040\000E\000s\000t\000i\000m\000a\000t\000o\000r\000s}{section.6}% 67
\BOOKMARK [2][]{subsection.6.6}{\376\377\0006\000.\0006\000\040\000C\000h\000i\000-\000S\000q\000u\000a\000r\000e\000\040\000A\000p\000p\000r\000o\000x\000i\000m\000a\000t\000i\000o\000n\000s}{section.6}% 68
\BOOKMARK [1][]{section.7}{\376\377\0007\000\040\000A\000d\000v\000a\000n\000c\000e\000d\000\040\000T\000o\000p\000i\000c\000s\000\040\000a\000n\000d\000\040\000A\000p\000p\000l\000i\000c\000a\000t\000i\000o\000n\000s}{part.2}% 69
\BOOKMARK [2][]{subsection.7.1}{\376\377\0007\000.\0001\000\040\000E\000x\000p\000o\000n\000e\000n\000t\000i\000a\000l\000\040\000F\000a\000m\000i\000l\000i\000e\000s}{section.7}% 70
\BOOKMARK [2][]{subsection.7.2}{\376\377\0007\000.\0002\000\040\000G\000e\000n\000e\000r\000a\000l\000i\000z\000e\000d\000\040\000L\000i\000n\000e\000a\000r\000\040\000M\000o\000d\000e\000l\000s}{section.7}% 71
\BOOKMARK [2][]{subsection.7.3}{\376\377\0007\000.\0003\000\040\000R\000o\000b\000u\000s\000t\000\040\000S\000t\000a\000t\000i\000s\000t\000i\000c\000s}{section.7}% 72
\BOOKMARK [1][]{section.8}{\376\377\0008\000\040\000C\000o\000m\000p\000e\000t\000i\000t\000i\000o\000n\000\040\000P\000r\000o\000b\000l\000e\000m\000-\000S\000o\000l\000v\000i\000n\000g\000\040\000S\000t\000r\000a\000t\000e\000g\000i\000e\000s}{part.2}% 73
\BOOKMARK [2][]{subsection.8.1}{\376\377\0008\000.\0001\000\040\000C\000o\000m\000m\000o\000n\000\040\000P\000r\000o\000b\000l\000e\000m\000\040\000T\000y\000p\000e\000s}{section.8}% 74
\BOOKMARK [2][]{subsection.8.2}{\376\377\0008\000.\0002\000\040\000K\000e\000y\000\040\000F\000o\000r\000m\000u\000l\000a\000s\000\040\000a\000n\000d\000\040\000R\000e\000s\000u\000l\000t\000s}{section.8}% 75
\BOOKMARK [2][]{subsection.8.3}{\376\377\0008\000.\0003\000\040\000P\000r\000o\000b\000l\000e\000m\000-\000S\000o\000l\000v\000i\000n\000g\000\040\000C\000h\000e\000c\000k\000l\000i\000s\000t}{section.8}% 76
