\BOOKMARK [1][]{section*.2}{\376\377\0002\0000\0002\0004}{}% 1
\BOOKMARK [2][]{section*.3}{\376\377\000F\000i\000n\000a\000l\000\040\000P\000r\000o\000b\000a\000b\000i\000l\000i\000t\000y\000\040\000a\000n\000d\000\040\000S\000t\000a\000t\000i\000s\000t\000i\000c\000s\000\040\000I\000n\000d\000i\000v\000i\000d\000u\000a\000l\000\040\000E\000x\000a\000m\000\040\000P\000r\000o\000b\000l\000e\000m\000s\000\040\000\050\000J\000u\000n\000e\000\040\0008\000-\0009\000,\000\040\0002\0000\0002\0004\000\051}{section*.2}% 2
\BOOKMARK [1][]{section*.4}{\376\377\0002\0000\0002\0003}{}% 3
\BOOKMARK [2][]{section*.5}{\376\377\000F\000i\000n\000a\000l\000\040\000P\000r\000o\000b\000a\000b\000i\000l\000i\000t\000y\000\040\000a\000n\000d\000\040\000S\000t\000a\000t\000i\000s\000t\000i\000c\000s\000\040\000I\000n\000d\000i\000v\000i\000d\000u\000a\000l\000\040\000E\000x\000a\000m\000\040\000P\000r\000o\000b\000l\000e\000m\000s\000\040\000\050\000J\000u\000n\000e\000\040\0001\0000\000-\0001\0001\000,\000\040\0002\0000\0002\0003\000\051}{section*.4}% 4
\BOOKMARK [1][]{section*.6}{\376\377\0002\0000\0002\0002}{}% 5
\BOOKMARK [2][]{section*.7}{\376\377\000F\000i\000n\000a\000l\000\040\000P\000r\000o\000b\000a\000b\000i\000l\000i\000t\000y\000\040\000a\000n\000d\000\040\000S\000t\000a\000t\000i\000s\000t\000i\000c\000s\000\040\000I\000n\000d\000i\000v\000i\000d\000u\000a\000l\000\040\000E\000x\000a\000m\000\040\000P\000r\000o\000b\000l\000e\000m\000s\000\040\000\050\000A\000u\000g\000.\000\040\0002\0000\000-\0002\0001\000,\000\040\0002\0000\0002\0002\000\051}{section*.6}% 6
\BOOKMARK [1][]{section*.8}{\376\377\0002\0000\0002\0001}{}% 7
\BOOKMARK [2][]{section*.9}{\376\377\000F\000i\000n\000a\000l\000\040\000P\000r\000o\000b\000a\000b\000i\000l\000i\000t\000y\000\040\000a\000n\000d\000\040\000S\000t\000a\000t\000i\000s\000t\000i\000c\000s\000\040\000I\000n\000d\000i\000v\000i\000d\000u\000a\000l\000\040\000E\000x\000a\000m\000\040\000P\000r\000o\000b\000l\000e\000m\000s\000\040\000\050\000M\000a\000y\000\040\0002\0009\000,\000\040\0002\0000\0002\0001\000\051}{section*.8}% 8
\BOOKMARK [1][]{section*.10}{\376\377\0002\0000\0002\0000}{}% 9
\BOOKMARK [2][]{section*.11}{\376\377\000F\000i\000n\000a\000l\000\040\000P\000r\000o\000b\000a\000b\000i\000l\000i\000t\000y\000\040\000a\000n\000d\000\040\000S\000t\000a\000t\000i\000s\000t\000i\000c\000s}{section*.10}% 10
\BOOKMARK [1][]{section*.14}{\376\377\0002\0000\0001\0009}{}% 11
\BOOKMARK [2][]{section*.15}{\376\377\000S\000t\000a\000t\000i\000s\000t\000i\000c\000s\000\040\000P\000r\000o\000b\000l\000e\000m\000s\000:\000\040\000I\000n\000d\000i\000v\000i\000d\000u\000a\000l\000\040\000C\000o\000n\000t\000e\000s\000t\000\040\000\050\000M\000a\000y\000\040\0002\0000\0001\0009\000\051}{section*.14}% 12
\BOOKMARK [2][]{section*.16}{\376\377\000P\000r\000o\000b\000a\000b\000i\000l\000i\000t\000y\000\040\000P\000r\000o\000b\000l\000e\000m\000s\000:\000\040\000I\000n\000d\000i\000v\000i\000d\000u\000a\000l\000\040\000C\000o\000n\000t\000e\000s\000t\000\040\000\050\000M\000a\000y\000\040\0002\0000\0001\0009\000\051}{section*.14}% 13
\BOOKMARK [1][]{section*.17}{\376\377\0002\0000\0001\0008}{}% 14
\BOOKMARK [2][]{section*.18}{\376\377\000P\000r\000o\000b\000a\000b\000i\000l\000i\000t\000y\000\040\000a\000n\000d\000\040\000S\000t\000a\000t\000i\000s\000t\000i\000c\000s\000\040\000I\000n\000d\000i\000v\000i\000d\000u\000a\000l}{section*.17}% 15
\BOOKMARK [1][]{section*.19}{\376\377\0002\0000\0001\0007}{}% 16
\BOOKMARK [2][]{section*.20}{\376\377\000O\000r\000a\000l\000\040\000E\000x\000a\000m\000:\000\040\000P\000r\000o\000b\000a\000b\000i\000l\000i\000t\000y\000\040\000a\000n\000d\000\040\000S\000t\000a\000t\000i\000s\000t\000i\000c\000s\000\040\000I\000n\000d\000i\000v\000i\000d\000u\000a\000l}{section*.19}% 17
\BOOKMARK [1][]{section*.21}{\376\377\0002\0000\0001\0006}{}% 18
\BOOKMARK [2][]{section*.22}{\376\377\000O\000r\000a\000l\000\040\000E\000x\000a\000m\000,\000\040\000P\000r\000o\000b\000a\000b\000i\000l\000i\000t\000y\000\040\000a\000n\000d\000\040\000S\000t\000a\000t\000i\000s\000t\000i\000c\000s}{section*.21}% 19
\BOOKMARK [1][]{section*.23}{\376\377\0002\0000\0001\0004}{}% 20
\BOOKMARK [2][]{section*.24}{\376\377\000S\000.\377\015\000T\000.\000\040\000Y\000a\000u\000\040\000C\000o\000l\000l\000e\000g\000e\000\040\000M\000a\000t\000h\000\040\000C\000o\000n\000t\000e\000s\000t\000s\000\040\151\202\163\207\123\343\213\325\230\230\377\010\116\052\116\272\377\011}{section*.23}% 21
\BOOKMARK [1][]{section*.25}{\376\377\0002\0000\0001\0003}{}% 22
\BOOKMARK [2][]{section*.26}{\376\377\151\202\163\207\176\337\213\241\116\052\116\272\172\336\215\133\131\015\213\325\230\230}{section*.25}% 23
\BOOKMARK [1][]{section*.27}{\376\377\0002\0000\0001\0002}{}% 24
\BOOKMARK [2][]{section*.28}{\376\377\000S\000.\000\040\000T\000.\000\040\000Y\000a\000u\000\040\000C\000o\000l\000l\000e\000g\000e\000\040\000M\000a\000t\000h\000\040\000C\000o\000n\000t\000e\000s\000t\000s\000\040\000O\000r\000a\000l\000\040\000E\000x\000a\000m\000\040\000o\000n\000\040\000P\000r\000o\000b\000a\000b\000i\000l\000i\000t\000y}{section*.27}% 25
\BOOKMARK [2][]{section*.33}{\376\377\000S\000.\000\040\000T\000.\000\040\000Y\000a\000u\000\040\000C\000o\000l\000l\000e\000g\000e\000\040\000M\000a\000t\000h\000\040\000C\000o\000n\000t\000e\000s\000t\000s\000\040\000O\000r\000a\000l\000\040\000E\000x\000a\000m\000\040\000o\000n\000\040\000S\000t\000a\000t\000i\000s\000t\000i\000c\000s}{section*.27}% 26
