\BOOKMARK [1][]{section.1}{\376\377\0001\000.\000\040\116\214\123\311\150\021\166\204\127\372\147\054\151\202\137\365}{}% 1
\BOOKMARK [2][]{subsection.1.1}{\376\377\0001\000.\0001\000.\000\040\150\021\124\214\116\214\123\311\150\021\166\204\133\232\116\111}{section.1}% 2
\BOOKMARK [2][]{subsection.1.2}{\376\377\0001\000.\0002\000.\000\040\116\214\123\311\150\021\166\204\162\171\160\271}{section.1}% 3
\BOOKMARK [2][]{subsection.1.3}{\376\377\0001\000.\0003\000.\000\040\162\171\153\212\166\204\116\214\123\311\150\021}{section.1}% 4
\BOOKMARK [1][]{section.2}{\376\377\0002\000.\000\040\116\214\123\311\150\021\166\204\127\372\147\054\140\047\215\050}{}% 5
\BOOKMARK [1][]{section.3}{\376\377\0003\000.\000\040\116\214\123\311\150\021\166\204\133\130\120\250\176\323\147\204}{}% 6
\BOOKMARK [2][]{subsection.3.1}{\376\377\0003\000.\0001\000.\000\040\230\172\136\217\133\130\120\250\176\323\147\204}{section.3}% 7
\BOOKMARK [2][]{subsection.3.2}{\376\377\0003\000.\0002\000.\000\040\116\214\123\311\224\376\210\150}{section.3}% 8
\BOOKMARK [1][]{section.4}{\376\377\0004\000.\000\040\116\214\123\311\150\021\166\204\220\115\123\206}{}% 9
\BOOKMARK [2][]{subsection.4.1}{\376\377\0004\000.\0001\000.\000\040\220\115\123\206\145\271\154\325}{section.4}% 10
\BOOKMARK [2][]{subsection.4.2}{\376\377\0004\000.\0002\000.\000\040\220\115\123\206\173\227\154\325\133\236\163\260}{section.4}% 11
\BOOKMARK [2][]{subsection.4.3}{\376\377\0004\000.\0003\000.\000\040\227\136\220\022\137\122\220\115\123\206\173\227\154\325}{section.4}% 12
\BOOKMARK [2][]{subsection.4.4}{\376\377\0004\000.\0004\000.\000\040\220\115\123\206\173\227\154\325\131\015\147\102\136\246\122\006\147\220}{section.4}% 13
\BOOKMARK [2][]{subsection.4.5}{\376\377\0004\000.\0005\000.\000\040\220\115\123\206\171\072\117\213}{section.4}% 14
\BOOKMARK [1][]{section.5}{\376\377\0005\000.\000\040\116\214\123\311\150\021\166\204\147\204\220\040}{}% 15
\BOOKMARK [1][]{section.6}{\376\377\0006\000.\000\040\176\277\175\042\116\214\123\311\150\021}{}% 16
\BOOKMARK [2][]{subsection.6.1}{\376\377\0006\000.\0001\000.\000\040\176\277\175\042\116\214\123\311\150\021\166\204\127\372\147\054\151\202\137\365}{section.6}% 17
\BOOKMARK [2][]{subsection.6.2}{\376\377\0006\000.\0002\000.\000\040\176\277\175\042\116\214\123\311\150\021\166\204\176\323\160\271\176\323\147\204}{section.6}% 18
\BOOKMARK [1][]{section.7}{\376\377\0007\000.\000\040\124\310\131\053\146\374\150\021}{}% 19
\BOOKMARK [2][]{subsection.7.1}{\376\377\0007\000.\0001\000.\000\040\127\372\147\054\151\202\137\365}{section.7}% 20
\BOOKMARK [2][]{ALC@unique.79}{\376\377\0007\000.\0002\000.\000\040\124\310\131\053\146\374\173\227\154\325}{section.7}% 21
\BOOKMARK [2][]{subsection.7.3}{\376\377\0007\000.\0003\000.\000\040\124\310\131\053\146\374\177\026\170\001}{section.7}% 22
\BOOKMARK [1][]{section.8}{\376\377\0008\000.\000\040\130\006\116\016\117\030\121\110\226\037\122\027}{}% 23
\BOOKMARK [2][]{subsection.8.1}{\376\377\0008\000.\0001\000.\000\040\130\006\166\204\133\232\116\111\116\016\140\047\215\050}{section.8}% 24
\BOOKMARK [2][]{subsection.8.2}{\376\377\0008\000.\0002\000.\000\040\130\006\166\204\127\372\147\054\144\315\117\134}{section.8}% 25
\BOOKMARK [2][]{subsection.8.3}{\376\377\0008\000.\0003\000.\000\040\130\006\143\222\136\217}{section.8}% 26
\BOOKMARK [2][]{subsection.8.4}{\376\377\0008\000.\0004\000.\000\040\117\030\121\110\226\037\122\027}{section.8}% 27
\BOOKMARK [1][]{section.9}{\376\377\0009\000.\000\040\116\214\123\311\150\021\166\204\136\224\165\050}{}% 28
\BOOKMARK [2][]{subsection.9.1}{\376\377\0009\000.\0001\000.\000\040\210\150\217\276\137\017\150\021}{section.9}% 29
\BOOKMARK [1][]{section.10}{\376\377\0001\0000\000.\000\040\136\070\211\301\200\003\160\271\140\073\176\323}{}% 30
\BOOKMARK [2][]{subsection.10.1}{\376\377\0001\0000\000.\0001\000.\000\040\221\315\160\271\143\214\143\341\121\205\133\271}{section.10}% 31
\BOOKMARK [2][]{subsection.10.2}{\376\377\0001\0000\000.\0002\000.\000\040\136\070\211\301\230\230\127\213}{section.10}% 32
\BOOKMARK [2][]{subsection.10.3}{\376\377\0001\0000\000.\0003\000.\000\040\221\315\211\201\173\227\154\325\131\015\147\102\136\246}{section.10}% 33
\BOOKMARK [1][]{section.11}{\376\377\0001\0001\000.\000\040\121\170\127\213\117\213\230\230\211\343\147\220}{}% 34
\BOOKMARK [1][]{section.12}{\376\377\0001\0002\000.\000\040\131\015\116\140\136\372\213\256}{}% 35
\BOOKMARK [2][]{subsection.12.1}{\376\377\0001\0002\000.\0001\000.\000\040\133\146\116\140\145\271\154\325}{section.12}% 36
\BOOKMARK [2][]{subsection.12.2}{\376\377\0001\0002\000.\0002\000.\000\040\131\015\116\140\221\315\160\271}{section.12}% 37
\BOOKMARK [2][]{subsection.12.3}{\376\377\0001\0002\000.\0003\000.\000\040\136\070\211\301\225\031\213\357}{section.12}% 38
