\BOOKMARK [2][]{subsection.0.1}{\376\377\0000\000.\0001\000.\000\040\133\127\173\046\116\062\166\204\133\232\116\111}{}% 1
\BOOKMARK [2][]{subsection.0.2}{\376\377\0000\000.\0002\000.\000\040\133\127\173\046\116\062\166\204\127\372\147\054\147\057\213\355}{}% 2
\BOOKMARK [2][]{subsection.0.3}{\376\377\0000\000.\0003\000.\000\040\133\127\173\046\116\062\166\204\153\324\217\203}{}% 3
\BOOKMARK [1][]{section.1}{\376\377\0001\000.\000\040\133\127\173\046\116\062\166\204\133\130\120\250\176\323\147\204}{}% 4
\BOOKMARK [2][]{subsection.1.1}{\376\377\0001\000.\0001\000.\000\040\133\127\173\046\116\062\225\177\136\246\166\204\210\150\171\072\145\271\154\325}{section.1}% 5
\BOOKMARK [2][]{subsection.1.2}{\376\377\0001\000.\0002\000.\000\040\133\127\173\046\116\062\166\204\142\275\214\141\145\160\143\156\174\173\127\213\133\232\116\111}{section.1}% 6
\BOOKMARK [1][]{section.2}{\376\377\0002\000.\000\040\152\041\137\017\123\071\221\115\173\227\154\325}{}% 7
\BOOKMARK [2][]{subsection.2.1}{\376\377\0002\000.\0001\000.\000\040\000B\000F\173\227\154\325\377\010\146\264\122\233\123\071\221\115\377\011}{section.2}% 8
\BOOKMARK [2][]{subsection.2.2}{\376\377\0002\000.\0002\000.\000\040\000K\000M\000P\173\227\154\325}{section.2}% 9
\BOOKMARK [1][]{section.3}{\376\377\0003\000.\000\040\131\032\176\364\145\160\176\304}{}% 10
\BOOKMARK [2][]{subsection.3.1}{\376\377\0003\000.\0001\000.\000\040\145\160\176\304\166\204\127\372\147\054\151\202\137\365}{section.3}% 11
\BOOKMARK [2][]{subsection.3.2}{\376\377\0003\000.\0002\000.\000\040\145\160\176\304\166\204\133\130\120\250\176\323\147\204\116\016\133\373\127\100}{section.3}% 12
\BOOKMARK [1][]{section.4}{\376\377\0004\000.\000\040\167\351\226\065\166\204\123\213\177\051\133\130\120\250}{}% 13
\BOOKMARK [2][]{subsection.4.1}{\376\377\0004\000.\0001\000.\000\040\162\171\153\212\167\351\226\065\166\204\123\213\177\051\133\130\120\250}{section.4}% 14
\BOOKMARK [2][]{subsection.4.2}{\376\377\0004\000.\0002\000.\000\040\172\000\165\217\167\351\226\065\166\204\133\130\120\250}{section.4}% 15
\BOOKMARK [1][]{section.5}{\376\377\0005\000.\000\040\136\177\116\111\210\150}{}% 16
\BOOKMARK [2][]{subsection.5.1}{\376\377\0005\000.\0001\000.\000\040\136\177\116\111\210\150\166\204\133\232\116\111}{section.5}% 17
\BOOKMARK [2][]{subsection.5.2}{\376\377\0005\000.\0002\000.\000\040\136\177\116\111\210\150\166\204\162\171\140\047}{section.5}% 18
\BOOKMARK [2][]{subsection.5.3}{\376\377\0005\000.\0003\000.\000\040\136\177\116\111\210\150\166\204\133\130\120\250\176\323\147\204}{section.5}% 19
\BOOKMARK [2][]{subsection.5.4}{\376\377\0005\000.\0004\000.\000\040\136\177\116\111\210\150\166\204\127\372\147\054\144\315\117\134}{section.5}% 20
\BOOKMARK [2][]{subsection.5.5}{\376\377\0005\000.\0005\000.\000\040\172\000\165\217\167\351\226\065\166\204\123\213\177\051\133\130\120\250}{section.5}% 21
\BOOKMARK [2][]{subsection.5.6}{\376\377\0005\000.\0006\000.\000\040\172\000\165\217\167\351\226\065\217\154\177\156\173\227\154\325}{section.5}% 22
\BOOKMARK [1][]{section.6}{\376\377\0006\000.\000\040\221\315\226\276\160\271\122\006\147\220}{}% 23
\BOOKMARK [2][]{subsection.6.1}{\376\377\0006\000.\0001\000.\000\040\221\315\160\271\121\205\133\271}{section.6}% 24
\BOOKMARK [2][]{subsection.6.2}{\376\377\0006\000.\0002\000.\000\040\226\276\160\271\121\205\133\271}{section.6}% 25
\BOOKMARK [1][]{section.7}{\376\377\0007\000.\000\040\121\170\127\213\117\213\230\230}{}% 26
\BOOKMARK [1][]{section.8}{\376\377\0008\000.\000\040\131\015\116\140\136\372\213\256}{}% 27
\BOOKMARK [2][]{subsection.8.1}{\376\377\0008\000.\0001\000.\000\040\133\146\116\140\221\315\160\271\230\172\136\217}{section.8}% 28
\BOOKMARK [2][]{subsection.8.2}{\376\377\0008\000.\0002\000.\000\040\136\070\200\003\230\230\127\213}{section.8}% 29
\BOOKMARK [2][]{subsection.8.3}{\376\377\0008\000.\0003\000.\000\040\213\260\137\306\211\201\160\271}{section.8}% 30
\BOOKMARK [1][]{section.9}{\376\377\0009\000.\000\040\142\151\134\125\167\345\213\306}{}% 31
\BOOKMARK [2][]{subsection.9.1}{\376\377\0009\000.\0001\000.\000\040\232\330\176\247\133\127\173\046\116\062\173\227\154\325}{section.9}% 32
\BOOKMARK [2][]{subsection.9.2}{\376\377\0009\000.\0002\000.\000\040\163\260\116\343\136\224\165\050}{section.9}% 33
\BOOKMARK [2][]{subsection.9.3}{\376\377\0009\000.\0003\000.\000\040\166\370\121\163\145\160\143\156\176\323\147\204}{section.9}% 34
\BOOKMARK [1][]{section.10}{\376\377\0001\0000\000.\000\040\140\073\176\323}{}% 35
