\BOOKMARK [1][]{section.1}{\376\377\0001\000.\000\040\143\222\136\217\166\204\127\372\147\054\151\202\137\365}{}% 1
\BOOKMARK [2][]{subsection.1.1}{\376\377\0001\000.\0001\000.\000\040\143\222\136\217\166\204\133\232\116\111}{section.1}% 2
\BOOKMARK [2][]{subsection.1.2}{\376\377\0001\000.\0002\000.\000\040\143\222\136\217\173\227\154\325\166\204\122\006\174\173}{section.1}% 3
\BOOKMARK [2][]{subsection.1.3}{\376\377\0001\000.\0003\000.\000\040\143\222\136\217\173\227\154\325\166\204\140\047\200\375\143\007\150\007}{section.1}% 4
\BOOKMARK [1][]{section.2}{\376\377\0002\000.\000\040\143\322\121\145\143\222\136\217}{}% 5
\BOOKMARK [2][]{subsection.2.1}{\376\377\0002\000.\0001\000.\000\040\166\364\143\245\143\322\121\145\143\222\136\217}{section.2}% 6
\BOOKMARK [2][]{subsection.2.2}{\376\377\0002\000.\0002\000.\000\040\136\014\134\024\143\222\136\217}{section.2}% 7
\BOOKMARK [1][]{section.3}{\376\377\0003\000.\000\040\116\244\143\142\143\222\136\217}{}% 8
\BOOKMARK [2][]{subsection.3.1}{\376\377\0003\000.\0001\000.\000\040\215\167\154\341\143\222\136\217}{section.3}% 9
\BOOKMARK [2][]{subsection.3.2}{\376\377\0003\000.\0002\000.\000\040\137\353\220\037\143\222\136\217}{section.3}% 10
\BOOKMARK [1][]{section.4}{\376\377\0004\000.\000\040\220\011\142\351\143\222\136\217}{}% 11
\BOOKMARK [2][]{subsection.4.1}{\376\377\0004\000.\0001\000.\000\040\173\200\123\125\220\011\142\351\143\222\136\217}{section.4}% 12
\BOOKMARK [2][]{subsection.4.2}{\376\377\0004\000.\0002\000.\000\040\130\006\143\222\136\217}{section.4}% 13
\BOOKMARK [1][]{section.5}{\376\377\0005\000.\000\040\137\122\136\166\143\222\136\217}{}% 14
\BOOKMARK [1][]{section.6}{\376\377\0006\000.\000\040\124\004\171\315\143\222\136\217\145\271\154\325\166\204\153\324\217\203}{}% 15
\BOOKMARK [2][]{subsection.6.1}{\376\377\0006\000.\0001\000.\000\040\145\366\225\364\131\015\147\102\136\246\153\324\217\203}{section.6}% 16
\BOOKMARK [2][]{subsection.6.2}{\376\377\0006\000.\0002\000.\000\040\172\172\225\364\131\015\147\102\136\246\124\214\172\063\133\232\140\047\153\324\217\203}{section.6}% 17
\BOOKMARK [2][]{subsection.6.3}{\376\377\0006\000.\0003\000.\000\040\143\222\136\217\145\271\154\325\166\204\220\011\142\351}{section.6}% 18
\BOOKMARK [1][]{section.7}{\376\377\0007\000.\000\040\121\170\127\213\117\213\230\230\122\006\147\220}{}% 19
\BOOKMARK [1][]{section.8}{\376\377\0008\000.\000\040\131\015\116\140\211\201\160\271\140\073\176\323}{}% 20
\BOOKMARK [2][]{subsection.8.1}{\376\377\0008\000.\0001\000.\000\040\221\315\160\271\143\214\143\341\121\205\133\271}{section.8}% 21
\BOOKMARK [2][]{subsection.8.2}{\376\377\0008\000.\0002\000.\000\040\136\070\211\301\200\003\213\325\230\230\127\213}{section.8}% 22
\BOOKMARK [2][]{subsection.8.3}{\376\377\0008\000.\0003\000.\000\040\213\260\137\306\142\200\135\347}{section.8}% 23
\BOOKMARK [2][]{subsection.8.4}{\376\377\0008\000.\0004\000.\000\040\133\146\116\140\136\372\213\256}{section.8}% 24
