\BOOKMARK [1][-]{section.1}{\376\377\0001\000.\000\040\173\054\116\000\172\340\000\040\176\352\213\272}{}% 1
\BOOKMARK [2][-]{subsection.1.1}{\376\377\0001\000.\0001\000.\000\040\167\345\213\306\160\271\150\263\164\006}{section.1}% 2
\BOOKMARK [2][-]{subsection.1.2}{\376\377\0001\000.\0002\000.\000\040\116\140\230\230\211\343\173\124}{section.1}% 3
\BOOKMARK [1][-]{section*.2}{\376\377\0001\377\016\220\011\142\351\230\230}{}% 4
\BOOKMARK [1][-]{section*.3}{\376\377\0003\377\016\211\343\173\124\116\013\122\027\225\356\230\230}{}% 5
\BOOKMARK [1][-]{section*.4}{\376\377\0004\377\016\173\227\154\325\213\276\213\241\377\010\211\201\154\102\377\032\122\006\122\053\165\050\117\052\116\343\170\001\124\214\000\040\000C\000+\000+\000\040\213\355\212\000\143\317\217\360\173\227\154\325\377\014\136\166\122\006\147\220\145\366\225\364\131\015\147\102\136\246\377\011}{}% 6
\BOOKMARK [1][-]{section.2}{\376\377\0002\000.\000\040\173\054\116\214\172\340\000\040\176\277\140\047\210\150}{}% 7
\BOOKMARK [2][-]{subsection.2.1}{\376\377\0002\000.\0001\000.\000\040\167\345\213\306\160\271\150\263\164\006}{section.2}% 8
\BOOKMARK [2][-]{subsection.2.2}{\376\377\0002\000.\0002\000.\000\040\116\140\230\230\0002\211\343\173\124}{section.2}% 9
\BOOKMARK [1][-]{section.3}{\376\377\0003\000.\000\040\173\054\116\011\172\340\000\040\150\010\124\214\226\037\122\027}{}% 10
\BOOKMARK [2][-]{subsection.3.1}{\376\377\0003\000.\0001\000.\000\040\167\345\213\306\160\271\150\263\164\006}{section.3}% 11
\BOOKMARK [2][-]{subsection.3.2}{\376\377\0003\000.\0002\000.\000\040\145\131\147\120\116\140\230\230\211\343\173\124}{section.3}% 12
\BOOKMARK [1][-]{section.4}{\376\377\0004\000.\000\040\173\054\126\333\172\340\000\040\116\062\124\214\145\160\176\304}{}% 13
\BOOKMARK [2][-]{subsection.4.1}{\376\377\0004\000.\0001\000.\000\040\167\345\213\306\160\271\150\263\164\006}{section.4}% 14
\BOOKMARK [2][-]{subsection.4.2}{\376\377\0004\000.\0002\000.\000\040\116\140\230\230\211\343\173\124}{section.4}% 15
\BOOKMARK [1][-]{section.5}{\376\377\0005\000.\000\040\173\054\116\224\172\340\000\040\150\021}{}% 16
\BOOKMARK [2][-]{subsection.5.1}{\376\377\0005\000.\0001\000.\000\040\220\011\142\351\230\230}{section.5}% 17
\BOOKMARK [2][-]{subsection.5.2}{\376\377\0005\000.\0002\000.\000\040\211\343\173\124\230\230}{section.5}% 18
\BOOKMARK [2][-]{subsection.5.3}{\376\377\0005\000.\0003\000.\000\040\173\227\154\325\213\276\213\241\230\230}{section.5}% 19
\BOOKMARK [2][-]{subsection.5.4}{\376\377\0005\000.\0004\000.\000\040\167\345\213\306\160\271\150\263\164\006}{section.5}% 20
\BOOKMARK [2][-]{subsection.5.5}{\376\377\0005\000.\0005\000.\000\040\116\140\230\230\211\343\173\124}{section.5}% 21
\BOOKMARK [1][-]{section.6}{\376\377\0006\000.\000\040\173\054\121\155\172\340\000\040\126\376}{}% 22
\BOOKMARK [2][-]{subsection.6.1}{\376\377\0006\000.\0001\000.\000\040\220\011\142\351\230\230}{section.6}% 23
\BOOKMARK [2][-]{subsection.6.2}{\376\377\0006\000.\0002\000.\000\040\211\343\173\124\230\230}{section.6}% 24
\BOOKMARK [2][-]{subsection.6.3}{\376\377\0006\000.\0003\000.\000\040\173\227\154\325\213\276\213\241}{section.6}% 25
\BOOKMARK [1][-]{section.7}{\376\377\0007\000.\000\040\173\054\116\003\172\340\000\040\147\345\142\176}{}% 26
\BOOKMARK [2][-]{subsection.7.1}{\376\377\0007\000.\0001\000.\000\040\167\345\213\306\160\271\150\263\164\006}{section.7}% 27
\BOOKMARK [2][-]{subsection.7.2}{\376\377\0007\000.\0002\000.\000\040\116\140\230\230\211\343\173\124}{section.7}% 28
