This is XeTeX, Version 3.141592653-2.6-0.999997 (MiKTeX 25.3) (preloaded format=xelatex 2025.3.26)  25 JUN 2025 21:06
entering extended mode
 \write18 enabled.
 file:line:error style messages enabled.
 %&-line parsing enabled.
**./教材习题解答.tex
(教材习题解答.tex
LaTeX2e <2024-11-01> patch level 2
L3 programming layer <2025-01-18>
(E:\Miktex\tex/latex/amscls\amsart.cls
Document Class: amsart 2020/05/29 v2.20.6
\linespacing=\dimen141
\normalparindent=\dimen142
\normaltopskip=\skip49
(E:\Miktex\tex/latex/amsmath\amsmath.sty
Package: amsmath 2024/11/05 v2.17t AMS math features
\@mathmargin=\skip50

For additional information on amsmath, use the `?' option.
(E:\Miktex\tex/latex/amsmath\amstext.sty
Package: amstext 2021/08/26 v2.01 AMS text

(E:\Miktex\tex/latex/amsmath\amsgen.sty
File: amsgen.sty 1999/11/30 v2.0 generic functions
\@emptytoks=\toks17
\ex@=\dimen143
))
(E:\Miktex\tex/latex/amsmath\amsbsy.sty
Package: amsbsy 1999/11/29 v1.2d Bold Symbols
\pmbraise@=\dimen144
)
(E:\Miktex\tex/latex/amsmath\amsopn.sty
Package: amsopn 2022/04/08 v2.04 operator names
)
\inf@bad=\count192
LaTeX Info: Redefining \frac on input line 233.
\uproot@=\count193
\leftroot@=\count194
LaTeX Info: Redefining \overline on input line 398.
LaTeX Info: Redefining \colon on input line 409.
\classnum@=\count195
\DOTSCASE@=\count196
LaTeX Info: Redefining \ldots on input line 495.
LaTeX Info: Redefining \dots on input line 498.
LaTeX Info: Redefining \cdots on input line 619.
\Mathstrutbox@=\box52
\strutbox@=\box53
LaTeX Info: Redefining \big on input line 721.
LaTeX Info: Redefining \Big on input line 722.
LaTeX Info: Redefining \bigg on input line 723.
LaTeX Info: Redefining \Bigg on input line 724.
\big@size=\dimen145
LaTeX Font Info:    Redeclaring font encoding OML on input line 742.
LaTeX Font Info:    Redeclaring font encoding OMS on input line 743.
\macc@depth=\count197
LaTeX Info: Redefining \bmod on input line 904.
LaTeX Info: Redefining \pmod on input line 909.
LaTeX Info: Redefining \smash on input line 939.
LaTeX Info: Redefining \relbar on input line 969.
LaTeX Info: Redefining \Relbar on input line 970.
\c@MaxMatrixCols=\count198
\dotsspace@=\muskip17
\c@parentequation=\count199
\dspbrk@lvl=\count266
\tag@help=\toks18
\row@=\count267
\column@=\count268
\maxfields@=\count269
\andhelp@=\toks19
\eqnshift@=\dimen146
\alignsep@=\dimen147
\tagshift@=\dimen148
\tagwidth@=\dimen149
\totwidth@=\dimen150
\lineht@=\dimen151
\@envbody=\toks20
\multlinegap=\skip51
\multlinetaggap=\skip52
\mathdisplay@stack=\toks21
LaTeX Info: Redefining \[ on input line 2953.
LaTeX Info: Redefining \] on input line 2954.
)
LaTeX Font Info:    Trying to load font information for U+msa on input line 397
.
 (E:\Miktex\tex/latex/amsfonts\umsa.fd
File: umsa.fd 2013/01/14 v3.01 AMS symbols A
) (E:\Miktex\tex/latex/amsfonts\amsfonts.sty
Package: amsfonts 2013/01/14 v3.01 Basic AMSFonts support
\symAMSa=\mathgroup4
\symAMSb=\mathgroup5
LaTeX Font Info:    Redeclaring math symbol \hbar on input line 98.
LaTeX Font Info:    Overwriting math alphabet `\mathfrak' in version `bold'
(Font)                  U/euf/m/n --> U/euf/b/n on input line 106.
)
\copyins=\insert252
\abstractbox=\box54
\listisep=\skip53
\c@part=\count270
\c@section=\count271
\c@subsection=\count272
\c@subsubsection=\count273
\c@paragraph=\count274
\c@subparagraph=\count275
\c@figure=\count276
\c@table=\count277
\abovecaptionskip=\skip54
\belowcaptionskip=\skip55
\captionindent=\dimen152
\thm@style=\toks22
\thm@bodyfont=\toks23
\thm@headfont=\toks24
\thm@notefont=\toks25
\thm@headpunct=\toks26
\thm@preskip=\skip56
\thm@postskip=\skip57
\thm@headsep=\skip58
\dth@everypar=\toks27
)
(E:\Miktex\tex/latex/ctex\ctex.sty (E:\Miktex\tex/latex/l3kernel\expl3.sty
Package: expl3 2025-01-18 L3 programming layer (loader) 

(E:\Miktex\tex/latex/l3backend\l3backend-xetex.def
File: l3backend-xetex.def 2024-05-08 L3 backend support: XeTeX
\g__graphics_track_int=\count278
\l__pdf_internal_box=\box55
\g__pdf_backend_annotation_int=\count279
\g__pdf_backend_link_int=\count280
))
Package: ctex 2022/07/14 v2.5.10 Chinese adapter in LaTeX (CTEX)

(E:\Miktex\tex/latex/ctex\ctexhook.sty
Package: ctexhook 2022/07/14 v2.5.10 Document and package hooks (CTEX)
) (E:\Miktex\tex/latex/ctex\ctexpatch.sty
Package: ctexpatch 2022/07/14 v2.5.10 Patching commands (CTEX)
) (E:\Miktex\tex/latex/base\fix-cm.sty
Package: fix-cm 2020/11/24 v1.1t fixes to LaTeX
 (E:\Miktex\tex/latex/base\ts1enc.def
File: ts1enc.def 2001/06/05 v3.0e (jk/car/fm) Standard LaTeX file
LaTeX Font Info:    Redeclaring font encoding TS1 on input line 47.
))
\l__ctex_tmp_int=\count281
\l__ctex_tmp_box=\box56
\l__ctex_tmp_dim=\dimen153
\g__ctex_section_depth_int=\count282
\g__ctex_font_size_int=\count283

(E:\Miktex\tex/latex/ctex/config\ctexopts.cfg
File: ctexopts.cfg 2022/07/14 v2.5.10 Option configuration file (CTEX)
)
(E:\Miktex\tex/latex/ctex/engine\ctex-engine-xetex.def
File: ctex-engine-xetex.def 2022/07/14 v2.5.10 XeLaTeX adapter (CTEX)

(E:\Miktex\tex/xelatex/xecjk\xeCJK.sty
Package: xeCJK 2022/08/05 v3.9.1 Typesetting CJK scripts with XeLaTeX

(E:\Miktex\tex/latex/l3packages/xtemplate\xtemplate.sty
Package: xtemplate 2024-08-16 L3 Experimental prototype document functions
)
\l__xeCJK_tmp_int=\count284
\l__xeCJK_tmp_box=\box57
\l__xeCJK_tmp_dim=\dimen154
\l__xeCJK_tmp_skip=\skip59
\g__xeCJK_space_factor_int=\count285
\l__xeCJK_begin_int=\count286
\l__xeCJK_end_int=\count287
\c__xeCJK_CJK_class_int=\XeTeXcharclass1
\c__xeCJK_FullLeft_class_int=\XeTeXcharclass2
\c__xeCJK_FullRight_class_int=\XeTeXcharclass3
\c__xeCJK_HalfLeft_class_int=\XeTeXcharclass4
\c__xeCJK_HalfRight_class_int=\XeTeXcharclass5
\c__xeCJK_NormalSpace_class_int=\XeTeXcharclass6
\c__xeCJK_CM_class_int=\XeTeXcharclass7
\c__xeCJK_HangulJamo_class_int=\XeTeXcharclass8
\l__xeCJK_last_skip=\skip60
\c__xeCJK_none_node=\count288
\g__xeCJK_node_int=\count289
\c__xeCJK_CJK_node_dim=\dimen155
\c__xeCJK_CJK-space_node_dim=\dimen156
\c__xeCJK_default_node_dim=\dimen157
\c__xeCJK_CJK-widow_node_dim=\dimen158
\c__xeCJK_normalspace_node_dim=\dimen159
\c__xeCJK_default-space_node_skip=\skip61
\l__xeCJK_ccglue_skip=\skip62
\l__xeCJK_ecglue_skip=\skip63
\l__xeCJK_punct_kern_skip=\skip64
\l__xeCJK_indent_box=\box58
\l__xeCJK_last_penalty_int=\count290
\l__xeCJK_last_bound_dim=\dimen160
\l__xeCJK_last_kern_dim=\dimen161
\l__xeCJK_widow_penalty_int=\count291

LaTeX template Info: Declaring template type 'xeCJK/punctuation' taking 0
(template)           argument(s) on line 2396.

\l__xeCJK_fixed_punct_width_dim=\dimen162
\l__xeCJK_mixed_punct_width_dim=\dimen163
\l__xeCJK_middle_punct_width_dim=\dimen164
\l__xeCJK_fixed_margin_width_dim=\dimen165
\l__xeCJK_mixed_margin_width_dim=\dimen166
\l__xeCJK_middle_margin_width_dim=\dimen167
\l__xeCJK_bound_punct_width_dim=\dimen168
\l__xeCJK_bound_margin_width_dim=\dimen169
\l__xeCJK_margin_minimum_dim=\dimen170
\l__xeCJK_kerning_total_width_dim=\dimen171
\l__xeCJK_same_align_margin_dim=\dimen172
\l__xeCJK_different_align_margin_dim=\dimen173
\l__xeCJK_kerning_margin_width_dim=\dimen174
\l__xeCJK_kerning_margin_minimum_dim=\dimen175
\l__xeCJK_bound_dim=\dimen176
\l__xeCJK_reverse_bound_dim=\dimen177
\l__xeCJK_margin_dim=\dimen178
\l__xeCJK_minimum_bound_dim=\dimen179
\l__xeCJK_kerning_margin_dim=\dimen180
\g__xeCJK_family_int=\count292
\l__xeCJK_fam_int=\count293
\g__xeCJK_fam_allocation_int=\count294
\l__xeCJK_verb_case_int=\count295
\l__xeCJK_verb_exspace_skip=\skip65

(E:\Miktex\tex/latex/fontspec\fontspec.sty
(E:\Miktex\tex/latex/l3packages/xparse\xparse.sty
Package: xparse 2024-08-16 L3 Experimental document command parser
)
Package: fontspec 2024/05/11 v2.9e Font selection for XeLaTeX and LuaLaTeX

(E:\Miktex\tex/latex/fontspec\fontspec-xetex.sty
Package: fontspec-xetex 2024/05/11 v2.9e Font selection for XeLaTeX and LuaLaTe
X
\l__fontspec_script_int=\count296
\l__fontspec_language_int=\count297
\l__fontspec_strnum_int=\count298
\l__fontspec_tmp_int=\count299
\l__fontspec_tmpa_int=\count300
\l__fontspec_tmpb_int=\count301
\l__fontspec_tmpc_int=\count302
\l__fontspec_em_int=\count303
\l__fontspec_emdef_int=\count304
\l__fontspec_strong_int=\count305
\l__fontspec_strongdef_int=\count306
\l__fontspec_tmpa_dim=\dimen181
\l__fontspec_tmpb_dim=\dimen182
\l__fontspec_tmpc_dim=\dimen183

(E:\Miktex\tex/latex/base\fontenc.sty
Package: fontenc 2021/04/29 v2.0v Standard LaTeX package
)
(E:\Miktex\tex/latex/fontspec\fontspec.cfg)))
(E:\Miktex\tex/xelatex/xecjk\xeCJK.cfg
File: xeCJK.cfg 2022/08/05 v3.9.1 Configuration file for xeCJK package
))
\ccwd=\dimen184
\l__ctex_ccglue_skip=\skip66
)
\l__ctex_ziju_dim=\dimen185

(E:\Miktex\tex/latex/zhnumber\zhnumber.sty
Package: zhnumber 2022/07/14 v3.0 Typesetting numbers with Chinese glyphs
\l__zhnum_scale_int=\count307
\l__zhnum_tmp_int=\count308

(E:\Miktex\tex/latex/zhnumber\zhnumber-utf8.cfg
File: zhnumber-utf8.cfg 2022/07/14 v3.0 Chinese numerals with UTF8 encoding
))
(E:\Miktex\tex/latex/ctex/scheme\ctex-scheme-chinese.def
File: ctex-scheme-chinese.def 2022/07/14 v2.5.10 Chinese scheme for generic (CT
EX)

(E:\Miktex\tex/latex/ctex/config\ctex-name-utf8.cfg
File: ctex-name-utf8.cfg 2022/07/14 v2.5.10 Caption with encoding UTF-8 (CTEX)
))
(E:\Miktex\tex/latex/ctex/fontset\ctex-fontset-windows.def
File: ctex-fontset-windows.def 2022/07/14 v2.5.10 Windows fonts definition (CTE
X)

Package fontspec Info: 
(fontspec)             Could not resolve font "KaiTi/B" (it probably doesn't
(fontspec)             exist).


Package fontspec Info: 
(fontspec)             Could not resolve font "SimHei/I" (it probably doesn't
(fontspec)             exist).


Package fontspec Info: 
(fontspec)             Could not resolve font "SimSun/BI" (it probably doesn't
(fontspec)             exist).


Package fontspec Info: 
(fontspec)             Font family 'SimSun(0)' created for font 'SimSun' with
(fontspec)             options
(fontspec)             [Script={CJK},BoldFont={SimHei},ItalicFont={KaiTi}].
(fontspec)              
(fontspec)              This font family consists of the following NFSS
(fontspec)             series/shapes:
(fontspec)              
(fontspec)             - 'normal' (m/n) with NFSS spec.:
(fontspec)             <->"SimSun/OT:script=hani;language=dflt;"
(fontspec)             - 'bold' (b/n) with NFSS spec.:
(fontspec)             <->"SimHei/OT:script=hani;language=dflt;"
(fontspec)             - 'italic' (m/it) with NFSS spec.:
(fontspec)             <->"KaiTi/OT:script=hani;language=dflt;"

))
(E:\Miktex\tex/latex/ctex/config\ctex.cfg
File: ctex.cfg 2022/07/14 v2.5.10 Configuration file (CTEX)
)
(E:\Miktex\tex/latex/amsfonts\amssymb.sty
Package: amssymb 2013/01/14 v3.01 AMS font symbols
)
(E:\Miktex\tex/latex/geometry\geometry.sty
Package: geometry 2020/01/02 v5.9 Page Geometry

(E:\Miktex\tex/latex/graphics\keyval.sty
Package: keyval 2022/05/29 v1.15 key=value parser (DPC)
\KV@toks@=\toks28
)
(E:\Miktex\tex/generic/iftex\ifvtex.sty
Package: ifvtex 2019/10/25 v1.7 ifvtex legacy package. Use iftex instead.
 (E:\Miktex\tex/generic/iftex\iftex.sty
Package: iftex 2024/12/12 v1.0g TeX engine tests
))
\Gm@cnth=\count309
\Gm@cntv=\count310
\c@Gm@tempcnt=\count311
\Gm@bindingoffset=\dimen186
\Gm@wd@mp=\dimen187
\Gm@odd@mp=\dimen188
\Gm@even@mp=\dimen189
\Gm@layoutwidth=\dimen190
\Gm@layoutheight=\dimen191
\Gm@layouthoffset=\dimen192
\Gm@layoutvoffset=\dimen193
\Gm@dimlist=\toks29
 (E:\Miktex\tex/latex/geometry\geometry.cfg))
(E:\Miktex\tex/latex/graphics\graphicx.sty
Package: graphicx 2021/09/16 v1.2d Enhanced LaTeX Graphics (DPC,SPQR)

(E:\Miktex\tex/latex/graphics\graphics.sty
Package: graphics 2024/08/06 v1.4g Standard LaTeX Graphics (DPC,SPQR)

(E:\Miktex\tex/latex/graphics\trig.sty
Package: trig 2023/12/02 v1.11 sin cos tan (DPC)
)
(E:\Miktex\tex/latex/graphics-cfg\graphics.cfg
File: graphics.cfg 2016/06/04 v1.11 sample graphics configuration
)
Package graphics Info: Driver file: xetex.def on input line 106.

(E:\Miktex\tex/latex/graphics-def\xetex.def
File: xetex.def 2022/09/22 v5.0n Graphics/color driver for xetex
))
\Gin@req@height=\dimen194
\Gin@req@width=\dimen195
)
(E:\Miktex\tex/latex/listings\listings.sty
\lst@mode=\count312
\lst@gtempboxa=\box59
\lst@token=\toks30
\lst@length=\count313
\lst@currlwidth=\dimen196
\lst@column=\count314
\lst@pos=\count315
\lst@lostspace=\dimen197
\lst@width=\dimen198
\lst@newlines=\count316
\lst@lineno=\count317
\lst@maxwidth=\dimen199

(E:\Miktex\tex/latex/listings\lstpatch.sty
File: lstpatch.sty 2024/09/23 1.10c (Carsten Heinz)
)
(E:\Miktex\tex/latex/listings\lstmisc.sty
File: lstmisc.sty 2024/09/23 1.10c (Carsten Heinz)
\c@lstnumber=\count318
\lst@skipnumbers=\count319
\lst@framebox=\box60
)
(E:\Miktex\tex/latex/listings\listings.cfg
File: listings.cfg 2024/09/23 1.10c listings configuration
))
Package: listings 2024/09/23 1.10c (Carsten Heinz)

(E:\Miktex\tex/xelatex/xecjk\xeCJK-listings.sty
Package: xeCJK-listings 2022/08/05 v3.9.1 xeCJK patch file for listings
\l__xeCJK_listings_max_char_int=\count320
\l__xeCJK_listings_flag_int=\count321
)
(E:\Miktex\tex/latex/xcolor\xcolor.sty
Package: xcolor 2024/09/29 v3.02 LaTeX color extensions (UK)

(E:\Miktex\tex/latex/graphics-cfg\color.cfg
File: color.cfg 2016/01/02 v1.6 sample color configuration
)
Package xcolor Info: Driver file: xetex.def on input line 274.

(E:\Miktex\tex/latex/graphics\mathcolor.ltx)
Package xcolor Info: Model `cmy' substituted by `cmy0' on input line 1349.
Package xcolor Info: Model `RGB' extended on input line 1365.
Package xcolor Info: Model `HTML' substituted by `rgb' on input line 1367.
Package xcolor Info: Model `Hsb' substituted by `hsb' on input line 1368.
Package xcolor Info: Model `tHsb' substituted by `hsb' on input line 1369.
Package xcolor Info: Model `HSB' substituted by `hsb' on input line 1370.
Package xcolor Info: Model `Gray' substituted by `gray' on input line 1371.
Package xcolor Info: Model `wave' substituted by `hsb' on input line 1372.
)
(E:\Miktex\tex/latex/hyperref\hyperref.sty
Package: hyperref 2024-11-05 v7.01l Hypertext links for LaTeX

(E:\Miktex\tex/latex/kvsetkeys\kvsetkeys.sty
Package: kvsetkeys 2022-10-05 v1.19 Key value parser (HO)
)
(E:\Miktex\tex/generic/kvdefinekeys\kvdefinekeys.sty
Package: kvdefinekeys 2019-12-19 v1.6 Define keys (HO)
)
(E:\Miktex\tex/generic/pdfescape\pdfescape.sty
Package: pdfescape 2019/12/09 v1.15 Implements pdfTeX's escape features (HO)

(E:\Miktex\tex/generic/ltxcmds\ltxcmds.sty
Package: ltxcmds 2023-12-04 v1.26 LaTeX kernel commands for general use (HO)
)
(E:\Miktex\tex/generic/pdftexcmds\pdftexcmds.sty
Package: pdftexcmds 2020-06-27 v0.33 Utility functions of pdfTeX for LuaTeX (HO
)

(E:\Miktex\tex/generic/infwarerr\infwarerr.sty
Package: infwarerr 2019/12/03 v1.5 Providing info/warning/error messages (HO)
)
Package pdftexcmds Info: \pdf@primitive is available.
Package pdftexcmds Info: \pdf@ifprimitive is available.
Package pdftexcmds Info: \pdfdraftmode not found.
))
(E:\Miktex\tex/latex/hycolor\hycolor.sty
Package: hycolor 2020-01-27 v1.10 Color options for hyperref/bookmark (HO)
)
(E:\Miktex\tex/latex/hyperref\nameref.sty
Package: nameref 2023-11-26 v2.56 Cross-referencing by name of section

(E:\Miktex\tex/latex/refcount\refcount.sty
Package: refcount 2019/12/15 v3.6 Data extraction from label references (HO)
)
(E:\Miktex\tex/generic/gettitlestring\gettitlestring.sty
Package: gettitlestring 2019/12/15 v1.6 Cleanup title references (HO)

(E:\Miktex\tex/latex/kvoptions\kvoptions.sty
Package: kvoptions 2022-06-15 v3.15 Key value format for package options (HO)
))
\c@section@level=\count322
)
(E:\Miktex\tex/latex/etoolbox\etoolbox.sty
Package: etoolbox 2025/02/11 v2.5l e-TeX tools for LaTeX (JAW)
\etb@tempcnta=\count323
)
(E:\Miktex\tex/generic/stringenc\stringenc.sty
Package: stringenc 2019/11/29 v1.12 Convert strings between diff. encodings (HO
)
)
\@linkdim=\dimen256
\Hy@linkcounter=\count324
\Hy@pagecounter=\count325

(E:\Miktex\tex/latex/hyperref\pd1enc.def
File: pd1enc.def 2024-11-05 v7.01l Hyperref: PDFDocEncoding definition (HO)
)
(E:\Miktex\tex/generic/intcalc\intcalc.sty
Package: intcalc 2019/12/15 v1.3 Expandable calculations with integers (HO)
)
\Hy@SavedSpaceFactor=\count326

(E:\Miktex\tex/latex/hyperref\puenc.def
File: puenc.def 2024-11-05 v7.01l Hyperref: PDF Unicode definition (HO)
)
Package hyperref Info: Option `unicode' set `true' on input line 4040.
Package hyperref Info: Option `colorlinks' set `true' on input line 4040.
Package hyperref Info: Hyper figures OFF on input line 4157.
Package hyperref Info: Link nesting OFF on input line 4162.
Package hyperref Info: Hyper index ON on input line 4165.
Package hyperref Info: Plain pages OFF on input line 4172.
Package hyperref Info: Backreferencing OFF on input line 4177.
Package hyperref Info: Implicit mode ON; LaTeX internals redefined.
Package hyperref Info: Bookmarks ON on input line 4424.
\c@Hy@tempcnt=\count327
 (E:\Miktex\tex/latex/url\url.sty
\Urlmuskip=\muskip18
Package: url 2013/09/16  ver 3.4  Verb mode for urls, etc.
)
LaTeX Info: Redefining \url on input line 4763.
\XeTeXLinkMargin=\dimen257

(E:\Miktex\tex/generic/bitset\bitset.sty
Package: bitset 2019/12/09 v1.3 Handle bit-vector datatype (HO)

(E:\Miktex\tex/generic/bigintcalc\bigintcalc.sty
Package: bigintcalc 2019/12/15 v1.5 Expandable calculations on big integers (HO
)
))
\Fld@menulength=\count328
\Field@Width=\dimen258
\Fld@charsize=\dimen259
Package hyperref Info: Hyper figures OFF on input line 6042.
Package hyperref Info: Link nesting OFF on input line 6047.
Package hyperref Info: Hyper index ON on input line 6050.
Package hyperref Info: backreferencing OFF on input line 6057.
Package hyperref Info: Link coloring ON on input line 6060.
Package hyperref Info: Link coloring with OCG OFF on input line 6067.
Package hyperref Info: PDF/A mode OFF on input line 6072.

(E:\Miktex\tex/latex/base\atbegshi-ltx.sty
Package: atbegshi-ltx 2021/01/10 v1.0c Emulation of the original atbegshi
package with kernel methods
)
\Hy@abspage=\count329
\c@Item=\count330
\c@Hfootnote=\count331
)
Package hyperref Info: Driver (autodetected): hxetex.

(E:\Miktex\tex/latex/hyperref\hxetex.def
File: hxetex.def 2024-11-05 v7.01l Hyperref driver for XeTeX
\pdfm@box=\box61
\c@Hy@AnnotLevel=\count332
\HyField@AnnotCount=\count333
\Fld@listcount=\count334
\c@bookmark@seq@number=\count335

(E:\Miktex\tex/latex/rerunfilecheck\rerunfilecheck.sty
Package: rerunfilecheck 2022-07-10 v1.10 Rerun checks for auxiliary files (HO)

(E:\Miktex\tex/latex/base\atveryend-ltx.sty
Package: atveryend-ltx 2020/08/19 v1.0a Emulation of the original atveryend pac
kage
with kernel methods
)
(E:\Miktex\tex/generic/uniquecounter\uniquecounter.sty
Package: uniquecounter 2019/12/15 v1.4 Provide unlimited unique counter (HO)
)
Package uniquecounter Info: New unique counter `rerunfilecheck' on input line 2
85.
)
\Hy@SectionHShift=\skip67
)
(E:\Miktex\tex/latex/fancyhdr\fancyhdr.sty
Package: fancyhdr 2025/02/07 v5.2 Extensive control of page headers and footers

\f@nch@headwidth=\skip68
\f@nch@offset@elh=\skip69
\f@nch@offset@erh=\skip70
\f@nch@offset@olh=\skip71
\f@nch@offset@orh=\skip72
\f@nch@offset@elf=\skip73
\f@nch@offset@erf=\skip74
\f@nch@offset@olf=\skip75
\f@nch@offset@orf=\skip76
\f@nch@height=\skip77
\f@nch@footalignment=\skip78
\f@nch@widthL=\skip79
\f@nch@widthC=\skip80
\f@nch@widthR=\skip81
\@temptokenb=\toks31
)
(E:\Miktex\tex/latex/pgf/frontendlayer\tikz.sty
(E:\Miktex\tex/latex/pgf/basiclayer\pgf.sty
(E:\Miktex\tex/latex/pgf/utilities\pgfrcs.sty
(E:\Miktex\tex/generic/pgf/utilities\pgfutil-common.tex
\pgfutil@everybye=\toks32
\pgfutil@tempdima=\dimen260
\pgfutil@tempdimb=\dimen261
)
(E:\Miktex\tex/generic/pgf/utilities\pgfutil-latex.def
\pgfutil@abb=\box62
)
(E:\Miktex\tex/generic/pgf/utilities\pgfrcs.code.tex
(E:\Miktex\tex/generic/pgf\pgf.revision.tex)
Package: pgfrcs 2023-01-15 v3.1.10 (3.1.10)
))
Package: pgf 2023-01-15 v3.1.10 (3.1.10)

(E:\Miktex\tex/latex/pgf/basiclayer\pgfcore.sty
(E:\Miktex\tex/latex/pgf/systemlayer\pgfsys.sty
(E:\Miktex\tex/generic/pgf/systemlayer\pgfsys.code.tex
Package: pgfsys 2023-01-15 v3.1.10 (3.1.10)

(E:\Miktex\tex/generic/pgf/utilities\pgfkeys.code.tex
\pgfkeys@pathtoks=\toks33
\pgfkeys@temptoks=\toks34

(E:\Miktex\tex/generic/pgf/utilities\pgfkeyslibraryfiltered.code.tex
\pgfkeys@tmptoks=\toks35
))
\pgf@x=\dimen262
\pgf@y=\dimen263
\pgf@xa=\dimen264
\pgf@ya=\dimen265
\pgf@xb=\dimen266
\pgf@yb=\dimen267
\pgf@xc=\dimen268
\pgf@yc=\dimen269
\pgf@xd=\dimen270
\pgf@yd=\dimen271
\w@pgf@writea=\write3
\r@pgf@reada=\read2
\c@pgf@counta=\count336
\c@pgf@countb=\count337
\c@pgf@countc=\count338
\c@pgf@countd=\count339
\t@pgf@toka=\toks36
\t@pgf@tokb=\toks37
\t@pgf@tokc=\toks38
\pgf@sys@id@count=\count340

(E:\Miktex\tex/generic/pgf/systemlayer\pgf.cfg
File: pgf.cfg 2023-01-15 v3.1.10 (3.1.10)
)
Driver file for pgf: pgfsys-xetex.def

(E:\Miktex\tex/generic/pgf/systemlayer\pgfsys-xetex.def
File: pgfsys-xetex.def 2023-01-15 v3.1.10 (3.1.10)

(E:\Miktex\tex/generic/pgf/systemlayer\pgfsys-dvipdfmx.def
File: pgfsys-dvipdfmx.def 2023-01-15 v3.1.10 (3.1.10)

(E:\Miktex\tex/generic/pgf/systemlayer\pgfsys-common-pdf.def
File: pgfsys-common-pdf.def 2023-01-15 v3.1.10 (3.1.10)
)
\pgfsys@objnum=\count341
)))
(E:\Miktex\tex/generic/pgf/systemlayer\pgfsyssoftpath.code.tex
File: pgfsyssoftpath.code.tex 2023-01-15 v3.1.10 (3.1.10)
\pgfsyssoftpath@smallbuffer@items=\count342
\pgfsyssoftpath@bigbuffer@items=\count343
)
(E:\Miktex\tex/generic/pgf/systemlayer\pgfsysprotocol.code.tex
File: pgfsysprotocol.code.tex 2023-01-15 v3.1.10 (3.1.10)
))
(E:\Miktex\tex/generic/pgf/basiclayer\pgfcore.code.tex
Package: pgfcore 2023-01-15 v3.1.10 (3.1.10)

(E:\Miktex\tex/generic/pgf/math\pgfmath.code.tex
(E:\Miktex\tex/generic/pgf/math\pgfmathutil.code.tex)
(E:\Miktex\tex/generic/pgf/math\pgfmathparser.code.tex
\pgfmath@dimen=\dimen272
\pgfmath@count=\count344
\pgfmath@box=\box63
\pgfmath@toks=\toks39
\pgfmath@stack@operand=\toks40
\pgfmath@stack@operation=\toks41
)
(E:\Miktex\tex/generic/pgf/math\pgfmathfunctions.code.tex)
(E:\Miktex\tex/generic/pgf/math\pgfmathfunctions.basic.code.tex)
(E:\Miktex\tex/generic/pgf/math\pgfmathfunctions.trigonometric.code.tex)
(E:\Miktex\tex/generic/pgf/math\pgfmathfunctions.random.code.tex)
(E:\Miktex\tex/generic/pgf/math\pgfmathfunctions.comparison.code.tex)
(E:\Miktex\tex/generic/pgf/math\pgfmathfunctions.base.code.tex)
(E:\Miktex\tex/generic/pgf/math\pgfmathfunctions.round.code.tex)
(E:\Miktex\tex/generic/pgf/math\pgfmathfunctions.misc.code.tex)
(E:\Miktex\tex/generic/pgf/math\pgfmathfunctions.integerarithmetics.code.tex)
(E:\Miktex\tex/generic/pgf/math\pgfmathcalc.code.tex)
(E:\Miktex\tex/generic/pgf/math\pgfmathfloat.code.tex
\c@pgfmathroundto@lastzeros=\count345
))
(E:\Miktex\tex/generic/pgf/math\pgfint.code.tex)
(E:\Miktex\tex/generic/pgf/basiclayer\pgfcorepoints.code.tex
File: pgfcorepoints.code.tex 2023-01-15 v3.1.10 (3.1.10)
\pgf@picminx=\dimen273
\pgf@picmaxx=\dimen274
\pgf@picminy=\dimen275
\pgf@picmaxy=\dimen276
\pgf@pathminx=\dimen277
\pgf@pathmaxx=\dimen278
\pgf@pathminy=\dimen279
\pgf@pathmaxy=\dimen280
\pgf@xx=\dimen281
\pgf@xy=\dimen282
\pgf@yx=\dimen283
\pgf@yy=\dimen284
\pgf@zx=\dimen285
\pgf@zy=\dimen286
)
(E:\Miktex\tex/generic/pgf/basiclayer\pgfcorepathconstruct.code.tex
File: pgfcorepathconstruct.code.tex 2023-01-15 v3.1.10 (3.1.10)
\pgf@path@lastx=\dimen287
\pgf@path@lasty=\dimen288
)
(E:\Miktex\tex/generic/pgf/basiclayer\pgfcorepathusage.code.tex
File: pgfcorepathusage.code.tex 2023-01-15 v3.1.10 (3.1.10)
\pgf@shorten@end@additional=\dimen289
\pgf@shorten@start@additional=\dimen290
)
(E:\Miktex\tex/generic/pgf/basiclayer\pgfcorescopes.code.tex
File: pgfcorescopes.code.tex 2023-01-15 v3.1.10 (3.1.10)
\pgfpic=\box64
\pgf@hbox=\box65
\pgf@layerbox@main=\box66
\pgf@picture@serial@count=\count346
)
(E:\Miktex\tex/generic/pgf/basiclayer\pgfcoregraphicstate.code.tex
File: pgfcoregraphicstate.code.tex 2023-01-15 v3.1.10 (3.1.10)
\pgflinewidth=\dimen291
)
(E:\Miktex\tex/generic/pgf/basiclayer\pgfcoretransformations.code.tex
File: pgfcoretransformations.code.tex 2023-01-15 v3.1.10 (3.1.10)
\pgf@pt@x=\dimen292
\pgf@pt@y=\dimen293
\pgf@pt@temp=\dimen294
)
(E:\Miktex\tex/generic/pgf/basiclayer\pgfcorequick.code.tex
File: pgfcorequick.code.tex 2023-01-15 v3.1.10 (3.1.10)
)
(E:\Miktex\tex/generic/pgf/basiclayer\pgfcoreobjects.code.tex
File: pgfcoreobjects.code.tex 2023-01-15 v3.1.10 (3.1.10)
)
(E:\Miktex\tex/generic/pgf/basiclayer\pgfcorepathprocessing.code.tex
File: pgfcorepathprocessing.code.tex 2023-01-15 v3.1.10 (3.1.10)
)
(E:\Miktex\tex/generic/pgf/basiclayer\pgfcorearrows.code.tex
File: pgfcorearrows.code.tex 2023-01-15 v3.1.10 (3.1.10)
\pgfarrowsep=\dimen295
)
(E:\Miktex\tex/generic/pgf/basiclayer\pgfcoreshade.code.tex
File: pgfcoreshade.code.tex 2023-01-15 v3.1.10 (3.1.10)
\pgf@max=\dimen296
\pgf@sys@shading@range@num=\count347
\pgf@shadingcount=\count348
)
(E:\Miktex\tex/generic/pgf/basiclayer\pgfcoreimage.code.tex
File: pgfcoreimage.code.tex 2023-01-15 v3.1.10 (3.1.10)
)
(E:\Miktex\tex/generic/pgf/basiclayer\pgfcoreexternal.code.tex
File: pgfcoreexternal.code.tex 2023-01-15 v3.1.10 (3.1.10)
\pgfexternal@startupbox=\box67
)
(E:\Miktex\tex/generic/pgf/basiclayer\pgfcorelayers.code.tex
File: pgfcorelayers.code.tex 2023-01-15 v3.1.10 (3.1.10)
)
(E:\Miktex\tex/generic/pgf/basiclayer\pgfcoretransparency.code.tex
File: pgfcoretransparency.code.tex 2023-01-15 v3.1.10 (3.1.10)
)
(E:\Miktex\tex/generic/pgf/basiclayer\pgfcorepatterns.code.tex
File: pgfcorepatterns.code.tex 2023-01-15 v3.1.10 (3.1.10)
)
(E:\Miktex\tex/generic/pgf/basiclayer\pgfcorerdf.code.tex
File: pgfcorerdf.code.tex 2023-01-15 v3.1.10 (3.1.10)
)))
(E:\Miktex\tex/generic/pgf/modules\pgfmoduleshapes.code.tex
File: pgfmoduleshapes.code.tex 2023-01-15 v3.1.10 (3.1.10)
\pgfnodeparttextbox=\box68
)
(E:\Miktex\tex/generic/pgf/modules\pgfmoduleplot.code.tex
File: pgfmoduleplot.code.tex 2023-01-15 v3.1.10 (3.1.10)
)
(E:\Miktex\tex/latex/pgf/compatibility\pgfcomp-version-0-65.sty
Package: pgfcomp-version-0-65 2023-01-15 v3.1.10 (3.1.10)
\pgf@nodesepstart=\dimen297
\pgf@nodesepend=\dimen298
)
(E:\Miktex\tex/latex/pgf/compatibility\pgfcomp-version-1-18.sty
Package: pgfcomp-version-1-18 2023-01-15 v3.1.10 (3.1.10)
))
(E:\Miktex\tex/latex/pgf/utilities\pgffor.sty
(E:\Miktex\tex/latex/pgf/utilities\pgfkeys.sty
(E:\Miktex\tex/generic/pgf/utilities\pgfkeys.code.tex))
(E:\Miktex\tex/latex/pgf/math\pgfmath.sty
(E:\Miktex\tex/generic/pgf/math\pgfmath.code.tex))
(E:\Miktex\tex/generic/pgf/utilities\pgffor.code.tex
Package: pgffor 2023-01-15 v3.1.10 (3.1.10)
\pgffor@iter=\dimen299
\pgffor@skip=\dimen300
\pgffor@stack=\toks42
\pgffor@toks=\toks43
))
(E:\Miktex\tex/generic/pgf/frontendlayer/tikz\tikz.code.tex
Package: tikz 2023-01-15 v3.1.10 (3.1.10)

(E:\Miktex\tex/generic/pgf/libraries\pgflibraryplothandlers.code.tex
File: pgflibraryplothandlers.code.tex 2023-01-15 v3.1.10 (3.1.10)
\pgf@plot@mark@count=\count349
\pgfplotmarksize=\dimen301
)
\tikz@lastx=\dimen302
\tikz@lasty=\dimen303
\tikz@lastxsaved=\dimen304
\tikz@lastysaved=\dimen305
\tikz@lastmovetox=\dimen306
\tikz@lastmovetoy=\dimen307
\tikzleveldistance=\dimen308
\tikzsiblingdistance=\dimen309
\tikz@figbox=\box69
\tikz@figbox@bg=\box70
\tikz@tempbox=\box71
\tikz@tempbox@bg=\box72
\tikztreelevel=\count350
\tikznumberofchildren=\count351
\tikznumberofcurrentchild=\count352
\tikz@fig@count=\count353

(E:\Miktex\tex/generic/pgf/modules\pgfmodulematrix.code.tex
File: pgfmodulematrix.code.tex 2023-01-15 v3.1.10 (3.1.10)
\pgfmatrixcurrentrow=\count354
\pgfmatrixcurrentcolumn=\count355
\pgf@matrix@numberofcolumns=\count356
)
\tikz@expandcount=\count357

(E:\Miktex\tex/generic/pgf/frontendlayer/tikz/libraries\tikzlibrarytopaths.code
.tex
File: tikzlibrarytopaths.code.tex 2023-01-15 v3.1.10 (3.1.10)
))) (E:\Miktex\tex/latex/algorithms\algorithm.sty
Invalid UTF-8 byte or sequence at line 11 replaced by U+FFFD.
Package: algorithm 2009/08/24 v0.1 Document Style `algorithm' - floating enviro
nment

(E:\Miktex\tex/latex/float\float.sty
Package: float 2001/11/08 v1.3d Float enhancements (AL)
\c@float@type=\count358
\float@exts=\toks44
\float@box=\box73
\@float@everytoks=\toks45
\@floatcapt=\box74
) (E:\Miktex\tex/latex/base\ifthen.sty
Package: ifthen 2024/03/16 v1.1e Standard LaTeX ifthen package (DPC)
)
\@float@every@algorithm=\toks46
\c@algorithm=\count359
)
(E:\Miktex\tex/latex/algorithms\algorithmic.sty
Invalid UTF-8 byte or sequence at line 11 replaced by U+FFFD.
Package: algorithmic 2009/08/24 v0.1 Document Style `algorithmic'
\c@ALC@unique=\count360
\c@ALC@line=\count361
\c@ALC@rem=\count362
\c@ALC@depth=\count363
\ALC@tlm=\skip82
\algorithmicindent=\skip83
)
(E:\Miktex\tex/latex/tikz-qtree\tikz-qtree.sty
(E:\Miktex\tex/latex/tikz-qtree\pgftree.sty
(E:\Miktex\tex/latex/tikz-qtree\pgfsubpic.sty
(E:\Miktex\tex/generic/tikz-qtree\pgfsubpic.tex
\pgf@subpicminx=\dimen310
\pgf@subpicminy=\dimen311
\pgf@subpicmaxx=\dimen312
\pgf@subpicmaxy=\dimen313
))
(E:\Miktex\tex/generic/tikz-qtree\pgftree.tex
\levelsep=\dimen314
\subtreesep=\dimen315
\smuggle@levelsep=\dimen316
\smuggle@subtreesep=\dimen317
\this@levelsep=\dimen318
\this@subtreesep=\dimen319
\pgftree@childx=\dimen320
\pgftree@savechildx=\dimen321
\pgftree@childy=\dimen322
\pgftree@savechildy=\dimen323
\pgftree@childi=\count364
\pgftree@savechildi=\count365
\pgftree@level=\count366
\pgftree@depth=\dimen324
\pgf@subpic@hbox@children=\box75
\pgf@subpic@minx@children=\dimen325
\pgf@subpic@miny@children=\dimen326
\pgf@subpic@maxx@children=\dimen327
\pgf@subpic@maxy@children=\dimen328
\pgftree@lastchildx=\dimen329
\pgftree@lastchildy=\dimen330
))
(E:\Miktex\tex/generic/tikz-qtree\tikz-qtree.tex
\@result=\toks47
\child@list=\toks48
\root@node=\toks49
))
\c@problem=\count367
\c@solution=\count368

(E:\Miktex\tex/latex/listings\lstlang1.sty
File: lstlang1.sty 2024/09/23 1.10c listings language file
)
(E:\Miktex\tex/latex/listings\lstlang1.sty
File: lstlang1.sty 2024/09/23 1.10c listings language file
)
(E:\Miktex\tex/latex/listings\lstmisc.sty
File: lstmisc.sty 2024/09/23 1.10c (Carsten Heinz)
) (教材习题解答.aux)
\openout1 = `教材习题解答.aux'.

LaTeX Font Info:    Checking defaults for OML/cmm/m/it on input line 44.
LaTeX Font Info:    ... okay on input line 44.
LaTeX Font Info:    Checking defaults for OMS/cmsy/m/n on input line 44.
LaTeX Font Info:    ... okay on input line 44.
LaTeX Font Info:    Checking defaults for OT1/cmr/m/n on input line 44.
LaTeX Font Info:    ... okay on input line 44.
LaTeX Font Info:    Checking defaults for T1/cmr/m/n on input line 44.
LaTeX Font Info:    ... okay on input line 44.
LaTeX Font Info:    Checking defaults for TS1/cmr/m/n on input line 44.
LaTeX Font Info:    ... okay on input line 44.
LaTeX Font Info:    Checking defaults for TU/lmr/m/n on input line 44.
LaTeX Font Info:    ... okay on input line 44.
LaTeX Font Info:    Checking defaults for OMX/cmex/m/n on input line 44.
LaTeX Font Info:    ... okay on input line 44.
LaTeX Font Info:    Checking defaults for U/cmr/m/n on input line 44.
LaTeX Font Info:    ... okay on input line 44.
LaTeX Font Info:    Checking defaults for PD1/pdf/m/n on input line 44.
LaTeX Font Info:    ... okay on input line 44.
LaTeX Font Info:    Checking defaults for PU/pdf/m/n on input line 44.
LaTeX Font Info:    ... okay on input line 44.
LaTeX Font Info:    Trying to load font information for U+msa on input line 44.


(E:\Miktex\tex/latex/amsfonts\umsa.fd
File: umsa.fd 2013/01/14 v3.01 AMS symbols A
)
LaTeX Font Info:    Trying to load font information for U+msb on input line 44.

 (E:\Miktex\tex/latex/amsfonts\umsb.fd
File: umsb.fd 2013/01/14 v3.01 AMS symbols B
)

Package fontspec Info: 
(fontspec)             Adjusting the maths setup (use [no-math] to avoid
(fontspec)             this).

\symlegacymaths=\mathgroup6
LaTeX Font Info:    Overwriting symbol font `legacymaths' in version `bold'
(Font)                  OT1/cmr/m/n --> OT1/cmr/bx/n on input line 44.
LaTeX Font Info:    Redeclaring math accent \acute on input line 44.
LaTeX Font Info:    Redeclaring math accent \grave on input line 44.
LaTeX Font Info:    Redeclaring math accent \ddot on input line 44.
LaTeX Font Info:    Redeclaring math accent \tilde on input line 44.
LaTeX Font Info:    Redeclaring math accent \bar on input line 44.
LaTeX Font Info:    Redeclaring math accent \breve on input line 44.
LaTeX Font Info:    Redeclaring math accent \check on input line 44.
LaTeX Font Info:    Redeclaring math accent \hat on input line 44.
LaTeX Font Info:    Redeclaring math accent \dot on input line 44.
LaTeX Font Info:    Redeclaring math accent \mathring on input line 44.
LaTeX Font Info:    Redeclaring math symbol \Gamma on input line 44.
LaTeX Font Info:    Redeclaring math symbol \Delta on input line 44.
LaTeX Font Info:    Redeclaring math symbol \Theta on input line 44.
LaTeX Font Info:    Redeclaring math symbol \Lambda on input line 44.
LaTeX Font Info:    Redeclaring math symbol \Xi on input line 44.
LaTeX Font Info:    Redeclaring math symbol \Pi on input line 44.
LaTeX Font Info:    Redeclaring math symbol \Sigma on input line 44.
LaTeX Font Info:    Redeclaring math symbol \Upsilon on input line 44.
LaTeX Font Info:    Redeclaring math symbol \Phi on input line 44.
LaTeX Font Info:    Redeclaring math symbol \Psi on input line 44.
LaTeX Font Info:    Redeclaring math symbol \Omega on input line 44.
LaTeX Font Info:    Redeclaring math symbol \mathdollar on input line 44.
LaTeX Font Info:    Redeclaring symbol font `operators' on input line 44.
LaTeX Font Info:    Encoding `OT1' has changed to `TU' for symbol font
(Font)              `operators' in the math version `normal' on input line 44.
LaTeX Font Info:    Overwriting symbol font `operators' in version `normal'
(Font)                  OT1/cmr/m/n --> TU/lmr/m/n on input line 44.
LaTeX Font Info:    Encoding `OT1' has changed to `TU' for symbol font
(Font)              `operators' in the math version `bold' on input line 44.
LaTeX Font Info:    Overwriting symbol font `operators' in version `bold'
(Font)                  OT1/cmr/bx/n --> TU/lmr/m/n on input line 44.
LaTeX Font Info:    Overwriting symbol font `operators' in version `normal'
(Font)                  TU/lmr/m/n --> TU/lmr/m/n on input line 44.
LaTeX Font Info:    Overwriting math alphabet `\mathit' in version `normal'
(Font)                  OT1/cmr/m/it --> TU/lmr/m/it on input line 44.
LaTeX Font Info:    Overwriting math alphabet `\mathbf' in version `normal'
(Font)                  OT1/cmr/bx/n --> TU/lmr/b/n on input line 44.
LaTeX Font Info:    Overwriting math alphabet `\mathsf' in version `normal'
(Font)                  OT1/cmss/m/n --> TU/lmss/m/n on input line 44.
LaTeX Font Info:    Overwriting math alphabet `\mathtt' in version `normal'
(Font)                  OT1/cmtt/m/n --> TU/lmtt/m/n on input line 44.
LaTeX Font Info:    Overwriting symbol font `operators' in version `bold'
(Font)                  TU/lmr/m/n --> TU/lmr/b/n on input line 44.
LaTeX Font Info:    Overwriting math alphabet `\mathit' in version `bold'
(Font)                  OT1/cmr/bx/it --> TU/lmr/b/it on input line 44.
LaTeX Font Info:    Overwriting math alphabet `\mathsf' in version `bold'
(Font)                  OT1/cmss/bx/n --> TU/lmss/b/n on input line 44.
LaTeX Font Info:    Overwriting math alphabet `\mathtt' in version `bold'
(Font)                  OT1/cmtt/m/n --> TU/lmtt/b/n on input line 44.

*geometry* driver: auto-detecting
*geometry* detected driver: xetex
*geometry* verbose mode - [ preamble ] result:
* driver: xetex
* paper: a4paper
* layout: <same size as paper>
* layoutoffset:(h,v)=(0.0pt,0.0pt)
* modes: twoside 
* h-part:(L,W,R)=(71.13188pt, 455.24411pt, 71.13188pt)
* v-part:(T,H,B)=(71.13188pt, 702.78308pt, 71.13188pt)
* \paperwidth=597.50787pt
* \paperheight=845.04684pt
* \textwidth=455.24411pt
* \textheight=702.78308pt
* \oddsidemargin=-1.1381pt
* \evensidemargin=-1.1381pt
* \topmargin=-23.1381pt
* \headheight=8.0pt
* \headsep=14.0pt
* \topskip=10.0pt
* \footskip=12.0pt
* \marginparwidth=90.0pt
* \marginparsep=11.0pt
* \columnsep=10.0pt
* \skip\footins=7.0pt plus 11.0pt
* \hoffset=0.0pt
* \voffset=0.0pt
* \mag=1000
* \@twocolumnfalse
* \@twosidetrue
* \@mparswitchtrue
* \@reversemarginfalse
* (1in=72.27pt=25.4mm, 1cm=28.453pt)

\c@lstlisting=\count369
Package hyperref Info: Link coloring ON on input line 44.
(教材习题解答.out) (教材习题解答.out)
\@outlinefile=\write4
\openout4 = `教材习题解答.out'.



LaTeX Font Warning: Font shape `TU/SimSun(0)/m/sc' undefined
(Font)              using `TU/SimSun(0)/m/n' instead on input line 48.

(教材习题解答.toc)
\tf@toc=\write5
\openout5 = `教材习题解答.toc'.



[1]


Package fancyhdr Warning: \headheight is too small (8.0pt): 
(fancyhdr)                Make it at least 14.09067pt, for example:
(fancyhdr)                \setlength{\headheight}{14.09067pt}.
(fancyhdr)                You might also make \topmargin smaller:
(fancyhdr)                \addtolength{\topmargin}{-6.09067pt}.


Package fancyhdr Warning: \footskip is too small (12.0pt): 
(fancyhdr)                Make it at least 14.0pt, for example:
(fancyhdr)                \setlength{\footskip}{14.0pt}.

[2]


Package fancyhdr Warning: \headheight is too small (8.0pt): 
(fancyhdr)                Make it at least 14.09067pt, for example:
(fancyhdr)                \setlength{\headheight}{14.09067pt}.
(fancyhdr)                You might also make \topmargin smaller:
(fancyhdr)                \addtolength{\topmargin}{-6.09067pt}.


Package fancyhdr Warning: \footskip is too small (12.0pt): 
(fancyhdr)                Make it at least 14.0pt, for example:
(fancyhdr)                \setlength{\footskip}{14.0pt}.

[3]

Package fontspec Info: 
(fontspec)             Could not resolve font "FangSong/BI" (it probably
(fontspec)             doesn't exist).


Package fontspec Info: 
(fontspec)             Could not resolve font "FangSong/B" (it probably
(fontspec)             doesn't exist).


Package fontspec Info: 
(fontspec)             Could not resolve font "FangSong/I" (it probably
(fontspec)             doesn't exist).


Package fontspec Info: 
(fontspec)             Font family 'FangSong(0)' created for font 'FangSong'
(fontspec)             with options [Script={CJK}].
(fontspec)              
(fontspec)              This font family consists of the following NFSS
(fontspec)             series/shapes:
(fontspec)              
(fontspec)             - 'normal' (m/n) with NFSS spec.:
(fontspec)             <->"FangSong/OT:script=hani;language=dflt;"




Package fancyhdr Warning: \headheight is too small (8.0pt): 
(fancyhdr)                Make it at least 14.09067pt, for example:
(fancyhdr)                \setlength{\headheight}{14.09067pt}.
(fancyhdr)                You might also make \topmargin smaller:
(fancyhdr)                \addtolength{\topmargin}{-6.09067pt}.


Package fancyhdr Warning: \footskip is too small (12.0pt): 
(fancyhdr)                Make it at least 14.0pt, for example:
(fancyhdr)                \setlength{\footskip}{14.0pt}.

[4]
Underfull \vbox (badness 10000) has occurred while \output is active []




Package fancyhdr Warning: \headheight is too small (8.0pt): 
(fancyhdr)                Make it at least 14.09067pt, for example:
(fancyhdr)                \setlength{\headheight}{14.09067pt}.
(fancyhdr)                You might also make \topmargin smaller:
(fancyhdr)                \addtolength{\topmargin}{-6.09067pt}.


Package fancyhdr Warning: \footskip is too small (12.0pt): 
(fancyhdr)                Make it at least 14.0pt, for example:
(fancyhdr)                \setlength{\footskip}{14.0pt}.

[5]
Overfull \hbox (162.08511pt too wide) in paragraph at lines 344--350
[]|\TU/SimSun(0)/m/n/12 （\TU/lmr/m/n/12 1\TU/SimSun(0)/m/n/12 ）|  假 设 有 数 据 结 构
 $\OT1/cmr/m/n/12 (\OML/cmm/m/it/12 D; R\OT1/cmr/m/n/12 )$ \TU/SimSun(0)/m/n/12
 ，|  其 中 $\OML/cmm/m/it/12 D \OT1/cmr/m/n/12 = \OMS/cmsy/m/n/12 f\OT1/cmr/m/n/1
2 1\OML/cmm/m/it/12 ; \OT1/cmr/m/n/12 2\OML/cmm/m/it/12 ; \OT1/cmr/m/n/12 3\OML
/cmm/m/it/12 ; \OT1/cmr/m/n/12 4\OML/cmm/m/it/12 ; \OT1/cmr/m/n/12 5\OML/cmm/m/
it/12 ; \OT1/cmr/m/n/12 6\OMS/cmsy/m/n/12 g\OML/cmm/m/it/12 ; R \OT1/cmr/m/n/12
 = \OMS/cmsy/m/n/12 f\OT1/cmr/m/n/12 (1\OML/cmm/m/it/12 ; \OT1/cmr/m/n/12 2)\OM
L/cmm/m/it/12 ; \OT1/cmr/m/n/12 (1\OML/cmm/m/it/12 ; \OT1/cmr/m/n/12 4)$ \TU/Si
mSun(0)/m/n/12 ，| $\OT1/cmr/m/n/12 (2\OML/cmm/m/it/12 ; \OT1/cmr/m/n/12 3)\OML/
cmm/m/it/12 ; \OT1/cmr/m/n/12 (2\OML/cmm/m/it/12 ; \OT1/cmr/m/n/12 4)\OML/cmm/m
/it/12 ; \OT1/cmr/m/n/12 (3\OML/cmm/m/it/12 ; \OT1/cmr/m/n/12 4)\OML/cmm/m/it/1
2 ; \OT1/cmr/m/n/12 (3\OML/cmm/m/it/12 ; \OT1/cmr/m/n/12 5)\OML/cmm/m/it/12 ; \
OT1/cmr/m/n/12 (3\OML/cmm/m/it/12 ; \OT1/cmr/m/n/12 6)\OML/cmm/m/it/12 ; \OT1/c
mr/m/n/12 (4\OML/cmm/m/it/12 ; \OT1/cmr/m/n/12 5)\OML/cmm/m/it/12 ; \OT1/cmr/m/
n/12 (5\OML/cmm/m/it/12 ; \OT1/cmr/m/n/12 6)\OMS/cmsy/m/n/12 g$
 []




Package fancyhdr Warning: \headheight is too small (8.0pt): 
(fancyhdr)                Make it at least 14.09067pt, for example:
(fancyhdr)                \setlength{\headheight}{14.09067pt}.
(fancyhdr)                You might also make \topmargin smaller:
(fancyhdr)                \addtolength{\topmargin}{-6.09067pt}.


Package fancyhdr Warning: \footskip is too small (12.0pt): 
(fancyhdr)                Make it at least 14.0pt, for example:
(fancyhdr)                \setlength{\footskip}{14.0pt}.

[6]

Package hyperref Warning: Token not allowed in a PDF string (Unicode):
(hyperref)                removing `math shift' on input line 351.


Package hyperref Warning: Token not allowed in a PDF string (Unicode):
(hyperref)                removing `math shift' on input line 351.




Package fancyhdr Warning: \headheight is too small (8.0pt): 
(fancyhdr)                Make it at least 14.09067pt, for example:
(fancyhdr)                \setlength{\headheight}{14.09067pt}.
(fancyhdr)                You might also make \topmargin smaller:
(fancyhdr)                \addtolength{\topmargin}{-6.09067pt}.


Package fancyhdr Warning: \footskip is too small (12.0pt): 
(fancyhdr)                Make it at least 14.0pt, for example:
(fancyhdr)                \setlength{\footskip}{14.0pt}.

[7]


Package fancyhdr Warning: \headheight is too small (8.0pt): 
(fancyhdr)                Make it at least 14.09067pt, for example:
(fancyhdr)                \setlength{\headheight}{14.09067pt}.
(fancyhdr)                You might also make \topmargin smaller:
(fancyhdr)                \addtolength{\topmargin}{-6.09067pt}.


Package fancyhdr Warning: \footskip is too small (12.0pt): 
(fancyhdr)                Make it at least 14.0pt, for example:
(fancyhdr)                \setlength{\footskip}{14.0pt}.

[8]


Package fancyhdr Warning: \headheight is too small (8.0pt): 
(fancyhdr)                Make it at least 14.09067pt, for example:
(fancyhdr)                \setlength{\headheight}{14.09067pt}.
(fancyhdr)                You might also make \topmargin smaller:
(fancyhdr)                \addtolength{\topmargin}{-6.09067pt}.


Package fancyhdr Warning: \footskip is too small (12.0pt): 
(fancyhdr)                Make it at least 14.0pt, for example:
(fancyhdr)                \setlength{\footskip}{14.0pt}.

[9]


Package fancyhdr Warning: \headheight is too small (8.0pt): 
(fancyhdr)                Make it at least 14.09067pt, for example:
(fancyhdr)                \setlength{\headheight}{14.09067pt}.
(fancyhdr)                You might also make \topmargin smaller:
(fancyhdr)                \addtolength{\topmargin}{-6.09067pt}.


Package fancyhdr Warning: \footskip is too small (12.0pt): 
(fancyhdr)                Make it at least 14.0pt, for example:
(fancyhdr)                \setlength{\footskip}{14.0pt}.

[10]


Package fancyhdr Warning: \headheight is too small (8.0pt): 
(fancyhdr)                Make it at least 14.09067pt, for example:
(fancyhdr)                \setlength{\headheight}{14.09067pt}.
(fancyhdr)                You might also make \topmargin smaller:
(fancyhdr)                \addtolength{\topmargin}{-6.09067pt}.


Package fancyhdr Warning: \footskip is too small (12.0pt): 
(fancyhdr)                Make it at least 14.0pt, for example:
(fancyhdr)                \setlength{\footskip}{14.0pt}.

[11]


Package fancyhdr Warning: \headheight is too small (8.0pt): 
(fancyhdr)                Make it at least 14.09067pt, for example:
(fancyhdr)                \setlength{\headheight}{14.09067pt}.
(fancyhdr)                You might also make \topmargin smaller:
(fancyhdr)                \addtolength{\topmargin}{-6.09067pt}.


Package fancyhdr Warning: \footskip is too small (12.0pt): 
(fancyhdr)                Make it at least 14.0pt, for example:
(fancyhdr)                \setlength{\footskip}{14.0pt}.

[12]


Package fancyhdr Warning: \headheight is too small (8.0pt): 
(fancyhdr)                Make it at least 14.09067pt, for example:
(fancyhdr)                \setlength{\headheight}{14.09067pt}.
(fancyhdr)                You might also make \topmargin smaller:
(fancyhdr)                \addtolength{\topmargin}{-6.09067pt}.


Package fancyhdr Warning: \footskip is too small (12.0pt): 
(fancyhdr)                Make it at least 14.0pt, for example:
(fancyhdr)                \setlength{\footskip}{14.0pt}.

[13]


Package fancyhdr Warning: \headheight is too small (8.0pt): 
(fancyhdr)                Make it at least 14.09067pt, for example:
(fancyhdr)                \setlength{\headheight}{14.09067pt}.
(fancyhdr)                You might also make \topmargin smaller:
(fancyhdr)                \addtolength{\topmargin}{-6.09067pt}.


Package fancyhdr Warning: \footskip is too small (12.0pt): 
(fancyhdr)                Make it at least 14.0pt, for example:
(fancyhdr)                \setlength{\footskip}{14.0pt}.

[14]


Package fancyhdr Warning: \headheight is too small (8.0pt): 
(fancyhdr)                Make it at least 14.09067pt, for example:
(fancyhdr)                \setlength{\headheight}{14.09067pt}.
(fancyhdr)                You might also make \topmargin smaller:
(fancyhdr)                \addtolength{\topmargin}{-6.09067pt}.


Package fancyhdr Warning: \footskip is too small (12.0pt): 
(fancyhdr)                Make it at least 14.0pt, for example:
(fancyhdr)                \setlength{\footskip}{14.0pt}.

[15]


Package fancyhdr Warning: \headheight is too small (8.0pt): 
(fancyhdr)                Make it at least 14.09067pt, for example:
(fancyhdr)                \setlength{\headheight}{14.09067pt}.
(fancyhdr)                You might also make \topmargin smaller:
(fancyhdr)                \addtolength{\topmargin}{-6.09067pt}.


Package fancyhdr Warning: \footskip is too small (12.0pt): 
(fancyhdr)                Make it at least 14.0pt, for example:
(fancyhdr)                \setlength{\footskip}{14.0pt}.

[16]


Package fancyhdr Warning: \headheight is too small (8.0pt): 
(fancyhdr)                Make it at least 14.09067pt, for example:
(fancyhdr)                \setlength{\headheight}{14.09067pt}.
(fancyhdr)                You might also make \topmargin smaller:
(fancyhdr)                \addtolength{\topmargin}{-6.09067pt}.


Package fancyhdr Warning: \footskip is too small (12.0pt): 
(fancyhdr)                Make it at least 14.0pt, for example:
(fancyhdr)                \setlength{\footskip}{14.0pt}.

[17]


Package fancyhdr Warning: \headheight is too small (8.0pt): 
(fancyhdr)                Make it at least 14.09067pt, for example:
(fancyhdr)                \setlength{\headheight}{14.09067pt}.
(fancyhdr)                You might also make \topmargin smaller:
(fancyhdr)                \addtolength{\topmargin}{-6.09067pt}.


Package fancyhdr Warning: \footskip is too small (12.0pt): 
(fancyhdr)                Make it at least 14.0pt, for example:
(fancyhdr)                \setlength{\footskip}{14.0pt}.

[18]


Package fancyhdr Warning: \headheight is too small (8.0pt): 
(fancyhdr)                Make it at least 14.09067pt, for example:
(fancyhdr)                \setlength{\headheight}{14.09067pt}.
(fancyhdr)                You might also make \topmargin smaller:
(fancyhdr)                \addtolength{\topmargin}{-6.09067pt}.


Package fancyhdr Warning: \footskip is too small (12.0pt): 
(fancyhdr)                Make it at least 14.0pt, for example:
(fancyhdr)                \setlength{\footskip}{14.0pt}.

[19]


Package fancyhdr Warning: \headheight is too small (8.0pt): 
(fancyhdr)                Make it at least 14.09067pt, for example:
(fancyhdr)                \setlength{\headheight}{14.09067pt}.
(fancyhdr)                You might also make \topmargin smaller:
(fancyhdr)                \addtolength{\topmargin}{-6.09067pt}.


Package fancyhdr Warning: \footskip is too small (12.0pt): 
(fancyhdr)                Make it at least 14.0pt, for example:
(fancyhdr)                \setlength{\footskip}{14.0pt}.

[20]


Package fancyhdr Warning: \headheight is too small (8.0pt): 
(fancyhdr)                Make it at least 14.09067pt, for example:
(fancyhdr)                \setlength{\headheight}{14.09067pt}.
(fancyhdr)                You might also make \topmargin smaller:
(fancyhdr)                \addtolength{\topmargin}{-6.09067pt}.


Package fancyhdr Warning: \footskip is too small (12.0pt): 
(fancyhdr)                Make it at least 14.0pt, for example:
(fancyhdr)                \setlength{\footskip}{14.0pt}.

[21]


Package fancyhdr Warning: \headheight is too small (8.0pt): 
(fancyhdr)                Make it at least 14.09067pt, for example:
(fancyhdr)                \setlength{\headheight}{14.09067pt}.
(fancyhdr)                You might also make \topmargin smaller:
(fancyhdr)                \addtolength{\topmargin}{-6.09067pt}.


Package fancyhdr Warning: \footskip is too small (12.0pt): 
(fancyhdr)                Make it at least 14.0pt, for example:
(fancyhdr)                \setlength{\footskip}{14.0pt}.

[22]


Package fancyhdr Warning: \headheight is too small (8.0pt): 
(fancyhdr)                Make it at least 14.09067pt, for example:
(fancyhdr)                \setlength{\headheight}{14.09067pt}.
(fancyhdr)                You might also make \topmargin smaller:
(fancyhdr)                \addtolength{\topmargin}{-6.09067pt}.


Package fancyhdr Warning: \footskip is too small (12.0pt): 
(fancyhdr)                Make it at least 14.0pt, for example:
(fancyhdr)                \setlength{\footskip}{14.0pt}.

[23]


Package fancyhdr Warning: \headheight is too small (8.0pt): 
(fancyhdr)                Make it at least 14.09067pt, for example:
(fancyhdr)                \setlength{\headheight}{14.09067pt}.
(fancyhdr)                You might also make \topmargin smaller:
(fancyhdr)                \addtolength{\topmargin}{-6.09067pt}.


Package fancyhdr Warning: \footskip is too small (12.0pt): 
(fancyhdr)                Make it at least 14.0pt, for example:
(fancyhdr)                \setlength{\footskip}{14.0pt}.

[24]


Package fancyhdr Warning: \headheight is too small (8.0pt): 
(fancyhdr)                Make it at least 14.09067pt, for example:
(fancyhdr)                \setlength{\headheight}{14.09067pt}.
(fancyhdr)                You might also make \topmargin smaller:
(fancyhdr)                \addtolength{\topmargin}{-6.09067pt}.


Package fancyhdr Warning: \footskip is too small (12.0pt): 
(fancyhdr)                Make it at least 14.0pt, for example:
(fancyhdr)                \setlength{\footskip}{14.0pt}.

[25]


Package fancyhdr Warning: \headheight is too small (8.0pt): 
(fancyhdr)                Make it at least 14.09067pt, for example:
(fancyhdr)                \setlength{\headheight}{14.09067pt}.
(fancyhdr)                You might also make \topmargin smaller:
(fancyhdr)                \addtolength{\topmargin}{-6.09067pt}.


Package fancyhdr Warning: \footskip is too small (12.0pt): 
(fancyhdr)                Make it at least 14.0pt, for example:
(fancyhdr)                \setlength{\footskip}{14.0pt}.

[26]
Overfull \hbox (2.18507pt too wide) in paragraph at lines 1405--1406
 \TU/lmr/m/n/12 4.1.1.\TU/SimSun(0)/m/it/12 串 的 基 本 概 念\TU/lmr/m/it/12 .[] \TU/
SimSun(0)/b/n/12 定 义：|  \TU/SimSun(0)/m/n/12 串 是 由 零 个 或 多 个 字 符 组 成 的 有 限 序 列，
|  记 作 $\OML/cmm/m/it/12 S \OT1/cmr/m/n/12 =[] \OML/cmm/m/it/12 c[]c[] [] c[]$ 

 []




Package fancyhdr Warning: \headheight is too small (8.0pt): 
(fancyhdr)                Make it at least 14.09067pt, for example:
(fancyhdr)                \setlength{\headheight}{14.09067pt}.
(fancyhdr)                You might also make \topmargin smaller:
(fancyhdr)                \addtolength{\topmargin}{-6.09067pt}.


Package fancyhdr Warning: \footskip is too small (12.0pt): 
(fancyhdr)                Make it at least 14.0pt, for example:
(fancyhdr)                \setlength{\footskip}{14.0pt}.

[27]


Package fancyhdr Warning: \headheight is too small (8.0pt): 
(fancyhdr)                Make it at least 14.09067pt, for example:
(fancyhdr)                \setlength{\headheight}{14.09067pt}.
(fancyhdr)                You might also make \topmargin smaller:
(fancyhdr)                \addtolength{\topmargin}{-6.09067pt}.


Package fancyhdr Warning: \footskip is too small (12.0pt): 
(fancyhdr)                Make it at least 14.0pt, for example:
(fancyhdr)                \setlength{\footskip}{14.0pt}.

[28]
Missing character: There is no ≥ in font [lmroman12-regular]:mapping=tex-text;!



Package fancyhdr Warning: \headheight is too small (8.0pt): 
(fancyhdr)                Make it at least 14.09067pt, for example:
(fancyhdr)                \setlength{\headheight}{14.09067pt}.
(fancyhdr)                You might also make \topmargin smaller:
(fancyhdr)                \addtolength{\topmargin}{-6.09067pt}.


Package fancyhdr Warning: \footskip is too small (12.0pt): 
(fancyhdr)                Make it at least 14.0pt, for example:
(fancyhdr)                \setlength{\footskip}{14.0pt}.

[29]
Missing character: There is no ≤ in font [lmroman12-regular]:mapping=tex-text;!
Missing character: There is no ≤ in font [lmroman12-regular]:mapping=tex-text;!



Package fancyhdr Warning: \headheight is too small (8.0pt): 
(fancyhdr)                Make it at least 14.09067pt, for example:
(fancyhdr)                \setlength{\headheight}{14.09067pt}.
(fancyhdr)                You might also make \topmargin smaller:
(fancyhdr)                \addtolength{\topmargin}{-6.09067pt}.


Package fancyhdr Warning: \footskip is too small (12.0pt): 
(fancyhdr)                Make it at least 14.0pt, for example:
(fancyhdr)                \setlength{\footskip}{14.0pt}.

[30]


Package fancyhdr Warning: \headheight is too small (8.0pt): 
(fancyhdr)                Make it at least 14.09067pt, for example:
(fancyhdr)                \setlength{\headheight}{14.09067pt}.
(fancyhdr)                You might also make \topmargin smaller:
(fancyhdr)                \addtolength{\topmargin}{-6.09067pt}.


Package fancyhdr Warning: \footskip is too small (12.0pt): 
(fancyhdr)                Make it at least 14.0pt, for example:
(fancyhdr)                \setlength{\footskip}{14.0pt}.

[31]


Package fancyhdr Warning: \headheight is too small (8.0pt): 
(fancyhdr)                Make it at least 14.09067pt, for example:
(fancyhdr)                \setlength{\headheight}{14.09067pt}.
(fancyhdr)                You might also make \topmargin smaller:
(fancyhdr)                \addtolength{\topmargin}{-6.09067pt}.


Package fancyhdr Warning: \footskip is too small (12.0pt): 
(fancyhdr)                Make it at least 14.0pt, for example:
(fancyhdr)                \setlength{\footskip}{14.0pt}.

[32]


Package fancyhdr Warning: \headheight is too small (8.0pt): 
(fancyhdr)                Make it at least 14.09067pt, for example:
(fancyhdr)                \setlength{\headheight}{14.09067pt}.
(fancyhdr)                You might also make \topmargin smaller:
(fancyhdr)                \addtolength{\topmargin}{-6.09067pt}.


Package fancyhdr Warning: \footskip is too small (12.0pt): 
(fancyhdr)                Make it at least 14.0pt, for example:
(fancyhdr)                \setlength{\footskip}{14.0pt}.

[33]


Package fancyhdr Warning: \headheight is too small (8.0pt): 
(fancyhdr)                Make it at least 14.09067pt, for example:
(fancyhdr)                \setlength{\headheight}{14.09067pt}.
(fancyhdr)                You might also make \topmargin smaller:
(fancyhdr)                \addtolength{\topmargin}{-6.09067pt}.


Package fancyhdr Warning: \footskip is too small (12.0pt): 
(fancyhdr)                Make it at least 14.0pt, for example:
(fancyhdr)                \setlength{\footskip}{14.0pt}.

[34]


Package fancyhdr Warning: \headheight is too small (8.0pt): 
(fancyhdr)                Make it at least 14.09067pt, for example:
(fancyhdr)                \setlength{\headheight}{14.09067pt}.
(fancyhdr)                You might also make \topmargin smaller:
(fancyhdr)                \addtolength{\topmargin}{-6.09067pt}.


Package fancyhdr Warning: \footskip is too small (12.0pt): 
(fancyhdr)                Make it at least 14.0pt, for example:
(fancyhdr)                \setlength{\footskip}{14.0pt}.

[35]
Overfull \hbox (5.79991pt too wide) in paragraph at lines 2020--2024
[]\TU/lmr/bx/n/12 A. \TU/lmr/m/n/12 000,001,010,011,1 \TU/lmr/bx/n/12 B. \TU/lm
r/m/n/12 0000,0001,001,01,1 \TU/lmr/bx/n/12 C. \TU/lmr/m/n/12 000,001,01,10,11 
\TU/lmr/bx/n/12 D. \TU/lmr/m/n/12 00,100,101,110,111 
 []




Package fancyhdr Warning: \headheight is too small (8.0pt): 
(fancyhdr)                Make it at least 14.09067pt, for example:
(fancyhdr)                \setlength{\headheight}{14.09067pt}.
(fancyhdr)                You might also make \topmargin smaller:
(fancyhdr)                \addtolength{\topmargin}{-6.09067pt}.


Package fancyhdr Warning: \footskip is too small (12.0pt): 
(fancyhdr)                Make it at least 14.0pt, for example:
(fancyhdr)                \setlength{\footskip}{14.0pt}.

[36]


Package fancyhdr Warning: \headheight is too small (8.0pt): 
(fancyhdr)                Make it at least 14.09067pt, for example:
(fancyhdr)                \setlength{\headheight}{14.09067pt}.
(fancyhdr)                You might also make \topmargin smaller:
(fancyhdr)                \addtolength{\topmargin}{-6.09067pt}.


Package fancyhdr Warning: \footskip is too small (12.0pt): 
(fancyhdr)                Make it at least 14.0pt, for example:
(fancyhdr)                \setlength{\footskip}{14.0pt}.

[37]


Package fancyhdr Warning: \headheight is too small (8.0pt): 
(fancyhdr)                Make it at least 14.09067pt, for example:
(fancyhdr)                \setlength{\headheight}{14.09067pt}.
(fancyhdr)                You might also make \topmargin smaller:
(fancyhdr)                \addtolength{\topmargin}{-6.09067pt}.


Package fancyhdr Warning: \footskip is too small (12.0pt): 
(fancyhdr)                Make it at least 14.0pt, for example:
(fancyhdr)                \setlength{\footskip}{14.0pt}.

[38]


Package fancyhdr Warning: \headheight is too small (8.0pt): 
(fancyhdr)                Make it at least 14.09067pt, for example:
(fancyhdr)                \setlength{\headheight}{14.09067pt}.
(fancyhdr)                You might also make \topmargin smaller:
(fancyhdr)                \addtolength{\topmargin}{-6.09067pt}.


Package fancyhdr Warning: \footskip is too small (12.0pt): 
(fancyhdr)                Make it at least 14.0pt, for example:
(fancyhdr)                \setlength{\footskip}{14.0pt}.

[39]


Package fancyhdr Warning: \headheight is too small (8.0pt): 
(fancyhdr)                Make it at least 14.09067pt, for example:
(fancyhdr)                \setlength{\headheight}{14.09067pt}.
(fancyhdr)                You might also make \topmargin smaller:
(fancyhdr)                \addtolength{\topmargin}{-6.09067pt}.


Package fancyhdr Warning: \footskip is too small (12.0pt): 
(fancyhdr)                Make it at least 14.0pt, for example:
(fancyhdr)                \setlength{\footskip}{14.0pt}.

[40]


Package fancyhdr Warning: \headheight is too small (8.0pt): 
(fancyhdr)                Make it at least 14.09067pt, for example:
(fancyhdr)                \setlength{\headheight}{14.09067pt}.
(fancyhdr)                You might also make \topmargin smaller:
(fancyhdr)                \addtolength{\topmargin}{-6.09067pt}.


Package fancyhdr Warning: \footskip is too small (12.0pt): 
(fancyhdr)                Make it at least 14.0pt, for example:
(fancyhdr)                \setlength{\footskip}{14.0pt}.

[41]


Package fancyhdr Warning: \headheight is too small (8.0pt): 
(fancyhdr)                Make it at least 14.09067pt, for example:
(fancyhdr)                \setlength{\headheight}{14.09067pt}.
(fancyhdr)                You might also make \topmargin smaller:
(fancyhdr)                \addtolength{\topmargin}{-6.09067pt}.


Package fancyhdr Warning: \footskip is too small (12.0pt): 
(fancyhdr)                Make it at least 14.0pt, for example:
(fancyhdr)                \setlength{\footskip}{14.0pt}.

[42]


Package fancyhdr Warning: \headheight is too small (8.0pt): 
(fancyhdr)                Make it at least 14.09067pt, for example:
(fancyhdr)                \setlength{\headheight}{14.09067pt}.
(fancyhdr)                You might also make \topmargin smaller:
(fancyhdr)                \addtolength{\topmargin}{-6.09067pt}.


Package fancyhdr Warning: \footskip is too small (12.0pt): 
(fancyhdr)                Make it at least 14.0pt, for example:
(fancyhdr)                \setlength{\footskip}{14.0pt}.

[43]


Package fancyhdr Warning: \headheight is too small (8.0pt): 
(fancyhdr)                Make it at least 14.09067pt, for example:
(fancyhdr)                \setlength{\headheight}{14.09067pt}.
(fancyhdr)                You might also make \topmargin smaller:
(fancyhdr)                \addtolength{\topmargin}{-6.09067pt}.


Package fancyhdr Warning: \footskip is too small (12.0pt): 
(fancyhdr)                Make it at least 14.0pt, for example:
(fancyhdr)                \setlength{\footskip}{14.0pt}.

[44]
Underfull \vbox (badness 10000) has occurred while \output is active []




Package fancyhdr Warning: \headheight is too small (8.0pt): 
(fancyhdr)                Make it at least 14.09067pt, for example:
(fancyhdr)                \setlength{\headheight}{14.09067pt}.
(fancyhdr)                You might also make \topmargin smaller:
(fancyhdr)                \addtolength{\topmargin}{-6.09067pt}.


Package fancyhdr Warning: \footskip is too small (12.0pt): 
(fancyhdr)                Make it at least 14.0pt, for example:
(fancyhdr)                \setlength{\footskip}{14.0pt}.

[45]


Package fancyhdr Warning: \headheight is too small (8.0pt): 
(fancyhdr)                Make it at least 14.09067pt, for example:
(fancyhdr)                \setlength{\headheight}{14.09067pt}.
(fancyhdr)                You might also make \topmargin smaller:
(fancyhdr)                \addtolength{\topmargin}{-6.09067pt}.


Package fancyhdr Warning: \footskip is too small (12.0pt): 
(fancyhdr)                Make it at least 14.0pt, for example:
(fancyhdr)                \setlength{\footskip}{14.0pt}.

[46]


Package fancyhdr Warning: \headheight is too small (8.0pt): 
(fancyhdr)                Make it at least 14.09067pt, for example:
(fancyhdr)                \setlength{\headheight}{14.09067pt}.
(fancyhdr)                You might also make \topmargin smaller:
(fancyhdr)                \addtolength{\topmargin}{-6.09067pt}.


Package fancyhdr Warning: \footskip is too small (12.0pt): 
(fancyhdr)                Make it at least 14.0pt, for example:
(fancyhdr)                \setlength{\footskip}{14.0pt}.

[47]


Package fancyhdr Warning: \headheight is too small (8.0pt): 
(fancyhdr)                Make it at least 14.09067pt, for example:
(fancyhdr)                \setlength{\headheight}{14.09067pt}.
(fancyhdr)                You might also make \topmargin smaller:
(fancyhdr)                \addtolength{\topmargin}{-6.09067pt}.


Package fancyhdr Warning: \footskip is too small (12.0pt): 
(fancyhdr)                Make it at least 14.0pt, for example:
(fancyhdr)                \setlength{\footskip}{14.0pt}.

[48]


Package fancyhdr Warning: \headheight is too small (8.0pt): 
(fancyhdr)                Make it at least 14.09067pt, for example:
(fancyhdr)                \setlength{\headheight}{14.09067pt}.
(fancyhdr)                You might also make \topmargin smaller:
(fancyhdr)                \addtolength{\topmargin}{-6.09067pt}.


Package fancyhdr Warning: \footskip is too small (12.0pt): 
(fancyhdr)                Make it at least 14.0pt, for example:
(fancyhdr)                \setlength{\footskip}{14.0pt}.

[49]


Package fancyhdr Warning: \headheight is too small (8.0pt): 
(fancyhdr)                Make it at least 14.09067pt, for example:
(fancyhdr)                \setlength{\headheight}{14.09067pt}.
(fancyhdr)                You might also make \topmargin smaller:
(fancyhdr)                \addtolength{\topmargin}{-6.09067pt}.


Package fancyhdr Warning: \footskip is too small (12.0pt): 
(fancyhdr)                Make it at least 14.0pt, for example:
(fancyhdr)                \setlength{\footskip}{14.0pt}.

[50]


Package fancyhdr Warning: \headheight is too small (8.0pt): 
(fancyhdr)                Make it at least 14.09067pt, for example:
(fancyhdr)                \setlength{\headheight}{14.09067pt}.
(fancyhdr)                You might also make \topmargin smaller:
(fancyhdr)                \addtolength{\topmargin}{-6.09067pt}.


Package fancyhdr Warning: \footskip is too small (12.0pt): 
(fancyhdr)                Make it at least 14.0pt, for example:
(fancyhdr)                \setlength{\footskip}{14.0pt}.

[51]


Package fancyhdr Warning: \headheight is too small (8.0pt): 
(fancyhdr)                Make it at least 14.09067pt, for example:
(fancyhdr)                \setlength{\headheight}{14.09067pt}.
(fancyhdr)                You might also make \topmargin smaller:
(fancyhdr)                \addtolength{\topmargin}{-6.09067pt}.


Package fancyhdr Warning: \footskip is too small (12.0pt): 
(fancyhdr)                Make it at least 14.0pt, for example:
(fancyhdr)                \setlength{\footskip}{14.0pt}.

[52]


Package fancyhdr Warning: \headheight is too small (8.0pt): 
(fancyhdr)                Make it at least 14.09067pt, for example:
(fancyhdr)                \setlength{\headheight}{14.09067pt}.
(fancyhdr)                You might also make \topmargin smaller:
(fancyhdr)                \addtolength{\topmargin}{-6.09067pt}.


Package fancyhdr Warning: \footskip is too small (12.0pt): 
(fancyhdr)                Make it at least 14.0pt, for example:
(fancyhdr)                \setlength{\footskip}{14.0pt}.

[53]


Package fancyhdr Warning: \headheight is too small (8.0pt): 
(fancyhdr)                Make it at least 14.09067pt, for example:
(fancyhdr)                \setlength{\headheight}{14.09067pt}.
(fancyhdr)                You might also make \topmargin smaller:
(fancyhdr)                \addtolength{\topmargin}{-6.09067pt}.


Package fancyhdr Warning: \footskip is too small (12.0pt): 
(fancyhdr)                Make it at least 14.0pt, for example:
(fancyhdr)                \setlength{\footskip}{14.0pt}.

[54]
Missing character: There is no 、 in font [lmroman12-regular]:mapping=tex-text;!
Missing character: There is no 、 in font [lmroman12-regular]:mapping=tex-text;!
Missing character: There is no 、 in font [lmroman12-regular]:mapping=tex-text;!



Package fancyhdr Warning: \headheight is too small (8.0pt): 
(fancyhdr)                Make it at least 14.09067pt, for example:
(fancyhdr)                \setlength{\headheight}{14.09067pt}.
(fancyhdr)                You might also make \topmargin smaller:
(fancyhdr)                \addtolength{\topmargin}{-6.09067pt}.


Package fancyhdr Warning: \footskip is too small (12.0pt): 
(fancyhdr)                Make it at least 14.0pt, for example:
(fancyhdr)                \setlength{\footskip}{14.0pt}.

[55]


Package fancyhdr Warning: \headheight is too small (8.0pt): 
(fancyhdr)                Make it at least 14.09067pt, for example:
(fancyhdr)                \setlength{\headheight}{14.09067pt}.
(fancyhdr)                You might also make \topmargin smaller:
(fancyhdr)                \addtolength{\topmargin}{-6.09067pt}.


Package fancyhdr Warning: \footskip is too small (12.0pt): 
(fancyhdr)                Make it at least 14.0pt, for example:
(fancyhdr)                \setlength{\footskip}{14.0pt}.

[56]
Missing character: There is no 成 in font [lmroman8-regular]:mapping=tex-text;!
Missing character: There is no 功 in font [lmroman8-regular]:mapping=tex-text;!
Missing character: There is no 失 in font [lmroman8-regular]:mapping=tex-text;!
Missing character: There is no 败 in font [lmroman8-regular]:mapping=tex-text;!
Missing character: There is no ≈ in font [lmroman12-regular]:mapping=tex-text;!
教材习题解答.tex:3308: Dimension too large.
<argument> \pgf@xc 
                   
l.3308       ]
              
I can't work with sizes bigger than about 19 feet.
Continue and I'll use the largest value I can.

教材习题解答.tex:3308: Dimension too large.
<argument> \pgf@yc 
                   
l.3308       ]
              
I can't work with sizes bigger than about 19 feet.
Continue and I'll use the largest value I can.

教材习题解答.tex:3308: Dimension too large.
<argument> \pgf@x 
                  
l.3308       ]
              
I can't work with sizes bigger than about 19 feet.
Continue and I'll use the largest value I can.

教材习题解答.tex:3308: Dimension too large.
<argument> \pgf@x 
                  
l.3308       ]
              
I can't work with sizes bigger than about 19 feet.
Continue and I'll use the largest value I can.

教材习题解答.tex:3308: Dimension too large.
<recently read> \pgf@x 
                       
l.3308       ]
              
I can't work with sizes bigger than about 19 feet.
Continue and I'll use the largest value I can.

教材习题解答.tex:3308: Dimension too large.
<argument> \pgf@y 
                  
l.3308       ]
              
I can't work with sizes bigger than about 19 feet.
Continue and I'll use the largest value I can.

教材习题解答.tex:3308: Dimension too large.
<argument> \pgf@y 
                  
l.3308       ]
              
I can't work with sizes bigger than about 19 feet.
Continue and I'll use the largest value I can.

教材习题解答.tex:3308: Dimension too large.
<recently read> \pgf@y 
                       
l.3308       ]
              
I can't work with sizes bigger than about 19 feet.
Continue and I'll use the largest value I can.

教材习题解答.tex:3308: Dimension too large.
<argument> \pgf@x 
                  
l.3308       ]
              
I can't work with sizes bigger than about 19 feet.
Continue and I'll use the largest value I can.

教材习题解答.tex:3308: Dimension too large.
<argument> \pgf@x 
                  
l.3308       ]
              
I can't work with sizes bigger than about 19 feet.
Continue and I'll use the largest value I can.

教材习题解答.tex:3308: Dimension too large.
<recently read> \pgf@x 
                       
l.3308       ]
              
I can't work with sizes bigger than about 19 feet.
Continue and I'll use the largest value I can.

教材习题解答.tex:3308: Dimension too large.
<argument> \pgf@y 
                  
l.3308       ]
              
I can't work with sizes bigger than about 19 feet.
Continue and I'll use the largest value I can.

教材习题解答.tex:3308: Dimension too large.
<argument> \pgf@y 
                  
l.3308       ]
              
I can't work with sizes bigger than about 19 feet.
Continue and I'll use the largest value I can.

教材习题解答.tex:3308: Dimension too large.
<recently read> \pgf@y 
                       
l.3308       ]
              
I can't work with sizes bigger than about 19 feet.
Continue and I'll use the largest value I can.

教材习题解答.tex:3308: Dimension too large.
<argument> \pgf@xc 
                   
l.3308       ]
              
I can't work with sizes bigger than about 19 feet.
Continue and I'll use the largest value I can.

教材习题解答.tex:3308: Dimension too large.
<argument> \pgf@yc 
                   
l.3308       ]
              
I can't work with sizes bigger than about 19 feet.
Continue and I'll use the largest value I can.

教材习题解答.tex:3308: Dimension too large.
<argument> \pgf@x 
                  
l.3308       ]
              
I can't work with sizes bigger than about 19 feet.
Continue and I'll use the largest value I can.

教材习题解答.tex:3308: Dimension too large.
<argument> \pgf@x 
                  
l.3308       ]
              
I can't work with sizes bigger than about 19 feet.
Continue and I'll use the largest value I can.

教材习题解答.tex:3308: Dimension too large.
<recently read> \pgf@x 
                       
l.3308       ]
              
I can't work with sizes bigger than about 19 feet.
Continue and I'll use the largest value I can.

教材习题解答.tex:3308: Dimension too large.
<argument> \pgf@y 
                  
l.3308       ]
              
I can't work with sizes bigger than about 19 feet.
Continue and I'll use the largest value I can.

教材习题解答.tex:3308: Dimension too large.
<argument> \pgf@y 
                  
l.3308       ]
              
I can't work with sizes bigger than about 19 feet.
Continue and I'll use the largest value I can.

教材习题解答.tex:3308: Dimension too large.
<recently read> \pgf@y 
                       
l.3308       ]
              
I can't work with sizes bigger than about 19 feet.
Continue and I'll use the largest value I can.

教材习题解答.tex:3308: Dimension too large.
<argument> \pgf@x 
                  
l.3308       ]
              
I can't work with sizes bigger than about 19 feet.
Continue and I'll use the largest value I can.

教材习题解答.tex:3308: Dimension too large.
<argument> \pgf@x 
                  
l.3308       ]
              
I can't work with sizes bigger than about 19 feet.
Continue and I'll use the largest value I can.

教材习题解答.tex:3308: Dimension too large.
<recently read> \pgf@x 
                       
l.3308       ]
              
I can't work with sizes bigger than about 19 feet.
Continue and I'll use the largest value I can.

教材习题解答.tex:3308: Dimension too large.
<argument> \pgf@y 
                  
l.3308       ]
              
I can't work with sizes bigger than about 19 feet.
Continue and I'll use the largest value I can.

教材习题解答.tex:3308: Dimension too large.
<argument> \pgf@y 
                  
l.3308       ]
              
I can't work with sizes bigger than about 19 feet.
Continue and I'll use the largest value I can.

教材习题解答.tex:3308: Dimension too large.
<recently read> \pgf@y 
                       
l.3308       ]
              
I can't work with sizes bigger than about 19 feet.
Continue and I'll use the largest value I can.

教材习题解答.tex:3308: Dimension too large.
<to be read again> 
                   \relax 
l.3308       ]
              
I can't work with sizes bigger than about 19 feet.
Continue and I'll use the largest value I can.

教材习题解答.tex:3308: Dimension too large.
<argument> \pgf@xc 
                   
l.3308       ]
              
I can't work with sizes bigger than about 19 feet.
Continue and I'll use the largest value I can.

教材习题解答.tex:3308: Dimension too large.
<argument> \pgf@yc 
                   
l.3308       ]
              
I can't work with sizes bigger than about 19 feet.
Continue and I'll use the largest value I can.

教材习题解答.tex:3308: Dimension too large.
<argument> \pgf@y 
                  
l.3308       ]
              
I can't work with sizes bigger than about 19 feet.
Continue and I'll use the largest value I can.

教材习题解答.tex:3308: Dimension too large.
<argument> \pgf@y 
                  
l.3308       ]
              
I can't work with sizes bigger than about 19 feet.
Continue and I'll use the largest value I can.

教材习题解答.tex:3308: Dimension too large.
<recently read> \pgf@y 
                       
l.3308       ]
              
I can't work with sizes bigger than about 19 feet.
Continue and I'll use the largest value I can.

教材习题解答.tex:3308: Dimension too large.
<argument> \pgf@y 
                  
l.3308       ]
              
I can't work with sizes bigger than about 19 feet.
Continue and I'll use the largest value I can.

教材习题解答.tex:3308: Dimension too large.
<argument> \pgf@y 
                  
l.3308       ]
              
I can't work with sizes bigger than about 19 feet.
Continue and I'll use the largest value I can.

教材习题解答.tex:3308: Dimension too large.
<recently read> \pgf@y 
                       
l.3308       ]
              
I can't work with sizes bigger than about 19 feet.
Continue and I'll use the largest value I can.

教材习题解答.tex:3308: Dimension too large.
<recently read> \pgftree@childx 
                                
l.3308       ]
              
I can't work with sizes bigger than about 19 feet.
Continue and I'll use the largest value I can.

教材习题解答.tex:3308: Dimension too large.
\pgfsys@typesetpicturebox ... \wd #1=\pgf@picmaxx 
                                                  \dp #1=0pt\leavevmode \pgf...
l.3308       ]
              
I can't work with sizes bigger than about 19 feet.
Continue and I'll use the largest value I can.

教材习题解答.tex:3308: Dimension too large.
<argument> \pgf@xc 
                   
l.3308       ]
              
I can't work with sizes bigger than about 19 feet.
Continue and I'll use the largest value I can.

教材习题解答.tex:3308: Dimension too large.
\unwind@subpic ...{\pgf@y }\global \pgf@x =\pgf@x 
                                                  \global \pgf@y =\pgf@y }\u...
l.3308       ]
              
I can't work with sizes bigger than about 19 feet.
Continue and I'll use the largest value I can.

教材习题解答.tex:3308: Dimension too large.
\pgfusepath ...@x by.5\pgflinewidth \ifdim \pgf@x 
                                                  >\pgf@picmaxx \global \pgf...
l.3308       ]
              
I can't work with sizes bigger than about 19 feet.
Continue and I'll use the largest value I can.

教材习题解答.tex:3308: Dimension too large.
\pgfsys@typesetpicturebox ...}\ht #1=\pgf@picmaxy 
                                                  \wd #1=\pgf@picmaxx \dp #1...
l.3308       ]
              
I can't work with sizes bigger than about 19 feet.
Continue and I'll use the largest value I can.

教材习题解答.tex:3308: Dimension too large.
\pgfsys@typesetpicturebox ... \wd #1=\pgf@picmaxx 
                                                  \dp #1=0pt\leavevmode \pgf...
l.3308       ]
              
I can't work with sizes bigger than about 19 feet.
Continue and I'll use the largest value I can.

教材习题解答.tex:3308: Dimension too large.
<argument> \pgf@xc 
                   
l.3308       ]
              
I can't work with sizes bigger than about 19 feet.
Continue and I'll use the largest value I can.

教材习题解答.tex:3308: Dimension too large.
<argument> \pgf@yc 
                   
l.3308       ]
              
I can't work with sizes bigger than about 19 feet.
Continue and I'll use the largest value I can.

教材习题解答.tex:3308: Dimension too large.
\pgfsys@typesetpicturebox ...}\ht #1=\pgf@picmaxy 
                                                  \wd #1=\pgf@picmaxx \dp #1...
l.3308       ]
              
I can't work with sizes bigger than about 19 feet.
Continue and I'll use the largest value I can.

教材习题解答.tex:3308: Dimension too large.
\pgfsys@typesetpicturebox ... \wd #1=\pgf@picmaxx 
                                                  \dp #1=0pt\leavevmode \pgf...
l.3308       ]
              
I can't work with sizes bigger than about 19 feet.
Continue and I'll use the largest value I can.

教材习题解答.tex:3308: Dimension too large.
<argument> \pgf@xc 
                   
l.3308       ]
              
I can't work with sizes bigger than about 19 feet.
Continue and I'll use the largest value I can.

教材习题解答.tex:3308: Dimension too large.
<argument> \pgf@yc 
                   
l.3308       ]
              
I can't work with sizes bigger than about 19 feet.
Continue and I'll use the largest value I can.

教材习题解答.tex:3308: Dimension too large.
<argument> \pgf@xc 
                   
l.3308       ]
              
I can't work with sizes bigger than about 19 feet.
Continue and I'll use the largest value I can.

教材习题解答.tex:3308: Dimension too large.
<argument> \pgf@yc 
                   
l.3308       ]
              
I can't work with sizes bigger than about 19 feet.
Continue and I'll use the largest value I can.

教材习题解答.tex:3308: Dimension too large.
<argument> \pgf@x 
                  
l.3308       ]
              
I can't work with sizes bigger than about 19 feet.
Continue and I'll use the largest value I can.

教材习题解答.tex:3308: Dimension too large.
<argument> \pgf@x 
                  
l.3308       ]
              
I can't work with sizes bigger than about 19 feet.
Continue and I'll use the largest value I can.

教材习题解答.tex:3308: Dimension too large.
<recently read> \pgf@x 
                       
l.3308       ]
              
I can't work with sizes bigger than about 19 feet.
Continue and I'll use the largest value I can.

教材习题解答.tex:3308: Dimension too large.
<argument> \pgf@y 
                  
l.3308       ]
              
I can't work with sizes bigger than about 19 feet.
Continue and I'll use the largest value I can.

教材习题解答.tex:3308: Dimension too large.
<argument> \pgf@y 
                  
l.3308       ]
              
I can't work with sizes bigger than about 19 feet.
Continue and I'll use the largest value I can.

教材习题解答.tex:3308: Dimension too large.
<recently read> \pgf@y 
                       
l.3308       ]
              
I can't work with sizes bigger than about 19 feet.
Continue and I'll use the largest value I can.

教材习题解答.tex:3308: Dimension too large.
<argument> \pgf@x 
                  
l.3308       ]
              
I can't work with sizes bigger than about 19 feet.
Continue and I'll use the largest value I can.

教材习题解答.tex:3308: Dimension too large.
<argument> \pgf@x 
                  
l.3308       ]
              
I can't work with sizes bigger than about 19 feet.
Continue and I'll use the largest value I can.

教材习题解答.tex:3308: Dimension too large.
<recently read> \pgf@x 
                       
l.3308       ]
              
I can't work with sizes bigger than about 19 feet.
Continue and I'll use the largest value I can.

教材习题解答.tex:3308: Dimension too large.
<argument> \pgf@y 
                  
l.3308       ]
              
I can't work with sizes bigger than about 19 feet.
Continue and I'll use the largest value I can.

教材习题解答.tex:3308: Dimension too large.
<argument> \pgf@y 
                  
l.3308       ]
              
I can't work with sizes bigger than about 19 feet.
Continue and I'll use the largest value I can.

教材习题解答.tex:3308: Dimension too large.
<recently read> \pgf@y 
                       
l.3308       ]
              
I can't work with sizes bigger than about 19 feet.
Continue and I'll use the largest value I can.

教材习题解答.tex:3308: Dimension too large.
<argument> \pgf@xc 
                   
l.3308       ]
              
I can't work with sizes bigger than about 19 feet.
Continue and I'll use the largest value I can.

教材习题解答.tex:3308: Dimension too large.
<argument> \pgf@yc 
                   
l.3308       ]
              
I can't work with sizes bigger than about 19 feet.
Continue and I'll use the largest value I can.

教材习题解答.tex:3308: Dimension too large.
<argument> \pgf@x 
                  
l.3308       ]
              
I can't work with sizes bigger than about 19 feet.
Continue and I'll use the largest value I can.

教材习题解答.tex:3308: Dimension too large.
<argument> \pgf@x 
                  
l.3308       ]
              
I can't work with sizes bigger than about 19 feet.
Continue and I'll use the largest value I can.

教材习题解答.tex:3308: Dimension too large.
<recently read> \pgf@x 
                       
l.3308       ]
              
I can't work with sizes bigger than about 19 feet.
Continue and I'll use the largest value I can.

教材习题解答.tex:3308: Dimension too large.
<argument> \pgf@y 
                  
l.3308       ]
              
I can't work with sizes bigger than about 19 feet.
Continue and I'll use the largest value I can.

教材习题解答.tex:3308: Dimension too large.
<argument> \pgf@y 
                  
l.3308       ]
              
I can't work with sizes bigger than about 19 feet.
Continue and I'll use the largest value I can.

教材习题解答.tex:3308: Dimension too large.
<recently read> \pgf@y 
                       
l.3308       ]
              
I can't work with sizes bigger than about 19 feet.
Continue and I'll use the largest value I can.

教材习题解答.tex:3308: Dimension too large.
<argument> \pgf@x 
                  
l.3308       ]
              
I can't work with sizes bigger than about 19 feet.
Continue and I'll use the largest value I can.

教材习题解答.tex:3308: Dimension too large.
<argument> \pgf@x 
                  
l.3308       ]
              
I can't work with sizes bigger than about 19 feet.
Continue and I'll use the largest value I can.

教材习题解答.tex:3308: Dimension too large.
<recently read> \pgf@x 
                       
l.3308       ]
              
I can't work with sizes bigger than about 19 feet.
Continue and I'll use the largest value I can.

教材习题解答.tex:3308: Dimension too large.
<argument> \pgf@y 
                  
l.3308       ]
              
I can't work with sizes bigger than about 19 feet.
Continue and I'll use the largest value I can.

教材习题解答.tex:3308: Dimension too large.
<argument> \pgf@y 
                  
l.3308       ]
              
I can't work with sizes bigger than about 19 feet.
Continue and I'll use the largest value I can.

教材习题解答.tex:3308: Dimension too large.
<recently read> \pgf@y 
                       
l.3308       ]
              
I can't work with sizes bigger than about 19 feet.
Continue and I'll use the largest value I can.

教材习题解答.tex:3308: Dimension too large.
<argument> \pgf@xc 
                   
l.3308       ]
              
I can't work with sizes bigger than about 19 feet.
Continue and I'll use the largest value I can.

教材习题解答.tex:3308: Dimension too large.
<argument> \pgf@yc 
                   
l.3308       ]
              
I can't work with sizes bigger than about 19 feet.
Continue and I'll use the largest value I can.

教材习题解答.tex:3308: Dimension too large.
<argument> \pgf@x 
                  
l.3308       ]
              
I can't work with sizes bigger than about 19 feet.
Continue and I'll use the largest value I can.

教材习题解答.tex:3308: Dimension too large.
<argument> \pgf@x 
                  
l.3308       ]
              
I can't work with sizes bigger than about 19 feet.
Continue and I'll use the largest value I can.

教材习题解答.tex:3308: Dimension too large.
<recently read> \pgf@x 
                       
l.3308       ]
              
I can't work with sizes bigger than about 19 feet.
Continue and I'll use the largest value I can.

教材习题解答.tex:3308: Dimension too large.
<argument> \pgf@y 
                  
l.3308       ]
              
I can't work with sizes bigger than about 19 feet.
Continue and I'll use the largest value I can.

教材习题解答.tex:3308: Dimension too large.
<argument> \pgf@y 
                  
l.3308       ]
              
I can't work with sizes bigger than about 19 feet.
Continue and I'll use the largest value I can.

教材习题解答.tex:3308: Dimension too large.
<recently read> \pgf@y 
                       
l.3308       ]
              
I can't work with sizes bigger than about 19 feet.
Continue and I'll use the largest value I can.

教材习题解答.tex:3308: Dimension too large.
<argument> \pgf@x 
                  
l.3308       ]
              
I can't work with sizes bigger than about 19 feet.
Continue and I'll use the largest value I can.

教材习题解答.tex:3308: Dimension too large.
<argument> \pgf@x 
                  
l.3308       ]
              
I can't work with sizes bigger than about 19 feet.
Continue and I'll use the largest value I can.

教材习题解答.tex:3308: Dimension too large.
<recently read> \pgf@x 
                       
l.3308       ]
              
I can't work with sizes bigger than about 19 feet.
Continue and I'll use the largest value I can.

教材习题解答.tex:3308: Dimension too large.
<argument> \pgf@y 
                  
l.3308       ]
              
I can't work with sizes bigger than about 19 feet.
Continue and I'll use the largest value I can.

教材习题解答.tex:3308: Dimension too large.
<argument> \pgf@y 
                  
l.3308       ]
              
I can't work with sizes bigger than about 19 feet.
Continue and I'll use the largest value I can.

教材习题解答.tex:3308: Dimension too large.
<recently read> \pgf@y 
                       
l.3308       ]
              
I can't work with sizes bigger than about 19 feet.
Continue and I'll use the largest value I can.

教材习题解答.tex:3308: Dimension too large.
\pgfsys@typesetpicturebox ...}\ht #1=\pgf@picmaxy 
                                                  \wd #1=\pgf@picmaxx \dp #1...
l.3308       ]
              
I can't work with sizes bigger than about 19 feet.
Continue and I'll use the largest value I can.

教材习题解答.tex:3308: Dimension too large.
\pgfsys@typesetpicturebox ... \wd #1=\pgf@picmaxx 
                                                  \dp #1=0pt\leavevmode \pgf...
l.3308       ]
              
I can't work with sizes bigger than about 19 feet.
Continue and I'll use the largest value I can.

教材习题解答.tex:3308: Dimension too large.
<argument> \pgf@xc 
                   
l.3308       ]
              
I can't work with sizes bigger than about 19 feet.
Continue and I'll use the largest value I can.

教材习题解答.tex:3308: Dimension too large.
<argument> \pgf@yc 
                   
l.3308       ]
              
I can't work with sizes bigger than about 19 feet.
Continue and I'll use the largest value I can.

教材习题解答.tex:3308: Dimension too large.
<argument> \pgf@x 
                  
l.3308       ]
              
I can't work with sizes bigger than about 19 feet.
Continue and I'll use the largest value I can.

教材习题解答.tex:3308: Dimension too large.
<argument> \pgf@x 
                  
l.3308       ]
              
I can't work with sizes bigger than about 19 feet.
Continue and I'll use the largest value I can.

教材习题解答.tex:3308: Dimension too large.
<recently read> \pgf@x 
                       
l.3308       ]
              
I can't work with sizes bigger than about 19 feet.
Continue and I'll use the largest value I can.

教材习题解答.tex:3308: Dimension too large.
<argument> \pgf@x 
                  
l.3308       ]
              
(That makes 100 errors; please try again.) 
Here is how much of TeX's memory you used:
 29584 strings out of 408640
 616554 string characters out of 5752043
 1415620 words of memory out of 5000000
 52031 multiletter control sequences out of 15000+600000
 567447 words of font info for 98 fonts, out of 8000000 for 9000
 1509 hyphenation exceptions out of 8191
 93i,12n,111p,597b,1860s stack positions out of 10000i,1000n,20000p,200000b,200000s

Output written on 教材习题解答.pdf (56 pages).
