\BOOKMARK [0][]{part.1}{\376\377\000P\000a\000r\000t\000\040\0001\000.\000\040\176\277\140\047\210\150}{}% 1
\BOOKMARK [1][]{section.1}{\376\377\0001\000.\000\040\176\277\140\047\210\150\166\204\127\372\147\054\151\202\137\365}{part.1}% 2
\BOOKMARK [2][]{subsection.1.1}{\376\377\0001\000.\0001\000.\000\040\176\277\140\047\210\150\166\204\133\232\116\111\124\214\162\171\160\271}{section.1}% 3
\BOOKMARK [2][]{subsection.1.2}{\376\377\0001\000.\0002\000.\000\040\176\277\140\047\210\150\166\204\220\073\217\221\176\323\147\204\162\171\160\271}{section.1}% 4
\BOOKMARK [2][]{subsection.1.3}{\376\377\0001\000.\0003\000.\000\040\176\277\140\047\210\150\166\204\142\275\214\141\145\160\143\156\174\173\127\213}{section.1}% 5
\BOOKMARK [1][]{section.2}{\376\377\0002\000.\000\040\176\277\140\047\210\150\166\204\230\172\136\217\133\130\120\250\176\323\147\204}{part.1}% 6
\BOOKMARK [2][]{subsection.2.1}{\376\377\0002\000.\0001\000.\000\040\230\172\136\217\210\150\166\204\133\232\116\111}{section.2}% 7
\BOOKMARK [2][]{subsection.2.2}{\376\377\0002\000.\0002\000.\000\040\230\172\136\217\210\150\166\204\133\130\120\250\176\323\147\204}{section.2}% 8
\BOOKMARK [2][]{subsection.2.3}{\376\377\0002\000.\0003\000.\000\040\230\172\136\217\210\150\166\204\174\173\133\232\116\111}{section.2}% 9
\BOOKMARK [2][]{subsection.2.4}{\376\377\0002\000.\0004\000.\000\040\230\172\136\217\210\150\166\204\127\372\147\054\144\315\117\134}{section.2}% 10
\BOOKMARK [1][]{section.3}{\376\377\0003\000.\000\040\176\277\140\047\210\150\166\204\224\376\137\017\133\130\120\250\176\323\147\204}{part.1}% 11
\BOOKMARK [2][]{subsection.3.1}{\376\377\0003\000.\0001\000.\000\040\123\125\224\376\210\150\166\204\133\232\116\111}{section.3}% 12
\BOOKMARK [2][]{subsection.3.2}{\376\377\0003\000.\0002\000.\000\040\123\125\224\376\210\150\166\204\176\323\160\271\176\323\147\204}{section.3}% 13
\BOOKMARK [2][]{subsection.3.3}{\376\377\0003\000.\0003\000.\000\040\123\125\224\376\210\150\166\204\210\150\171\072}{section.3}% 14
\BOOKMARK [2][]{subsection.3.4}{\376\377\0003\000.\0004\000.\000\040\136\046\131\064\176\323\160\271\166\204\123\125\224\376\210\150}{section.3}% 15
\BOOKMARK [2][]{subsection.3.5}{\376\377\0003\000.\0005\000.\000\040\123\125\224\376\210\150\166\204\174\173\133\232\116\111}{section.3}% 16
\BOOKMARK [2][]{subsection.3.6}{\376\377\0003\000.\0006\000.\000\040\123\125\224\376\210\150\166\204\127\372\147\054\144\315\117\134}{section.3}% 17
\BOOKMARK [1][]{section.4}{\376\377\0004\000.\000\040\123\314\224\376\210\150\124\214\137\252\163\257\224\376\210\150}{part.1}% 18
\BOOKMARK [2][]{subsection.4.1}{\376\377\0004\000.\0001\000.\000\040\123\314\224\376\210\150}{section.4}% 19
\BOOKMARK [2][]{subsection.4.2}{\376\377\0004\000.\0002\000.\000\040\137\252\163\257\224\376\210\150}{section.4}% 20
\BOOKMARK [1][]{section.5}{\376\377\0005\000.\000\040\230\172\136\217\210\150\116\016\224\376\210\150\166\204\153\324\217\203}{part.1}% 21
\BOOKMARK [2][]{subsection.5.1}{\376\377\0005\000.\0001\000.\000\040\145\366\225\364\140\047\200\375\153\324\217\203}{section.5}% 22
\BOOKMARK [2][]{subsection.5.2}{\376\377\0005\000.\0002\000.\000\040\172\172\225\364\140\047\200\375\153\324\217\203}{section.5}% 23
\BOOKMARK [2][]{subsection.5.3}{\376\377\0005\000.\0003\000.\000\040\117\177\165\050\127\072\146\157}{section.5}% 24
\BOOKMARK [1][]{section.6}{\376\377\0006\000.\000\040\176\277\140\047\210\150\166\204\136\224\165\050\133\236\117\213}{part.1}% 25
\BOOKMARK [2][]{subsection.6.1}{\376\377\0006\000.\0001\000.\000\040\176\246\164\137\131\053\163\257\225\356\230\230}{section.6}% 26
\BOOKMARK [2][]{subsection.6.2}{\376\377\0006\000.\0002\000.\000\040\116\000\121\103\131\032\230\171\137\017\154\102\124\214}{section.6}% 27
\BOOKMARK [1][]{section.7}{\376\377\0007\000.\000\040\227\131\140\001\224\376\210\150}{part.1}% 28
\BOOKMARK [2][]{subsection.7.1}{\376\377\0007\000.\0001\000.\000\040\227\131\140\001\224\376\210\150\166\204\151\202\137\365}{section.7}% 29
\BOOKMARK [2][]{subsection.7.2}{\376\377\0007\000.\0002\000.\000\040\227\131\140\001\224\376\210\150\166\204\176\323\160\271\176\323\147\204}{section.7}% 30
\BOOKMARK [2][]{subsection.7.3}{\376\377\0007\000.\0003\000.\000\040\227\131\140\001\224\376\210\150\166\204\162\171\160\271}{section.7}% 31
\BOOKMARK [1][]{section.8}{\376\377\0008\000.\000\040\176\277\140\047\210\150\166\204\122\250\140\001\122\006\221\115}{part.1}% 32
\BOOKMARK [2][]{subsection.8.1}{\376\377\0008\000.\0001\000.\000\040\122\250\140\001\230\172\136\217\210\150}{section.8}% 33
\BOOKMARK [2][]{subsection.8.2}{\376\377\0008\000.\0002\000.\000\040\122\250\140\001\122\006\221\115\166\204\117\030\160\271}{section.8}% 34
\BOOKMARK [1][]{section.9}{\376\377\0009\000.\000\040\140\073\176\323}{part.1}% 35
\BOOKMARK [2][]{subsection.9.1}{\376\377\0009\000.\0001\000.\000\040\176\277\140\047\210\150\166\204\167\345\213\306\150\106\147\266}{section.9}% 36
\BOOKMARK [2][]{subsection.9.2}{\376\377\0009\000.\0002\000.\000\040\221\315\160\271\143\214\143\341\121\205\133\271}{section.9}% 37
\BOOKMARK [2][]{subsection.9.3}{\376\377\0009\000.\0003\000.\000\040\136\070\211\301\200\003\213\325\230\230\127\213}{section.9}% 38
\BOOKMARK [0][]{part.2}{\376\377\000P\000a\000r\000t\000\040\0002\000.\000\040\150\010\124\214\226\037\122\027}{}% 39
\BOOKMARK [1][]{section.10}{\376\377\0001\0000\000.\000\040\150\010\166\204\127\372\147\054\151\202\137\365}{part.2}% 40
\BOOKMARK [2][]{subsection.10.1}{\376\377\0001\0000\000.\0001\000.\000\040\150\010\166\204\133\232\116\111}{section.10}% 41
\BOOKMARK [2][]{subsection.10.2}{\376\377\0001\0000\000.\0002\000.\000\040\150\010\166\204\162\171\140\047}{section.10}% 42
\BOOKMARK [2][]{subsection.10.3}{\376\377\0001\0000\000.\0003\000.\000\040\150\010\166\204\142\275\214\141\145\160\143\156\174\173\127\213\133\232\116\111}{section.10}% 43
\BOOKMARK [1][]{section.11}{\376\377\0001\0001\000.\000\040\150\010\166\204\133\130\120\250\176\323\147\204\123\312\133\236\163\260}{part.2}% 44
\BOOKMARK [2][]{subsection.11.1}{\376\377\0001\0001\000.\0001\000.\000\040\230\172\136\217\150\010}{section.11}% 45
\BOOKMARK [2][]{subsection.11.2}{\376\377\0001\0001\000.\0002\000.\000\040\224\376\150\010}{section.11}% 46
\BOOKMARK [2][]{subsection.11.3}{\376\377\0001\0001\000.\0003\000.\000\040\230\172\136\217\150\010\116\016\224\376\150\010\166\204\153\324\217\203}{section.11}% 47
\BOOKMARK [1][]{section.12}{\376\377\0001\0002\000.\000\040\226\037\122\027\166\204\127\372\147\054\151\202\137\365}{part.2}% 48
\BOOKMARK [2][]{subsection.12.1}{\376\377\0001\0002\000.\0001\000.\000\040\226\037\122\027\166\204\133\232\116\111}{section.12}% 49
\BOOKMARK [2][]{subsection.12.2}{\376\377\0001\0002\000.\0002\000.\000\040\226\037\122\027\166\204\162\171\140\047}{section.12}% 50
\BOOKMARK [2][]{subsection.12.3}{\376\377\0001\0002\000.\0003\000.\000\040\226\037\122\027\166\204\142\275\214\141\145\160\143\156\174\173\127\213\133\232\116\111}{section.12}% 51
\BOOKMARK [1][]{section.13}{\376\377\0001\0003\000.\000\040\226\037\122\027\166\204\133\130\120\250\176\323\147\204\123\312\133\236\163\260}{part.2}% 52
\BOOKMARK [2][]{subsection.13.1}{\376\377\0001\0003\000.\0001\000.\000\040\230\172\136\217\226\037\122\027\166\204\225\356\230\230}{section.13}% 53
\BOOKMARK [2][]{subsection.13.2}{\376\377\0001\0003\000.\0002\000.\000\040\137\252\163\257\226\037\122\027}{section.13}% 54
\BOOKMARK [2][]{subsection.13.3}{\376\377\0001\0003\000.\0003\000.\000\040\224\376\226\037\122\027}{section.13}% 55
\BOOKMARK [1][]{section.14}{\376\377\0001\0004\000.\000\040\150\010\124\214\226\037\122\027\166\204\136\224\165\050}{part.2}% 56
\BOOKMARK [2][]{subsection.14.1}{\376\377\0001\0004\000.\0001\000.\000\040\142\354\123\367\123\071\221\115\225\356\230\230}{section.14}% 57
\BOOKMARK [2][]{subsection.14.2}{\376\377\0001\0004\000.\0002\000.\000\040\210\150\217\276\137\017\154\102\120\074}{section.14}% 58
\BOOKMARK [2][]{subsection.14.3}{\376\377\0001\0004\000.\0003\000.\000\040\121\375\145\160\214\003\165\050\150\010}{section.14}% 59
\BOOKMARK [2][]{subsection.14.4}{\376\377\0001\0004\000.\0004\000.\000\040\226\037\122\027\166\204\136\224\165\050\127\072\146\157}{section.14}% 60
\BOOKMARK [1][]{section.15}{\376\377\0001\0005\000.\000\040\162\171\153\212\150\010\124\214\226\037\122\027}{part.2}% 61
\BOOKMARK [2][]{subsection.15.1}{\376\377\0001\0005\000.\0001\000.\000\040\121\161\116\253\150\010}{section.15}% 62
\BOOKMARK [2][]{subsection.15.2}{\376\377\0001\0005\000.\0002\000.\000\040\123\314\172\357\226\037\122\027}{section.15}% 63
\BOOKMARK [1][]{section.16}{\376\377\0001\0006\000.\000\040\173\227\154\325\131\015\147\102\136\246\122\006\147\220}{part.2}% 64
\BOOKMARK [2][]{subsection.16.1}{\376\377\0001\0006\000.\0001\000.\000\040\145\366\225\364\131\015\147\102\136\246}{section.16}% 65
\BOOKMARK [2][]{subsection.16.2}{\376\377\0001\0006\000.\0002\000.\000\040\172\172\225\364\131\015\147\102\136\246}{section.16}% 66
\BOOKMARK [1][]{section.17}{\376\377\0001\0007\000.\000\040\136\070\211\301\200\003\160\271\140\073\176\323}{part.2}% 67
\BOOKMARK [2][]{subsection.17.1}{\376\377\0001\0007\000.\0001\000.\000\040\221\315\160\271\143\214\143\341\121\205\133\271}{section.17}% 68
\BOOKMARK [2][]{subsection.17.2}{\376\377\0001\0007\000.\0002\000.\000\040\136\070\211\301\230\230\127\213}{section.17}% 69
\BOOKMARK [2][]{subsection.17.3}{\376\377\0001\0007\000.\0003\000.\000\040\211\343\230\230\142\200\135\347}{section.17}% 70
\BOOKMARK [1][]{section.18}{\376\377\0001\0008\000.\000\040\121\170\127\213\117\213\230\230\211\343\147\220}{part.2}% 71
\BOOKMARK [0][]{part.3}{\376\377\000P\000a\000r\000t\000\040\0003\000.\000\040\133\127\173\046\116\062\124\214\131\032\176\364\145\160\176\304}{}% 72
\BOOKMARK [1][]{subsection.18.1}{\376\377\0001\0008\000.\0001\000.\000\040\133\127\173\046\116\062\166\204\133\232\116\111}{part.3}% 73
\BOOKMARK [2][]{subsection.18.2}{\376\377\0001\0008\000.\0002\000.\000\040\133\127\173\046\116\062\166\204\127\372\147\054\147\057\213\355}{subsection.18.1}% 74
\BOOKMARK [2][]{subsection.18.3}{\376\377\0001\0008\000.\0003\000.\000\040\133\127\173\046\116\062\166\204\153\324\217\203}{subsection.18.1}% 75
\BOOKMARK [1][]{section.19}{\376\377\0001\0009\000.\000\040\133\127\173\046\116\062\166\204\133\130\120\250\176\323\147\204}{part.3}% 76
\BOOKMARK [2][]{subsection.19.1}{\376\377\0001\0009\000.\0001\000.\000\040\133\127\173\046\116\062\225\177\136\246\166\204\210\150\171\072\145\271\154\325}{section.19}% 77
\BOOKMARK [2][]{subsection.19.2}{\376\377\0001\0009\000.\0002\000.\000\040\133\127\173\046\116\062\166\204\142\275\214\141\145\160\143\156\174\173\127\213\133\232\116\111}{section.19}% 78
\BOOKMARK [1][]{section.20}{\376\377\0002\0000\000.\000\040\152\041\137\017\123\071\221\115\173\227\154\325}{part.3}% 79
\BOOKMARK [2][]{subsection.20.1}{\376\377\0002\0000\000.\0001\000.\000\040\000B\000F\173\227\154\325\377\010\146\264\122\233\123\071\221\115\377\011}{section.20}% 80
\BOOKMARK [2][]{subsection.20.2}{\376\377\0002\0000\000.\0002\000.\000\040\000K\000M\000P\173\227\154\325}{section.20}% 81
\BOOKMARK [1][]{section.21}{\376\377\0002\0001\000.\000\040\131\032\176\364\145\160\176\304}{part.3}% 82
\BOOKMARK [2][]{subsection.21.1}{\376\377\0002\0001\000.\0001\000.\000\040\145\160\176\304\166\204\127\372\147\054\151\202\137\365}{section.21}% 83
\BOOKMARK [2][]{subsection.21.2}{\376\377\0002\0001\000.\0002\000.\000\040\145\160\176\304\166\204\133\130\120\250\176\323\147\204\116\016\133\373\127\100}{section.21}% 84
\BOOKMARK [1][]{section.22}{\376\377\0002\0002\000.\000\040\167\351\226\065\166\204\123\213\177\051\133\130\120\250}{part.3}% 85
\BOOKMARK [2][]{subsection.22.1}{\376\377\0002\0002\000.\0001\000.\000\040\162\171\153\212\167\351\226\065\166\204\123\213\177\051\133\130\120\250}{section.22}% 86
\BOOKMARK [2][]{subsection.22.2}{\376\377\0002\0002\000.\0002\000.\000\040\172\000\165\217\167\351\226\065\166\204\133\130\120\250}{section.22}% 87
\BOOKMARK [1][]{section.23}{\376\377\0002\0003\000.\000\040\136\177\116\111\210\150}{part.3}% 88
\BOOKMARK [2][]{subsection.23.1}{\376\377\0002\0003\000.\0001\000.\000\040\136\177\116\111\210\150\166\204\133\232\116\111}{section.23}% 89
\BOOKMARK [2][]{subsection.23.2}{\376\377\0002\0003\000.\0002\000.\000\040\136\177\116\111\210\150\166\204\162\171\140\047}{section.23}% 90
\BOOKMARK [2][]{subsection.23.3}{\376\377\0002\0003\000.\0003\000.\000\040\136\177\116\111\210\150\166\204\133\130\120\250\176\323\147\204}{section.23}% 91
\BOOKMARK [2][]{subsection.23.4}{\376\377\0002\0003\000.\0004\000.\000\040\136\177\116\111\210\150\166\204\127\372\147\054\144\315\117\134}{section.23}% 92
\BOOKMARK [2][]{subsection.23.5}{\376\377\0002\0003\000.\0005\000.\000\040\172\000\165\217\167\351\226\065\166\204\123\213\177\051\133\130\120\250}{section.23}% 93
\BOOKMARK [2][]{subsection.23.6}{\376\377\0002\0003\000.\0006\000.\000\040\172\000\165\217\167\351\226\065\217\154\177\156\173\227\154\325}{section.23}% 94
\BOOKMARK [1][]{section.24}{\376\377\0002\0004\000.\000\040\221\315\226\276\160\271\122\006\147\220}{part.3}% 95
\BOOKMARK [2][]{subsection.24.1}{\376\377\0002\0004\000.\0001\000.\000\040\221\315\160\271\121\205\133\271}{section.24}% 96
\BOOKMARK [2][]{subsection.24.2}{\376\377\0002\0004\000.\0002\000.\000\040\226\276\160\271\121\205\133\271}{section.24}% 97
\BOOKMARK [1][]{section.25}{\376\377\0002\0005\000.\000\040\121\170\127\213\117\213\230\230}{part.3}% 98
\BOOKMARK [1][]{section.26}{\376\377\0002\0006\000.\000\040\131\015\116\140\136\372\213\256}{part.3}% 99
\BOOKMARK [2][]{subsection.26.1}{\376\377\0002\0006\000.\0001\000.\000\040\133\146\116\140\221\315\160\271\230\172\136\217}{section.26}% 100
\BOOKMARK [2][]{subsection.26.2}{\376\377\0002\0006\000.\0002\000.\000\040\136\070\200\003\230\230\127\213}{section.26}% 101
\BOOKMARK [2][]{subsection.26.3}{\376\377\0002\0006\000.\0003\000.\000\040\213\260\137\306\211\201\160\271}{section.26}% 102
\BOOKMARK [1][]{section.27}{\376\377\0002\0007\000.\000\040\142\151\134\125\167\345\213\306}{part.3}% 103
\BOOKMARK [2][]{subsection.27.1}{\376\377\0002\0007\000.\0001\000.\000\040\232\330\176\247\133\127\173\046\116\062\173\227\154\325}{section.27}% 104
\BOOKMARK [2][]{subsection.27.2}{\376\377\0002\0007\000.\0002\000.\000\040\163\260\116\343\136\224\165\050}{section.27}% 105
\BOOKMARK [2][]{subsection.27.3}{\376\377\0002\0007\000.\0003\000.\000\040\166\370\121\163\145\160\143\156\176\323\147\204}{section.27}% 106
\BOOKMARK [1][]{section.28}{\376\377\0002\0008\000.\000\040\140\073\176\323}{part.3}% 107
\BOOKMARK [0][]{part.4}{\376\377\000P\000a\000r\000t\000\040\0004\000.\000\040\116\214\123\311\150\021}{}% 108
\BOOKMARK [1][]{section.29}{\376\377\0002\0009\000.\000\040\116\214\123\311\150\021\166\204\127\372\147\054\151\202\137\365}{part.4}% 109
\BOOKMARK [2][]{subsection.29.1}{\376\377\0002\0009\000.\0001\000.\000\040\150\021\124\214\116\214\123\311\150\021\166\204\133\232\116\111}{section.29}% 110
\BOOKMARK [2][]{subsection.29.2}{\376\377\0002\0009\000.\0002\000.\000\040\116\214\123\311\150\021\166\204\162\171\160\271}{section.29}% 111
\BOOKMARK [2][]{subsection.29.3}{\376\377\0002\0009\000.\0003\000.\000\040\162\171\153\212\166\204\116\214\123\311\150\021}{section.29}% 112
\BOOKMARK [1][]{section.30}{\376\377\0003\0000\000.\000\040\116\214\123\311\150\021\166\204\127\372\147\054\140\047\215\050}{part.4}% 113
\BOOKMARK [1][]{section.31}{\376\377\0003\0001\000.\000\040\116\214\123\311\150\021\166\204\133\130\120\250\176\323\147\204}{part.4}% 114
\BOOKMARK [2][]{subsection.31.1}{\376\377\0003\0001\000.\0001\000.\000\040\230\172\136\217\133\130\120\250\176\323\147\204}{section.31}% 115
\BOOKMARK [2][]{subsection.31.2}{\376\377\0003\0001\000.\0002\000.\000\040\116\214\123\311\224\376\210\150}{section.31}% 116
\BOOKMARK [1][]{section.32}{\376\377\0003\0002\000.\000\040\116\214\123\311\150\021\166\204\220\115\123\206}{part.4}% 117
\BOOKMARK [2][]{subsection.32.1}{\376\377\0003\0002\000.\0001\000.\000\040\220\115\123\206\145\271\154\325}{section.32}% 118
\BOOKMARK [2][]{subsection.32.2}{\376\377\0003\0002\000.\0002\000.\000\040\220\115\123\206\173\227\154\325\133\236\163\260}{section.32}% 119
\BOOKMARK [2][]{subsection.32.3}{\376\377\0003\0002\000.\0003\000.\000\040\227\136\220\022\137\122\220\115\123\206\173\227\154\325}{section.32}% 120
\BOOKMARK [2][]{subsection.32.4}{\376\377\0003\0002\000.\0004\000.\000\040\220\115\123\206\173\227\154\325\131\015\147\102\136\246\122\006\147\220}{section.32}% 121
\BOOKMARK [2][]{subsection.32.5}{\376\377\0003\0002\000.\0005\000.\000\040\220\115\123\206\171\072\117\213}{section.32}% 122
\BOOKMARK [1][]{section.33}{\376\377\0003\0003\000.\000\040\116\214\123\311\150\021\166\204\147\204\220\040}{part.4}% 123
\BOOKMARK [1][]{section.34}{\376\377\0003\0004\000.\000\040\176\277\175\042\116\214\123\311\150\021}{part.4}% 124
\BOOKMARK [2][]{subsection.34.1}{\376\377\0003\0004\000.\0001\000.\000\040\176\277\175\042\116\214\123\311\150\021\166\204\127\372\147\054\151\202\137\365}{section.34}% 125
\BOOKMARK [2][]{subsection.34.2}{\376\377\0003\0004\000.\0002\000.\000\040\176\277\175\042\116\214\123\311\150\021\166\204\176\323\160\271\176\323\147\204}{section.34}% 126
\BOOKMARK [1][]{section.35}{\376\377\0003\0005\000.\000\040\124\310\131\053\146\374\150\021}{part.4}% 127
\BOOKMARK [2][]{subsection.35.1}{\376\377\0003\0005\000.\0001\000.\000\040\127\372\147\054\151\202\137\365}{section.35}% 128
\BOOKMARK [2][]{algorithm.20}{\376\377\0003\0005\000.\0002\000.\000\040\124\310\131\053\146\374\173\227\154\325}{section.35}% 129
\BOOKMARK [2][]{subsection.35.3}{\376\377\0003\0005\000.\0003\000.\000\040\124\310\131\053\146\374\177\026\170\001}{section.35}% 130
\BOOKMARK [1][]{section.36}{\376\377\0003\0006\000.\000\040\130\006\116\016\117\030\121\110\226\037\122\027}{part.4}% 131
\BOOKMARK [2][]{subsection.36.1}{\376\377\0003\0006\000.\0001\000.\000\040\130\006\166\204\133\232\116\111\116\016\140\047\215\050}{section.36}% 132
\BOOKMARK [2][]{subsection.36.2}{\376\377\0003\0006\000.\0002\000.\000\040\130\006\166\204\127\372\147\054\144\315\117\134}{section.36}% 133
\BOOKMARK [2][]{subsection.36.3}{\376\377\0003\0006\000.\0003\000.\000\040\130\006\143\222\136\217}{section.36}% 134
\BOOKMARK [2][]{subsection.36.4}{\376\377\0003\0006\000.\0004\000.\000\040\117\030\121\110\226\037\122\027}{section.36}% 135
\BOOKMARK [1][]{section.37}{\376\377\0003\0007\000.\000\040\116\214\123\311\150\021\166\204\136\224\165\050}{part.4}% 136
\BOOKMARK [2][]{subsection.37.1}{\376\377\0003\0007\000.\0001\000.\000\040\210\150\217\276\137\017\150\021}{section.37}% 137
\BOOKMARK [1][]{section.38}{\376\377\0003\0008\000.\000\040\136\070\211\301\200\003\160\271\140\073\176\323}{part.4}% 138
\BOOKMARK [2][]{subsection.38.1}{\376\377\0003\0008\000.\0001\000.\000\040\221\315\160\271\143\214\143\341\121\205\133\271}{section.38}% 139
\BOOKMARK [2][]{subsection.38.2}{\376\377\0003\0008\000.\0002\000.\000\040\136\070\211\301\230\230\127\213}{section.38}% 140
\BOOKMARK [2][]{subsection.38.3}{\376\377\0003\0008\000.\0003\000.\000\040\221\315\211\201\173\227\154\325\131\015\147\102\136\246}{section.38}% 141
\BOOKMARK [1][]{section.39}{\376\377\0003\0009\000.\000\040\121\170\127\213\117\213\230\230\211\343\147\220}{part.4}% 142
\BOOKMARK [1][]{section.40}{\376\377\0004\0000\000.\000\040\131\015\116\140\136\372\213\256}{part.4}% 143
\BOOKMARK [2][]{subsection.40.1}{\376\377\0004\0000\000.\0001\000.\000\040\133\146\116\140\145\271\154\325}{section.40}% 144
\BOOKMARK [2][]{subsection.40.2}{\376\377\0004\0000\000.\0002\000.\000\040\131\015\116\140\221\315\160\271}{section.40}% 145
\BOOKMARK [2][]{subsection.40.3}{\376\377\0004\0000\000.\0003\000.\000\040\136\070\211\301\225\031\213\357}{section.40}% 146
\BOOKMARK [0][]{part.5}{\376\377\000P\000a\000r\000t\000\040\0005\000.\000\040\126\376\213\272}{}% 147
\BOOKMARK [1][]{section.41}{\376\377\0004\0001\000.\000\040\126\376\166\204\127\372\147\054\151\202\137\365}{part.5}% 148
\BOOKMARK [2][]{subsection.41.1}{\376\377\0004\0001\000.\0001\000.\000\040\126\376\166\204\133\232\116\111}{section.41}% 149
\BOOKMARK [2][]{subsection.41.2}{\376\377\0004\0001\000.\0002\000.\000\040\126\376\166\204\127\372\147\054\147\057\213\355}{section.41}% 150
\BOOKMARK [2][]{subsection.41.3}{\376\377\0004\0001\000.\0003\000.\000\040\221\315\211\201\145\160\133\146\140\047\215\050}{section.41}% 151
\BOOKMARK [1][]{section.42}{\376\377\0004\0002\000.\000\040\126\376\166\204\133\130\120\250\176\323\147\204}{part.5}% 152
\BOOKMARK [2][]{subsection.42.1}{\376\377\0004\0002\000.\0001\000.\000\040\220\273\143\245\167\351\226\065}{section.42}% 153
\BOOKMARK [2][]{subsection.42.2}{\376\377\0004\0002\000.\0002\000.\000\040\220\273\143\245\210\150}{section.42}% 154
\BOOKMARK [2][]{table.caption.2}{\376\377\0004\0002\000.\0003\000.\000\040\133\130\120\250\176\323\147\204\153\324\217\203}{section.42}% 155
\BOOKMARK [1][]{section.43}{\376\377\0004\0003\000.\000\040\126\376\166\204\220\115\123\206}{part.5}% 156
\BOOKMARK [2][]{algorithm.24}{\376\377\0004\0003\000.\0001\000.\000\040\155\361\136\246\117\030\121\110\220\115\123\206\377\010\000D\000F\000S\377\011}{section.43}% 157
\BOOKMARK [2][]{algorithm.25}{\376\377\0004\0003\000.\0002\000.\000\040\136\177\136\246\117\030\121\110\220\115\123\206\377\010\000B\000F\000S\377\011}{section.43}% 158
\BOOKMARK [1][]{section.44}{\376\377\0004\0004\000.\000\040\147\000\134\017\165\037\142\020\150\021}{part.5}% 159
\BOOKMARK [2][]{subsection.44.1}{\376\377\0004\0004\000.\0001\000.\000\040\127\372\147\054\151\202\137\365}{section.44}% 160
\BOOKMARK [2][]{algorithm.26}{\376\377\0004\0004\000.\0002\000.\000\040\000P\000r\000i\000m\173\227\154\325}{section.44}% 161
\BOOKMARK [2][]{subsection.44.3}{\376\377\0004\0004\000.\0003\000.\000\040\000K\000r\000u\000s\000k\000a\000l\173\227\154\325}{section.44}% 162
\BOOKMARK [1][]{section.45}{\376\377\0004\0005\000.\000\040\147\000\167\355\215\357\137\204}{part.5}% 163
\BOOKMARK [2][]{algorithm.28}{\376\377\0004\0005\000.\0001\000.\000\040\000D\000i\000j\000k\000s\000t\000r\000a\173\227\154\325\377\010\123\125\156\220\147\000\167\355\215\357\137\204\377\011}{section.45}% 164
\BOOKMARK [2][]{lstlisting.51}{\376\377\0004\0005\000.\0002\000.\000\040\000F\000l\000o\000y\000d\173\227\154\325\377\010\121\150\156\220\147\000\167\355\215\357\137\204\377\011}{section.45}% 165
\BOOKMARK [1][]{section.46}{\376\377\0004\0006\000.\000\040\147\011\124\021\145\340\163\257\126\376\123\312\121\166\136\224\165\050}{part.5}% 166
\BOOKMARK [2][]{subsection.46.1}{\376\377\0004\0006\000.\0001\000.\000\040\000A\000O\000V\177\121\116\016\142\323\142\121\143\222\136\217}{section.46}% 167
\BOOKMARK [2][]{subsection.46.2}{\376\377\0004\0006\000.\0002\000.\000\040\000A\000O\000E\177\121\116\016\121\163\225\056\215\357\137\204}{section.46}% 168
\BOOKMARK [1][]{section.47}{\376\377\0004\0007\000.\000\040\173\227\154\325\131\015\147\102\136\246\140\073\176\323}{part.5}% 169
\BOOKMARK [1][]{section.48}{\376\377\0004\0008\000.\000\040\147\037\147\053\200\003\213\325\221\315\160\271}{part.5}% 170
\BOOKMARK [2][]{subsection.48.1}{\376\377\0004\0008\000.\0001\000.\000\040\137\305\230\173\143\214\143\341\166\204\151\202\137\365}{section.48}% 171
\BOOKMARK [2][]{subsection.48.2}{\376\377\0004\0008\000.\0002\000.\000\040\137\305\230\173\117\032\121\231\166\204\173\227\154\325}{section.48}% 172
\BOOKMARK [2][]{subsection.48.3}{\376\377\0004\0008\000.\0003\000.\000\040\121\170\127\213\117\213\230\230\174\173\127\213}{section.48}% 173
\BOOKMARK [2][]{subsection.48.4}{\376\377\0004\0008\000.\0004\000.\000\040\131\015\116\140\136\372\213\256}{section.48}% 174
\BOOKMARK [1][]{section.49}{\376\377\0004\0009\000.\000\040\121\163\225\056\215\357\137\204\173\227\154\325\213\346\211\343}{part.5}% 175
\BOOKMARK [2][]{subsection.49.1}{\376\377\0004\0009\000.\0001\000.\000\040\121\163\225\056\215\357\137\204\213\241\173\227\133\236\117\213}{section.49}% 176
\BOOKMARK [1][]{section.50}{\376\377\0005\0000\000.\000\040\116\140\230\230\116\016\211\343\173\124}{part.5}% 177
\BOOKMARK [2][]{subsection.50.1}{\376\377\0005\0000\000.\0001\000.\000\040\127\372\170\100\151\202\137\365\230\230}{section.50}% 178
\BOOKMARK [2][]{subsection.50.2}{\376\377\0005\0000\000.\0002\000.\000\040\173\227\154\325\136\224\165\050\230\230}{section.50}% 179
\BOOKMARK [2][]{subsection.50.3}{\376\377\0005\0000\000.\0003\000.\000\040\176\374\124\010\122\006\147\220\230\230}{section.50}% 180
\BOOKMARK [2][]{subsection.50.4}{\376\377\0005\0000\000.\0004\000.\000\040\213\241\173\227\230\230\137\072\123\026\213\255\176\303}{section.50}% 181
\BOOKMARK [0][]{part.6}{\376\377\000P\000a\000r\000t\000\040\0006\000.\000\040\147\345\142\176\142\200\147\057}{}% 182
\BOOKMARK [1][]{section.51}{\376\377\0005\0001\000.\000\040\147\345\142\176\166\204\127\372\147\054\151\202\137\365}{part.6}% 183
\BOOKMARK [2][]{subsection.51.1}{\376\377\0005\0001\000.\0001\000.\000\040\127\372\147\054\147\057\213\355\116\016\133\232\116\111}{section.51}% 184
\BOOKMARK [2][]{subsection.51.2}{\376\377\0005\0001\000.\0002\000.\000\040\147\345\142\176\173\227\154\325\166\204\140\047\200\375\122\006\147\220}{section.51}% 185
\BOOKMARK [1][]{section.52}{\376\377\0005\0002\000.\000\040\176\277\140\047\210\150\166\204\147\345\142\176\142\200\147\057}{part.6}% 186
\BOOKMARK [2][]{subsection.52.1}{\376\377\0005\0002\000.\0001\000.\000\040\230\172\136\217\147\345\142\176}{section.52}% 187
\BOOKMARK [2][]{subsection.52.2}{\376\377\0005\0002\000.\0002\000.\000\040\142\230\123\112\147\345\142\176}{section.52}% 188
\BOOKMARK [1][]{section.53}{\376\377\0005\0003\000.\000\040\150\021\210\150\166\204\147\345\142\176\142\200\147\057}{part.6}% 189
\BOOKMARK [2][]{subsection.53.1}{\376\377\0005\0003\000.\0001\000.\000\040\116\214\123\311\143\222\136\217\150\021}{section.53}% 190
\BOOKMARK [2][]{subsection.53.2}{\376\377\0005\0003\000.\0002\000.\000\040\136\163\210\141\116\214\123\311\150\021\000\050\000A\000V\000L\150\021\000\051}{section.53}% 191
\BOOKMARK [2][]{subsection.53.3}{\376\377\0005\0003\000.\0003\000.\000\040\000B\150\021}{section.53}% 192
\BOOKMARK [1][]{section.54}{\376\377\0005\0004\000.\000\040\145\143\122\027\210\150\147\345\142\176\142\200\147\057}{part.6}% 193
\BOOKMARK [2][]{subsection.54.1}{\376\377\0005\0004\000.\0001\000.\000\040\145\143\122\027\210\150\166\204\127\372\147\054\151\202\137\365}{section.54}% 194
\BOOKMARK [2][]{subsection.54.2}{\376\377\0005\0004\000.\0002\000.\000\040\145\143\122\027\121\375\145\160\147\204\220\040}{section.54}% 195
\BOOKMARK [2][]{subsection.54.3}{\376\377\0005\0004\000.\0003\000.\000\040\131\004\164\006\121\262\172\201\166\204\145\271\154\325}{section.54}% 196
\BOOKMARK [1][]{section.55}{\376\377\0005\0005\000.\000\040\124\004\171\315\147\345\142\176\145\271\154\325\166\204\153\324\217\203}{part.6}% 197
\BOOKMARK [1][]{section.56}{\376\377\0005\0006\000.\000\040\121\170\127\213\117\213\230\230\122\006\147\220}{part.6}% 198
\BOOKMARK [1][]{section.57}{\376\377\0005\0007\000.\000\040\142\151\134\125\167\345\213\306}{part.6}% 199
\BOOKMARK [2][]{subsection.57.1}{\376\377\0005\0007\000.\0001\000.\000\040\122\006\127\127\147\345\142\176}{section.57}% 200
\BOOKMARK [2][]{subsection.57.2}{\376\377\0005\0007\000.\0002\000.\000\040\000B\000+\150\021}{section.57}% 201
\BOOKMARK [1][]{section.58}{\376\377\0005\0008\000.\000\040\131\015\116\140\211\201\160\271\140\073\176\323}{part.6}% 202
\BOOKMARK [2][]{subsection.58.1}{\376\377\0005\0008\000.\0001\000.\000\040\221\315\160\271\143\214\143\341\121\205\133\271}{section.58}% 203
\BOOKMARK [2][]{subsection.58.2}{\376\377\0005\0008\000.\0002\000.\000\040\136\070\211\301\200\003\213\325\230\230\127\213}{section.58}% 204
\BOOKMARK [2][]{subsection.58.3}{\376\377\0005\0008\000.\0003\000.\000\040\133\146\116\140\136\372\213\256}{section.58}% 205
\BOOKMARK [0][]{part.7}{\376\377\000P\000a\000r\000t\000\040\0007\000.\000\040\143\222\136\217\142\200\147\057}{}% 206
\BOOKMARK [1][]{section.59}{\376\377\0005\0009\000.\000\040\143\222\136\217\166\204\127\372\147\054\151\202\137\365}{part.7}% 207
\BOOKMARK [2][]{subsection.59.1}{\376\377\0005\0009\000.\0001\000.\000\040\143\222\136\217\166\204\133\232\116\111}{section.59}% 208
\BOOKMARK [2][]{subsection.59.2}{\376\377\0005\0009\000.\0002\000.\000\040\143\222\136\217\173\227\154\325\166\204\122\006\174\173}{section.59}% 209
\BOOKMARK [2][]{subsection.59.3}{\376\377\0005\0009\000.\0003\000.\000\040\143\222\136\217\173\227\154\325\166\204\140\047\200\375\143\007\150\007}{section.59}% 210
\BOOKMARK [1][]{section.60}{\376\377\0006\0000\000.\000\040\143\322\121\145\143\222\136\217}{part.7}% 211
\BOOKMARK [2][]{subsection.60.1}{\376\377\0006\0000\000.\0001\000.\000\040\166\364\143\245\143\322\121\145\143\222\136\217}{section.60}% 212
\BOOKMARK [2][]{subsection.60.2}{\376\377\0006\0000\000.\0002\000.\000\040\136\014\134\024\143\222\136\217}{section.60}% 213
\BOOKMARK [1][]{section.61}{\376\377\0006\0001\000.\000\040\116\244\143\142\143\222\136\217}{part.7}% 214
\BOOKMARK [2][]{subsection.61.1}{\376\377\0006\0001\000.\0001\000.\000\040\215\167\154\341\143\222\136\217}{section.61}% 215
\BOOKMARK [2][]{subsection.61.2}{\376\377\0006\0001\000.\0002\000.\000\040\137\353\220\037\143\222\136\217}{section.61}% 216
\BOOKMARK [1][]{section.62}{\376\377\0006\0002\000.\000\040\220\011\142\351\143\222\136\217}{part.7}% 217
\BOOKMARK [2][]{subsection.62.1}{\376\377\0006\0002\000.\0001\000.\000\040\173\200\123\125\220\011\142\351\143\222\136\217}{section.62}% 218
\BOOKMARK [2][]{subsection.62.2}{\376\377\0006\0002\000.\0002\000.\000\040\130\006\143\222\136\217}{section.62}% 219
\BOOKMARK [1][]{section.63}{\376\377\0006\0003\000.\000\040\137\122\136\166\143\222\136\217}{part.7}% 220
\BOOKMARK [1][]{section.64}{\376\377\0006\0004\000.\000\040\124\004\171\315\143\222\136\217\145\271\154\325\166\204\153\324\217\203}{part.7}% 221
\BOOKMARK [2][]{subsection.64.1}{\376\377\0006\0004\000.\0001\000.\000\040\145\366\225\364\131\015\147\102\136\246\153\324\217\203}{section.64}% 222
\BOOKMARK [2][]{subsection.64.2}{\376\377\0006\0004\000.\0002\000.\000\040\172\172\225\364\131\015\147\102\136\246\124\214\172\063\133\232\140\047\153\324\217\203}{section.64}% 223
\BOOKMARK [2][]{subsection.64.3}{\376\377\0006\0004\000.\0003\000.\000\040\143\222\136\217\145\271\154\325\166\204\220\011\142\351}{section.64}% 224
\BOOKMARK [1][]{section.65}{\376\377\0006\0005\000.\000\040\121\170\127\213\117\213\230\230\122\006\147\220}{part.7}% 225
\BOOKMARK [1][]{section.66}{\376\377\0006\0006\000.\000\040\131\015\116\140\211\201\160\271\140\073\176\323}{part.7}% 226
\BOOKMARK [2][]{subsection.66.1}{\376\377\0006\0006\000.\0001\000.\000\040\221\315\160\271\143\214\143\341\121\205\133\271}{section.66}% 227
\BOOKMARK [2][]{subsection.66.2}{\376\377\0006\0006\000.\0002\000.\000\040\136\070\211\301\200\003\213\325\230\230\127\213}{section.66}% 228
\BOOKMARK [2][]{subsection.66.3}{\376\377\0006\0006\000.\0003\000.\000\040\213\260\137\306\142\200\135\347}{section.66}% 229
\BOOKMARK [2][]{subsection.66.4}{\376\377\0006\0006\000.\0004\000.\000\040\133\146\116\140\136\372\213\256}{section.66}% 230
