\BOOKMARK [1][]{section.1}{\376\377\0001\000.\000\040\147\345\142\176\166\204\127\372\147\054\151\202\137\365}{}% 1
\BOOKMARK [2][]{subsection.1.1}{\376\377\0001\000.\0001\000.\000\040\127\372\147\054\147\057\213\355\116\016\133\232\116\111}{section.1}% 2
\BOOKMARK [2][]{subsection.1.2}{\376\377\0001\000.\0002\000.\000\040\147\345\142\176\173\227\154\325\166\204\140\047\200\375\122\006\147\220}{section.1}% 3
\BOOKMARK [1][]{section.2}{\376\377\0002\000.\000\040\176\277\140\047\210\150\166\204\147\345\142\176\142\200\147\057}{}% 4
\BOOKMARK [2][]{subsection.2.1}{\376\377\0002\000.\0001\000.\000\040\230\172\136\217\147\345\142\176}{section.2}% 5
\BOOKMARK [2][]{subsection.2.2}{\376\377\0002\000.\0002\000.\000\040\142\230\123\112\147\345\142\176}{section.2}% 6
\BOOKMARK [1][]{section.3}{\376\377\0003\000.\000\040\150\021\210\150\166\204\147\345\142\176\142\200\147\057}{}% 7
\BOOKMARK [2][]{subsection.3.1}{\376\377\0003\000.\0001\000.\000\040\116\214\123\311\143\222\136\217\150\021}{section.3}% 8
\BOOKMARK [2][]{subsection.3.2}{\376\377\0003\000.\0002\000.\000\040\136\163\210\141\116\214\123\311\150\021\000\050\000A\000V\000L\150\021\000\051}{section.3}% 9
\BOOKMARK [2][]{subsection.3.3}{\376\377\0003\000.\0003\000.\000\040\000B\150\021}{section.3}% 10
\BOOKMARK [1][]{section.4}{\376\377\0004\000.\000\040\145\143\122\027\210\150\147\345\142\176\142\200\147\057}{}% 11
\BOOKMARK [2][]{subsection.4.1}{\376\377\0004\000.\0001\000.\000\040\145\143\122\027\210\150\166\204\127\372\147\054\151\202\137\365}{section.4}% 12
\BOOKMARK [2][]{subsection.4.2}{\376\377\0004\000.\0002\000.\000\040\145\143\122\027\121\375\145\160\147\204\220\040}{section.4}% 13
\BOOKMARK [2][]{subsection.4.3}{\376\377\0004\000.\0003\000.\000\040\131\004\164\006\121\262\172\201\166\204\145\271\154\325}{section.4}% 14
\BOOKMARK [1][]{section.5}{\376\377\0005\000.\000\040\124\004\171\315\147\345\142\176\145\271\154\325\166\204\153\324\217\203}{}% 15
\BOOKMARK [1][]{section.6}{\376\377\0006\000.\000\040\121\170\127\213\117\213\230\230\122\006\147\220}{}% 16
\BOOKMARK [1][]{section.7}{\376\377\0007\000.\000\040\142\151\134\125\167\345\213\306}{}% 17
\BOOKMARK [2][]{subsection.7.1}{\376\377\0007\000.\0001\000.\000\040\122\006\127\127\147\345\142\176}{section.7}% 18
\BOOKMARK [2][]{subsection.7.2}{\376\377\0007\000.\0002\000.\000\040\000B\000+\150\021}{section.7}% 19
\BOOKMARK [1][]{section.8}{\376\377\0008\000.\000\040\131\015\116\140\211\201\160\271\140\073\176\323}{}% 20
\BOOKMARK [2][]{subsection.8.1}{\376\377\0008\000.\0001\000.\000\040\221\315\160\271\143\214\143\341\121\205\133\271}{section.8}% 21
\BOOKMARK [2][]{subsection.8.2}{\376\377\0008\000.\0002\000.\000\040\136\070\211\301\200\003\213\325\230\230\127\213}{section.8}% 22
\BOOKMARK [2][]{subsection.8.3}{\376\377\0008\000.\0003\000.\000\040\133\146\116\140\136\372\213\256}{section.8}% 23
